[2022-11-04 09:44:52,360] {taskinstance.py:1159} INFO - Dependencies all met for <TaskInstance: parallel_dag.transform scheduled__2022-11-03T00:00:00+00:00 [queued]>
[2022-11-04 09:44:52,371] {taskinstance.py:1159} INFO - Dependencies all met for <TaskInstance: parallel_dag.transform scheduled__2022-11-03T00:00:00+00:00 [queued]>
[2022-11-04 09:44:52,372] {taskinstance.py:1356} INFO - 
--------------------------------------------------------------------------------
[2022-11-04 09:44:52,373] {taskinstance.py:1357} INFO - Starting attempt 1 of 1
[2022-11-04 09:44:52,374] {taskinstance.py:1358} INFO - 
--------------------------------------------------------------------------------
[2022-11-04 09:44:52,385] {taskinstance.py:1377} INFO - Executing <Task(BashOperator): transform> on 2022-11-03 00:00:00+00:00
[2022-11-04 09:44:52,389] {standard_task_runner.py:52} INFO - Started process 181 to run task
[2022-11-04 09:44:52,400] {standard_task_runner.py:79} INFO - Running: ['***', 'tasks', 'run', 'parallel_dag', 'transform', 'scheduled__2022-11-03T00:00:00+00:00', '--job-id', '31', '--raw', '--subdir', 'DAGS_FOLDER/parallel_dag.py', '--cfg-path', '/tmp/tmp7e8619v4', '--error-file', '/tmp/tmpvrd_6i_m']
[2022-11-04 09:44:52,404] {standard_task_runner.py:80} INFO - Job 31: Subtask transform
[2022-11-04 09:44:52,466] {task_command.py:369} INFO - Running <TaskInstance: parallel_dag.transform scheduled__2022-11-03T00:00:00+00:00 [running]> on host 0f583a6e731e
[2022-11-04 09:44:52,544] {taskinstance.py:1571} INFO - Exporting the following env vars:
AIRFLOW_CTX_DAG_OWNER=***
AIRFLOW_CTX_DAG_ID=parallel_dag
AIRFLOW_CTX_TASK_ID=transform
AIRFLOW_CTX_EXECUTION_DATE=2022-11-03T00:00:00+00:00
AIRFLOW_CTX_TRY_NUMBER=1
AIRFLOW_CTX_DAG_RUN_ID=scheduled__2022-11-03T00:00:00+00:00
[2022-11-04 09:44:52,546] {subprocess.py:62} INFO - Tmp dir root location: 
 /tmp
[2022-11-04 09:44:52,548] {subprocess.py:74} INFO - Running command: ['bash', '-c', 'sleep 1']
[2022-11-04 09:44:52,563] {subprocess.py:85} INFO - Output:
[2022-11-04 09:44:53,566] {subprocess.py:96} INFO - Command exited with return code 0
[2022-11-04 09:44:53,627] {taskinstance.py:1400} INFO - Marking task as SUCCESS. dag_id=parallel_dag, task_id=transform, execution_date=20221103T000000, start_date=20221104T094452, end_date=20221104T094453
[2022-11-04 09:44:53,712] {local_task_job.py:156} INFO - Task exited with return code 0
[2022-11-04 09:44:53,751] {local_task_job.py:273} INFO - 0 downstream tasks scheduled from follow-on schedule check
