[2022-11-04 09:44:54,125] {taskinstance.py:1159} INFO - Dependencies all met for <TaskInstance: parallel_dag.transform manual__2022-11-04T09:44:45.642605+00:00 [queued]>
[2022-11-04 09:44:54,134] {taskinstance.py:1159} INFO - Dependencies all met for <TaskInstance: parallel_dag.transform manual__2022-11-04T09:44:45.642605+00:00 [queued]>
[2022-11-04 09:44:54,135] {taskinstance.py:1356} INFO - 
--------------------------------------------------------------------------------
[2022-11-04 09:44:54,136] {taskinstance.py:1357} INFO - Starting attempt 1 of 1
[2022-11-04 09:44:54,137] {taskinstance.py:1358} INFO - 
--------------------------------------------------------------------------------
[2022-11-04 09:44:54,149] {taskinstance.py:1377} INFO - Executing <Task(BashOperator): transform> on 2022-11-04 09:44:45.642605+00:00
[2022-11-04 09:44:54,153] {standard_task_runner.py:52} INFO - Started process 196 to run task
[2022-11-04 09:44:54,156] {standard_task_runner.py:79} INFO - Running: ['***', 'tasks', 'run', 'parallel_dag', 'transform', 'manual__2022-11-04T09:44:45.642605+00:00', '--job-id', '33', '--raw', '--subdir', 'DAGS_FOLDER/parallel_dag.py', '--cfg-path', '/tmp/tmp_je3y69h', '--error-file', '/tmp/tmpulgkhj02']
[2022-11-04 09:44:54,158] {standard_task_runner.py:80} INFO - Job 33: Subtask transform
[2022-11-04 09:44:54,202] {task_command.py:369} INFO - Running <TaskInstance: parallel_dag.transform manual__2022-11-04T09:44:45.642605+00:00 [running]> on host 0f583a6e731e
[2022-11-04 09:44:54,252] {taskinstance.py:1571} INFO - Exporting the following env vars:
AIRFLOW_CTX_DAG_OWNER=***
AIRFLOW_CTX_DAG_ID=parallel_dag
AIRFLOW_CTX_TASK_ID=transform
AIRFLOW_CTX_EXECUTION_DATE=2022-11-04T09:44:45.642605+00:00
AIRFLOW_CTX_TRY_NUMBER=1
AIRFLOW_CTX_DAG_RUN_ID=manual__2022-11-04T09:44:45.642605+00:00
[2022-11-04 09:44:54,255] {subprocess.py:62} INFO - Tmp dir root location: 
 /tmp
[2022-11-04 09:44:54,256] {subprocess.py:74} INFO - Running command: ['bash', '-c', 'sleep 1']
[2022-11-04 09:44:54,270] {subprocess.py:85} INFO - Output:
[2022-11-04 09:44:55,276] {subprocess.py:96} INFO - Command exited with return code 0
[2022-11-04 09:44:55,332] {taskinstance.py:1400} INFO - Marking task as SUCCESS. dag_id=parallel_dag, task_id=transform, execution_date=20221104T094445, start_date=20221104T094454, end_date=20221104T094455
[2022-11-04 09:44:55,446] {local_task_job.py:156} INFO - Task exited with return code 0
[2022-11-04 09:44:55,620] {local_task_job.py:273} INFO - 0 downstream tasks scheduled from follow-on schedule check
