[2022-11-06 04:34:32,880] {processor.py:153} INFO - Started process (PID=353) to work on /opt/airflow/dags/elastic_dag.py
[2022-11-06 04:34:32,882] {processor.py:641} INFO - Processing file /opt/airflow/dags/elastic_dag.py for tasks to queue
[2022-11-06 04:34:32,889] {logging_mixin.py:115} INFO - [2022-11-06 04:34:32,889] {dagbag.py:507} INFO - Filling up the DagBag from /opt/airflow/dags/elastic_dag.py
[2022-11-06 04:34:32,932] {processor.py:651} INFO - DAG(s) dict_keys(['elastic_dag']) retrieved from /opt/airflow/dags/elastic_dag.py
[2022-11-06 04:34:33,136] {logging_mixin.py:115} INFO - [2022-11-06 04:34:33,136] {manager.py:508} INFO - Created Permission View: can read on DAG:elastic_dag
[2022-11-06 04:34:33,156] {logging_mixin.py:115} INFO - [2022-11-06 04:34:33,156] {manager.py:508} INFO - Created Permission View: can edit on DAG:elastic_dag
[2022-11-06 04:34:33,175] {logging_mixin.py:115} INFO - [2022-11-06 04:34:33,174] {manager.py:508} INFO - Created Permission View: can delete on DAG:elastic_dag
[2022-11-06 04:34:33,179] {logging_mixin.py:115} INFO - [2022-11-06 04:34:33,179] {dag.py:2371} INFO - Sync 1 DAGs
[2022-11-06 04:34:33,201] {logging_mixin.py:115} INFO - [2022-11-06 04:34:33,201] {dag.py:2390} INFO - Creating ORM DAG for elastic_dag
[2022-11-06 04:34:33,288] {logging_mixin.py:115} INFO - [2022-11-06 04:34:33,288] {dag.py:2919} INFO - Setting next_dagrun for elastic_dag to 2022-11-05T00:00:00+00:00, run_after=2022-11-06T00:00:00+00:00
[2022-11-06 04:34:33,646] {processor.py:161} INFO - Processing /opt/airflow/dags/elastic_dag.py took 0.773 seconds
[2022-11-06 04:34:51,636] {processor.py:153} INFO - Started process (PID=367) to work on /opt/airflow/dags/elastic_dag.py
[2022-11-06 04:34:51,640] {processor.py:641} INFO - Processing file /opt/airflow/dags/elastic_dag.py for tasks to queue
[2022-11-06 04:34:51,644] {logging_mixin.py:115} INFO - [2022-11-06 04:34:51,644] {dagbag.py:507} INFO - Filling up the DagBag from /opt/airflow/dags/elastic_dag.py
[2022-11-06 04:34:53,119] {logging_mixin.py:115} INFO - [2022-11-06 04:34:53,113] {dagbag.py:320} ERROR - Failed to import: /opt/airflow/dags/elastic_dag.py
Traceback (most recent call last):
  File "/home/airflow/.local/lib/python3.7/site-packages/airflow/models/dagbag.py", line 317, in parse
    loader.exec_module(new_module)
  File "<frozen importlib._bootstrap_external>", line 728, in exec_module
  File "<frozen importlib._bootstrap>", line 219, in _call_with_frames_removed
  File "/opt/airflow/dags/elastic_dag.py", line 3, in <module>
    from hooks.elastic.elastic_hook import ElasticH
ImportError: cannot import name 'ElasticH' from 'hooks.elastic.elastic_hook' (/opt/airflow/plugins/hooks/elastic/elastic_hook.py)
[2022-11-06 04:34:53,121] {processor.py:653} WARNING - No viable dags retrieved from /opt/airflow/dags/elastic_dag.py
[2022-11-06 04:34:53,150] {processor.py:161} INFO - Processing /opt/airflow/dags/elastic_dag.py took 1.522 seconds
[2022-11-06 04:35:17,557] {processor.py:153} INFO - Started process (PID=395) to work on /opt/airflow/dags/elastic_dag.py
[2022-11-06 04:35:17,561] {processor.py:641} INFO - Processing file /opt/airflow/dags/elastic_dag.py for tasks to queue
[2022-11-06 04:35:17,564] {logging_mixin.py:115} INFO - [2022-11-06 04:35:17,564] {dagbag.py:507} INFO - Filling up the DagBag from /opt/airflow/dags/elastic_dag.py
[2022-11-06 04:35:18,438] {processor.py:651} INFO - DAG(s) dict_keys(['elastic_dag']) retrieved from /opt/airflow/dags/elastic_dag.py
[2022-11-06 04:35:18,556] {logging_mixin.py:115} INFO - [2022-11-06 04:35:18,556] {dag.py:2371} INFO - Sync 1 DAGs
[2022-11-06 04:35:18,595] {logging_mixin.py:115} INFO - [2022-11-06 04:35:18,595] {dag.py:2919} INFO - Setting next_dagrun for elastic_dag to 2022-11-05T00:00:00+00:00, run_after=2022-11-06T00:00:00+00:00
[2022-11-06 04:35:18,616] {processor.py:161} INFO - Processing /opt/airflow/dags/elastic_dag.py took 1.066 seconds
[2022-11-06 04:35:50,621] {processor.py:153} INFO - Started process (PID=430) to work on /opt/airflow/dags/elastic_dag.py
[2022-11-06 04:35:50,630] {processor.py:641} INFO - Processing file /opt/airflow/dags/elastic_dag.py for tasks to queue
[2022-11-06 04:35:50,643] {logging_mixin.py:115} INFO - [2022-11-06 04:35:50,643] {dagbag.py:507} INFO - Filling up the DagBag from /opt/airflow/dags/elastic_dag.py
[2022-11-06 04:35:54,932] {processor.py:651} INFO - DAG(s) dict_keys(['elastic_dag']) retrieved from /opt/airflow/dags/elastic_dag.py
[2022-11-06 04:35:55,070] {logging_mixin.py:115} INFO - [2022-11-06 04:35:55,068] {dag.py:2371} INFO - Sync 1 DAGs
[2022-11-06 04:35:55,124] {logging_mixin.py:115} INFO - [2022-11-06 04:35:55,123] {dag.py:2919} INFO - Setting next_dagrun for elastic_dag to 2022-11-05T00:00:00+00:00, run_after=2022-11-06T00:00:00+00:00
[2022-11-06 04:35:55,198] {processor.py:161} INFO - Processing /opt/airflow/dags/elastic_dag.py took 4.631 seconds
[2022-11-06 04:35:57,189] {processor.py:153} INFO - Started process (PID=434) to work on /opt/airflow/dags/elastic_dag.py
[2022-11-06 04:35:57,192] {processor.py:641} INFO - Processing file /opt/airflow/dags/elastic_dag.py for tasks to queue
[2022-11-06 04:35:57,195] {logging_mixin.py:115} INFO - [2022-11-06 04:35:57,195] {dagbag.py:507} INFO - Filling up the DagBag from /opt/airflow/dags/elastic_dag.py
[2022-11-06 04:35:58,466] {processor.py:651} INFO - DAG(s) dict_keys(['elastic_dag']) retrieved from /opt/airflow/dags/elastic_dag.py
[2022-11-06 04:35:58,703] {logging_mixin.py:115} INFO - [2022-11-06 04:35:58,702] {dag.py:2371} INFO - Sync 1 DAGs
[2022-11-06 04:35:58,724] {logging_mixin.py:115} INFO - [2022-11-06 04:35:58,724] {dag.py:2919} INFO - Setting next_dagrun for elastic_dag to 2022-11-05T00:00:00+00:00, run_after=2022-11-06T00:00:00+00:00
[2022-11-06 04:35:58,762] {processor.py:161} INFO - Processing /opt/airflow/dags/elastic_dag.py took 1.580 seconds
[2022-11-06 04:36:29,365] {processor.py:153} INFO - Started process (PID=471) to work on /opt/airflow/dags/elastic_dag.py
[2022-11-06 04:36:29,367] {processor.py:641} INFO - Processing file /opt/airflow/dags/elastic_dag.py for tasks to queue
[2022-11-06 04:36:29,370] {logging_mixin.py:115} INFO - [2022-11-06 04:36:29,370] {dagbag.py:507} INFO - Filling up the DagBag from /opt/airflow/dags/elastic_dag.py
[2022-11-06 04:36:29,763] {processor.py:651} INFO - DAG(s) dict_keys(['elastic_dag']) retrieved from /opt/airflow/dags/elastic_dag.py
[2022-11-06 04:36:29,782] {logging_mixin.py:115} INFO - [2022-11-06 04:36:29,782] {dag.py:2371} INFO - Sync 1 DAGs
[2022-11-06 04:36:29,796] {logging_mixin.py:115} INFO - [2022-11-06 04:36:29,796] {dag.py:2919} INFO - Setting next_dagrun for elastic_dag to 2022-11-05T00:00:00+00:00, run_after=2022-11-06T00:00:00+00:00
[2022-11-06 04:36:29,806] {processor.py:161} INFO - Processing /opt/airflow/dags/elastic_dag.py took 0.445 seconds
[2022-11-06 04:36:57,558] {processor.py:153} INFO - Started process (PID=496) to work on /opt/airflow/dags/elastic_dag.py
[2022-11-06 04:36:57,564] {processor.py:641} INFO - Processing file /opt/airflow/dags/elastic_dag.py for tasks to queue
[2022-11-06 04:36:57,566] {logging_mixin.py:115} INFO - [2022-11-06 04:36:57,566] {dagbag.py:507} INFO - Filling up the DagBag from /opt/airflow/dags/elastic_dag.py
[2022-11-06 04:36:57,590] {logging_mixin.py:115} INFO - [2022-11-06 04:36:57,586] {dagbag.py:320} ERROR - Failed to import: /opt/airflow/dags/elastic_dag.py
Traceback (most recent call last):
  File "/home/airflow/.local/lib/python3.7/site-packages/airflow/models/dagbag.py", line 317, in parse
    loader.exec_module(new_module)
  File "<frozen importlib._bootstrap_external>", line 724, in exec_module
  File "<frozen importlib._bootstrap_external>", line 860, in get_code
  File "<frozen importlib._bootstrap_external>", line 791, in source_to_code
  File "<frozen importlib._bootstrap>", line 219, in _call_with_frames_removed
  File "/opt/airflow/dags/elastic_dag.py", line 23
    ``
    ^
SyntaxError: invalid syntax
[2022-11-06 04:36:57,599] {processor.py:653} WARNING - No viable dags retrieved from /opt/airflow/dags/elastic_dag.py
[2022-11-06 04:36:57,673] {processor.py:161} INFO - Processing /opt/airflow/dags/elastic_dag.py took 0.123 seconds
[2022-11-06 04:37:24,072] {processor.py:153} INFO - Started process (PID=522) to work on /opt/airflow/dags/elastic_dag.py
[2022-11-06 04:37:24,077] {processor.py:641} INFO - Processing file /opt/airflow/dags/elastic_dag.py for tasks to queue
[2022-11-06 04:37:24,080] {logging_mixin.py:115} INFO - [2022-11-06 04:37:24,080] {dagbag.py:507} INFO - Filling up the DagBag from /opt/airflow/dags/elastic_dag.py
[2022-11-06 04:37:25,205] {processor.py:651} INFO - DAG(s) dict_keys(['elastic_dag']) retrieved from /opt/airflow/dags/elastic_dag.py
[2022-11-06 04:37:25,232] {logging_mixin.py:115} INFO - [2022-11-06 04:37:25,231] {dag.py:2371} INFO - Sync 1 DAGs
[2022-11-06 04:37:25,246] {logging_mixin.py:115} INFO - [2022-11-06 04:37:25,246] {dag.py:2919} INFO - Setting next_dagrun for elastic_dag to 2022-11-05T00:00:00+00:00, run_after=2022-11-06T00:00:00+00:00
[2022-11-06 04:37:25,264] {processor.py:161} INFO - Processing /opt/airflow/dags/elastic_dag.py took 1.196 seconds
[2022-11-06 04:37:56,144] {processor.py:153} INFO - Started process (PID=558) to work on /opt/airflow/dags/elastic_dag.py
[2022-11-06 04:37:56,148] {processor.py:641} INFO - Processing file /opt/airflow/dags/elastic_dag.py for tasks to queue
[2022-11-06 04:37:56,153] {logging_mixin.py:115} INFO - [2022-11-06 04:37:56,153] {dagbag.py:507} INFO - Filling up the DagBag from /opt/airflow/dags/elastic_dag.py
[2022-11-06 04:37:57,833] {processor.py:651} INFO - DAG(s) dict_keys(['elastic_dag']) retrieved from /opt/airflow/dags/elastic_dag.py
[2022-11-06 04:37:57,874] {logging_mixin.py:115} INFO - [2022-11-06 04:37:57,873] {dag.py:2371} INFO - Sync 1 DAGs
[2022-11-06 04:37:57,910] {logging_mixin.py:115} INFO - [2022-11-06 04:37:57,910] {dag.py:2919} INFO - Setting next_dagrun for elastic_dag to 2022-11-05T00:00:00+00:00, run_after=2022-11-06T00:00:00+00:00
[2022-11-06 04:37:57,947] {processor.py:161} INFO - Processing /opt/airflow/dags/elastic_dag.py took 1.810 seconds
[2022-11-06 04:38:28,759] {processor.py:153} INFO - Started process (PID=584) to work on /opt/airflow/dags/elastic_dag.py
[2022-11-06 04:38:28,778] {processor.py:641} INFO - Processing file /opt/airflow/dags/elastic_dag.py for tasks to queue
[2022-11-06 04:38:28,786] {logging_mixin.py:115} INFO - [2022-11-06 04:38:28,785] {dagbag.py:507} INFO - Filling up the DagBag from /opt/airflow/dags/elastic_dag.py
[2022-11-06 04:40:04,704] {processor.py:153} INFO - Started process (PID=43) to work on /opt/airflow/dags/elastic_dag.py
[2022-11-06 04:40:04,708] {processor.py:641} INFO - Processing file /opt/airflow/dags/elastic_dag.py for tasks to queue
[2022-11-06 04:40:04,720] {logging_mixin.py:115} INFO - [2022-11-06 04:40:04,720] {dagbag.py:507} INFO - Filling up the DagBag from /opt/airflow/dags/elastic_dag.py
[2022-11-06 04:40:07,017] {processor.py:651} INFO - DAG(s) dict_keys(['elastic_dag']) retrieved from /opt/airflow/dags/elastic_dag.py
[2022-11-06 04:40:07,148] {logging_mixin.py:115} INFO - [2022-11-06 04:40:07,116] {dag.py:2371} INFO - Sync 1 DAGs
[2022-11-06 04:40:07,328] {logging_mixin.py:115} INFO - [2022-11-06 04:40:07,328] {dag.py:2919} INFO - Setting next_dagrun for elastic_dag to 2022-11-05T00:00:00+00:00, run_after=2022-11-06T00:00:00+00:00
[2022-11-06 04:40:07,423] {processor.py:161} INFO - Processing /opt/airflow/dags/elastic_dag.py took 2.723 seconds
[2022-11-06 04:40:37,758] {processor.py:153} INFO - Started process (PID=74) to work on /opt/airflow/dags/elastic_dag.py
[2022-11-06 04:40:37,764] {processor.py:641} INFO - Processing file /opt/airflow/dags/elastic_dag.py for tasks to queue
[2022-11-06 04:40:37,770] {logging_mixin.py:115} INFO - [2022-11-06 04:40:37,770] {dagbag.py:507} INFO - Filling up the DagBag from /opt/airflow/dags/elastic_dag.py
[2022-11-06 04:40:38,680] {processor.py:651} INFO - DAG(s) dict_keys(['elastic_dag']) retrieved from /opt/airflow/dags/elastic_dag.py
[2022-11-06 04:40:38,812] {logging_mixin.py:115} INFO - [2022-11-06 04:40:38,811] {dag.py:2371} INFO - Sync 1 DAGs
[2022-11-06 04:40:38,838] {logging_mixin.py:115} INFO - [2022-11-06 04:40:38,838] {dag.py:2919} INFO - Setting next_dagrun for elastic_dag to 2022-11-05T00:00:00+00:00, run_after=2022-11-06T00:00:00+00:00
[2022-11-06 04:40:38,898] {processor.py:161} INFO - Processing /opt/airflow/dags/elastic_dag.py took 1.147 seconds
[2022-11-06 04:41:09,241] {processor.py:153} INFO - Started process (PID=102) to work on /opt/airflow/dags/elastic_dag.py
[2022-11-06 04:41:09,245] {processor.py:641} INFO - Processing file /opt/airflow/dags/elastic_dag.py for tasks to queue
[2022-11-06 04:41:09,253] {logging_mixin.py:115} INFO - [2022-11-06 04:41:09,252] {dagbag.py:507} INFO - Filling up the DagBag from /opt/airflow/dags/elastic_dag.py
[2022-11-06 04:41:11,311] {processor.py:651} INFO - DAG(s) dict_keys(['elastic_dag']) retrieved from /opt/airflow/dags/elastic_dag.py
[2022-11-06 04:41:11,721] {logging_mixin.py:115} INFO - [2022-11-06 04:41:11,717] {dag.py:2371} INFO - Sync 1 DAGs
[2022-11-06 04:41:11,846] {logging_mixin.py:115} INFO - [2022-11-06 04:41:11,846] {dag.py:2919} INFO - Setting next_dagrun for elastic_dag to 2022-11-05T00:00:00+00:00, run_after=2022-11-06T00:00:00+00:00
[2022-11-06 04:41:11,874] {processor.py:161} INFO - Processing /opt/airflow/dags/elastic_dag.py took 2.639 seconds
[2022-11-06 04:41:45,123] {processor.py:153} INFO - Started process (PID=135) to work on /opt/airflow/dags/elastic_dag.py
[2022-11-06 04:41:45,131] {processor.py:641} INFO - Processing file /opt/airflow/dags/elastic_dag.py for tasks to queue
[2022-11-06 04:41:45,159] {logging_mixin.py:115} INFO - [2022-11-06 04:41:45,157] {dagbag.py:507} INFO - Filling up the DagBag from /opt/airflow/dags/elastic_dag.py
[2022-11-06 04:41:56,430] {processor.py:651} INFO - DAG(s) dict_keys(['elastic_dag']) retrieved from /opt/airflow/dags/elastic_dag.py
[2022-11-06 04:41:56,489] {logging_mixin.py:115} INFO - [2022-11-06 04:41:56,486] {dag.py:2371} INFO - Sync 1 DAGs
[2022-11-06 04:41:56,533] {logging_mixin.py:115} INFO - [2022-11-06 04:41:56,533] {dag.py:2919} INFO - Setting next_dagrun for elastic_dag to 2022-11-05T00:00:00+00:00, run_after=2022-11-06T00:00:00+00:00
[2022-11-06 04:41:56,553] {processor.py:161} INFO - Processing /opt/airflow/dags/elastic_dag.py took 11.516 seconds
[2022-11-06 04:42:26,968] {processor.py:153} INFO - Started process (PID=165) to work on /opt/airflow/dags/elastic_dag.py
[2022-11-06 04:42:26,971] {processor.py:641} INFO - Processing file /opt/airflow/dags/elastic_dag.py for tasks to queue
[2022-11-06 04:42:26,973] {logging_mixin.py:115} INFO - [2022-11-06 04:42:26,973] {dagbag.py:507} INFO - Filling up the DagBag from /opt/airflow/dags/elastic_dag.py
[2022-11-06 04:42:28,018] {processor.py:651} INFO - DAG(s) dict_keys(['elastic_dag']) retrieved from /opt/airflow/dags/elastic_dag.py
[2022-11-06 04:42:28,073] {logging_mixin.py:115} INFO - [2022-11-06 04:42:28,072] {dag.py:2371} INFO - Sync 1 DAGs
[2022-11-06 04:42:28,093] {logging_mixin.py:115} INFO - [2022-11-06 04:42:28,093] {dag.py:2919} INFO - Setting next_dagrun for elastic_dag to 2022-11-05T00:00:00+00:00, run_after=2022-11-06T00:00:00+00:00
[2022-11-06 04:42:28,108] {processor.py:161} INFO - Processing /opt/airflow/dags/elastic_dag.py took 1.146 seconds
[2022-11-06 04:42:59,041] {processor.py:153} INFO - Started process (PID=191) to work on /opt/airflow/dags/elastic_dag.py
[2022-11-06 04:42:59,044] {processor.py:641} INFO - Processing file /opt/airflow/dags/elastic_dag.py for tasks to queue
[2022-11-06 04:42:59,060] {logging_mixin.py:115} INFO - [2022-11-06 04:42:59,060] {dagbag.py:507} INFO - Filling up the DagBag from /opt/airflow/dags/elastic_dag.py
[2022-11-06 04:43:01,096] {processor.py:651} INFO - DAG(s) dict_keys(['elastic_dag']) retrieved from /opt/airflow/dags/elastic_dag.py
[2022-11-06 04:43:01,210] {logging_mixin.py:115} INFO - [2022-11-06 04:43:01,204] {dag.py:2371} INFO - Sync 1 DAGs
[2022-11-06 04:43:01,260] {logging_mixin.py:115} INFO - [2022-11-06 04:43:01,260] {dag.py:2919} INFO - Setting next_dagrun for elastic_dag to 2022-11-05T00:00:00+00:00, run_after=2022-11-06T00:00:00+00:00
[2022-11-06 04:43:01,346] {processor.py:161} INFO - Processing /opt/airflow/dags/elastic_dag.py took 2.311 seconds
[2022-11-06 04:43:32,905] {processor.py:153} INFO - Started process (PID=226) to work on /opt/airflow/dags/elastic_dag.py
[2022-11-06 04:43:32,917] {processor.py:641} INFO - Processing file /opt/airflow/dags/elastic_dag.py for tasks to queue
[2022-11-06 04:43:32,931] {logging_mixin.py:115} INFO - [2022-11-06 04:43:32,930] {dagbag.py:507} INFO - Filling up the DagBag from /opt/airflow/dags/elastic_dag.py
[2022-11-06 04:43:35,384] {processor.py:651} INFO - DAG(s) dict_keys(['elastic_dag']) retrieved from /opt/airflow/dags/elastic_dag.py
[2022-11-06 04:43:35,417] {logging_mixin.py:115} INFO - [2022-11-06 04:43:35,417] {dag.py:2371} INFO - Sync 1 DAGs
[2022-11-06 04:43:35,440] {logging_mixin.py:115} INFO - [2022-11-06 04:43:35,440] {dag.py:2919} INFO - Setting next_dagrun for elastic_dag to 2022-11-05T00:00:00+00:00, run_after=2022-11-06T00:00:00+00:00
[2022-11-06 04:43:35,485] {processor.py:161} INFO - Processing /opt/airflow/dags/elastic_dag.py took 2.593 seconds
[2022-11-06 04:44:06,635] {processor.py:153} INFO - Started process (PID=252) to work on /opt/airflow/dags/elastic_dag.py
[2022-11-06 04:44:06,644] {processor.py:641} INFO - Processing file /opt/airflow/dags/elastic_dag.py for tasks to queue
[2022-11-06 04:44:06,648] {logging_mixin.py:115} INFO - [2022-11-06 04:44:06,648] {dagbag.py:507} INFO - Filling up the DagBag from /opt/airflow/dags/elastic_dag.py
[2022-11-06 04:44:08,657] {processor.py:651} INFO - DAG(s) dict_keys(['elastic_dag']) retrieved from /opt/airflow/dags/elastic_dag.py
[2022-11-06 04:44:09,019] {logging_mixin.py:115} INFO - [2022-11-06 04:44:09,018] {dag.py:2371} INFO - Sync 1 DAGs
[2022-11-06 04:44:09,099] {logging_mixin.py:115} INFO - [2022-11-06 04:44:09,099] {dag.py:2919} INFO - Setting next_dagrun for elastic_dag to 2022-11-05T00:00:00+00:00, run_after=2022-11-06T00:00:00+00:00
[2022-11-06 04:44:09,209] {processor.py:161} INFO - Processing /opt/airflow/dags/elastic_dag.py took 2.584 seconds
[2022-11-06 04:44:39,679] {processor.py:153} INFO - Started process (PID=288) to work on /opt/airflow/dags/elastic_dag.py
[2022-11-06 04:44:39,683] {processor.py:641} INFO - Processing file /opt/airflow/dags/elastic_dag.py for tasks to queue
[2022-11-06 04:44:39,687] {logging_mixin.py:115} INFO - [2022-11-06 04:44:39,687] {dagbag.py:507} INFO - Filling up the DagBag from /opt/airflow/dags/elastic_dag.py
[2022-11-06 04:44:42,291] {processor.py:651} INFO - DAG(s) dict_keys(['elastic_dag']) retrieved from /opt/airflow/dags/elastic_dag.py
[2022-11-06 04:44:42,483] {logging_mixin.py:115} INFO - [2022-11-06 04:44:42,479] {dag.py:2371} INFO - Sync 1 DAGs
[2022-11-06 04:44:43,607] {logging_mixin.py:115} INFO - [2022-11-06 04:44:43,606] {dag.py:2919} INFO - Setting next_dagrun for elastic_dag to 2022-11-05T00:00:00+00:00, run_after=2022-11-06T00:00:00+00:00
[2022-11-06 04:44:43,734] {processor.py:161} INFO - Processing /opt/airflow/dags/elastic_dag.py took 4.085 seconds
[2022-11-06 04:45:15,937] {processor.py:153} INFO - Started process (PID=313) to work on /opt/airflow/dags/elastic_dag.py
[2022-11-06 04:45:15,943] {processor.py:641} INFO - Processing file /opt/airflow/dags/elastic_dag.py for tasks to queue
[2022-11-06 04:45:15,949] {logging_mixin.py:115} INFO - [2022-11-06 04:45:15,948] {dagbag.py:507} INFO - Filling up the DagBag from /opt/airflow/dags/elastic_dag.py
[2022-11-06 04:45:18,412] {processor.py:651} INFO - DAG(s) dict_keys(['elastic_dag']) retrieved from /opt/airflow/dags/elastic_dag.py
[2022-11-06 04:45:18,457] {logging_mixin.py:115} INFO - [2022-11-06 04:45:18,455] {dag.py:2371} INFO - Sync 1 DAGs
[2022-11-06 04:45:18,485] {logging_mixin.py:115} INFO - [2022-11-06 04:45:18,485] {dag.py:2919} INFO - Setting next_dagrun for elastic_dag to 2022-11-05T00:00:00+00:00, run_after=2022-11-06T00:00:00+00:00
[2022-11-06 04:45:18,520] {processor.py:161} INFO - Processing /opt/airflow/dags/elastic_dag.py took 2.602 seconds
[2022-11-06 04:45:51,054] {processor.py:153} INFO - Started process (PID=340) to work on /opt/airflow/dags/elastic_dag.py
[2022-11-06 04:45:51,111] {processor.py:641} INFO - Processing file /opt/airflow/dags/elastic_dag.py for tasks to queue
[2022-11-06 04:45:51,204] {logging_mixin.py:115} INFO - [2022-11-06 04:45:51,204] {dagbag.py:507} INFO - Filling up the DagBag from /opt/airflow/dags/elastic_dag.py
[2022-11-06 04:46:01,051] {processor.py:651} INFO - DAG(s) dict_keys(['elastic_dag']) retrieved from /opt/airflow/dags/elastic_dag.py
[2022-11-06 04:46:01,135] {logging_mixin.py:115} INFO - [2022-11-06 04:46:01,130] {dag.py:2371} INFO - Sync 1 DAGs
[2022-11-06 04:46:01,202] {logging_mixin.py:115} INFO - [2022-11-06 04:46:01,201] {dag.py:2919} INFO - Setting next_dagrun for elastic_dag to 2022-11-05T00:00:00+00:00, run_after=2022-11-06T00:00:00+00:00
[2022-11-06 04:46:01,260] {processor.py:161} INFO - Processing /opt/airflow/dags/elastic_dag.py took 10.491 seconds
[2022-11-06 04:46:32,135] {processor.py:153} INFO - Started process (PID=377) to work on /opt/airflow/dags/elastic_dag.py
[2022-11-06 04:46:32,141] {processor.py:641} INFO - Processing file /opt/airflow/dags/elastic_dag.py for tasks to queue
[2022-11-06 04:46:32,148] {logging_mixin.py:115} INFO - [2022-11-06 04:46:32,148] {dagbag.py:507} INFO - Filling up the DagBag from /opt/airflow/dags/elastic_dag.py
[2022-11-06 04:46:33,282] {processor.py:651} INFO - DAG(s) dict_keys(['elastic_dag']) retrieved from /opt/airflow/dags/elastic_dag.py
[2022-11-06 04:46:33,362] {logging_mixin.py:115} INFO - [2022-11-06 04:46:33,361] {dag.py:2371} INFO - Sync 1 DAGs
[2022-11-06 04:46:33,400] {logging_mixin.py:115} INFO - [2022-11-06 04:46:33,399] {dag.py:2919} INFO - Setting next_dagrun for elastic_dag to 2022-11-05T00:00:00+00:00, run_after=2022-11-06T00:00:00+00:00
[2022-11-06 04:46:33,438] {processor.py:161} INFO - Processing /opt/airflow/dags/elastic_dag.py took 1.329 seconds
[2022-11-06 04:47:03,734] {processor.py:153} INFO - Started process (PID=413) to work on /opt/airflow/dags/elastic_dag.py
[2022-11-06 04:47:03,739] {processor.py:641} INFO - Processing file /opt/airflow/dags/elastic_dag.py for tasks to queue
[2022-11-06 04:47:03,742] {logging_mixin.py:115} INFO - [2022-11-06 04:47:03,742] {dagbag.py:507} INFO - Filling up the DagBag from /opt/airflow/dags/elastic_dag.py
[2022-11-06 04:47:04,396] {processor.py:651} INFO - DAG(s) dict_keys(['elastic_dag']) retrieved from /opt/airflow/dags/elastic_dag.py
[2022-11-06 04:47:04,443] {logging_mixin.py:115} INFO - [2022-11-06 04:47:04,442] {dag.py:2371} INFO - Sync 1 DAGs
[2022-11-06 04:47:04,464] {logging_mixin.py:115} INFO - [2022-11-06 04:47:04,464] {dag.py:2919} INFO - Setting next_dagrun for elastic_dag to 2022-11-05T00:00:00+00:00, run_after=2022-11-06T00:00:00+00:00
[2022-11-06 04:47:04,477] {processor.py:161} INFO - Processing /opt/airflow/dags/elastic_dag.py took 0.753 seconds
[2022-11-06 04:47:35,452] {processor.py:153} INFO - Started process (PID=447) to work on /opt/airflow/dags/elastic_dag.py
[2022-11-06 04:47:35,468] {processor.py:641} INFO - Processing file /opt/airflow/dags/elastic_dag.py for tasks to queue
[2022-11-06 04:47:35,483] {logging_mixin.py:115} INFO - [2022-11-06 04:47:35,482] {dagbag.py:507} INFO - Filling up the DagBag from /opt/airflow/dags/elastic_dag.py
[2022-11-06 04:47:44,062] {processor.py:651} INFO - DAG(s) dict_keys(['elastic_dag']) retrieved from /opt/airflow/dags/elastic_dag.py
[2022-11-06 04:47:44,090] {logging_mixin.py:115} INFO - [2022-11-06 04:47:44,089] {dag.py:2371} INFO - Sync 1 DAGs
[2022-11-06 04:47:44,118] {logging_mixin.py:115} INFO - [2022-11-06 04:47:44,117] {dag.py:2919} INFO - Setting next_dagrun for elastic_dag to 2022-11-05T00:00:00+00:00, run_after=2022-11-06T00:00:00+00:00
[2022-11-06 04:47:44,142] {processor.py:161} INFO - Processing /opt/airflow/dags/elastic_dag.py took 8.728 seconds
[2022-11-06 04:48:14,980] {processor.py:153} INFO - Started process (PID=482) to work on /opt/airflow/dags/elastic_dag.py
[2022-11-06 04:48:15,008] {processor.py:641} INFO - Processing file /opt/airflow/dags/elastic_dag.py for tasks to queue
[2022-11-06 04:48:15,027] {logging_mixin.py:115} INFO - [2022-11-06 04:48:15,026] {dagbag.py:507} INFO - Filling up the DagBag from /opt/airflow/dags/elastic_dag.py
[2022-11-06 04:48:18,346] {processor.py:651} INFO - DAG(s) dict_keys(['elastic_dag']) retrieved from /opt/airflow/dags/elastic_dag.py
[2022-11-06 04:48:18,421] {logging_mixin.py:115} INFO - [2022-11-06 04:48:18,420] {dag.py:2371} INFO - Sync 1 DAGs
[2022-11-06 04:48:18,479] {logging_mixin.py:115} INFO - [2022-11-06 04:48:18,479] {dag.py:2919} INFO - Setting next_dagrun for elastic_dag to 2022-11-05T00:00:00+00:00, run_after=2022-11-06T00:00:00+00:00
[2022-11-06 04:48:18,509] {processor.py:161} INFO - Processing /opt/airflow/dags/elastic_dag.py took 3.547 seconds
[2022-11-06 04:48:49,500] {processor.py:153} INFO - Started process (PID=509) to work on /opt/airflow/dags/elastic_dag.py
[2022-11-06 04:48:49,526] {processor.py:641} INFO - Processing file /opt/airflow/dags/elastic_dag.py for tasks to queue
[2022-11-06 04:48:49,553] {logging_mixin.py:115} INFO - [2022-11-06 04:48:49,553] {dagbag.py:507} INFO - Filling up the DagBag from /opt/airflow/dags/elastic_dag.py
[2022-11-06 04:48:51,437] {processor.py:651} INFO - DAG(s) dict_keys(['elastic_dag']) retrieved from /opt/airflow/dags/elastic_dag.py
[2022-11-06 04:48:51,493] {logging_mixin.py:115} INFO - [2022-11-06 04:48:51,491] {dag.py:2371} INFO - Sync 1 DAGs
[2022-11-06 04:48:51,546] {logging_mixin.py:115} INFO - [2022-11-06 04:48:51,546] {dag.py:2919} INFO - Setting next_dagrun for elastic_dag to 2022-11-05T00:00:00+00:00, run_after=2022-11-06T00:00:00+00:00
[2022-11-06 04:48:51,566] {processor.py:161} INFO - Processing /opt/airflow/dags/elastic_dag.py took 2.101 seconds
[2022-11-06 04:49:22,117] {processor.py:153} INFO - Started process (PID=537) to work on /opt/airflow/dags/elastic_dag.py
[2022-11-06 04:49:22,133] {processor.py:641} INFO - Processing file /opt/airflow/dags/elastic_dag.py for tasks to queue
[2022-11-06 04:49:22,141] {logging_mixin.py:115} INFO - [2022-11-06 04:49:22,141] {dagbag.py:507} INFO - Filling up the DagBag from /opt/airflow/dags/elastic_dag.py
[2022-11-06 04:49:24,145] {processor.py:651} INFO - DAG(s) dict_keys(['elastic_dag']) retrieved from /opt/airflow/dags/elastic_dag.py
[2022-11-06 04:49:24,326] {logging_mixin.py:115} INFO - [2022-11-06 04:49:24,325] {dag.py:2371} INFO - Sync 1 DAGs
[2022-11-06 04:49:24,611] {logging_mixin.py:115} INFO - [2022-11-06 04:49:24,610] {dag.py:2919} INFO - Setting next_dagrun for elastic_dag to 2022-11-05T00:00:00+00:00, run_after=2022-11-06T00:00:00+00:00
[2022-11-06 04:49:24,788] {processor.py:161} INFO - Processing /opt/airflow/dags/elastic_dag.py took 2.684 seconds
[2022-11-06 04:49:55,361] {processor.py:153} INFO - Started process (PID=575) to work on /opt/airflow/dags/elastic_dag.py
[2022-11-06 04:49:55,365] {processor.py:641} INFO - Processing file /opt/airflow/dags/elastic_dag.py for tasks to queue
[2022-11-06 04:49:55,368] {logging_mixin.py:115} INFO - [2022-11-06 04:49:55,368] {dagbag.py:507} INFO - Filling up the DagBag from /opt/airflow/dags/elastic_dag.py
[2022-11-06 04:49:56,843] {processor.py:651} INFO - DAG(s) dict_keys(['elastic_dag']) retrieved from /opt/airflow/dags/elastic_dag.py
[2022-11-06 04:49:56,978] {logging_mixin.py:115} INFO - [2022-11-06 04:49:56,976] {dag.py:2371} INFO - Sync 1 DAGs
[2022-11-06 04:49:57,055] {logging_mixin.py:115} INFO - [2022-11-06 04:49:57,055] {dag.py:2919} INFO - Setting next_dagrun for elastic_dag to 2022-11-05T00:00:00+00:00, run_after=2022-11-06T00:00:00+00:00
[2022-11-06 04:49:57,101] {processor.py:161} INFO - Processing /opt/airflow/dags/elastic_dag.py took 1.756 seconds
[2022-11-06 04:50:28,371] {processor.py:153} INFO - Started process (PID=602) to work on /opt/airflow/dags/elastic_dag.py
[2022-11-06 04:50:28,383] {processor.py:641} INFO - Processing file /opt/airflow/dags/elastic_dag.py for tasks to queue
[2022-11-06 04:50:28,390] {logging_mixin.py:115} INFO - [2022-11-06 04:50:28,390] {dagbag.py:507} INFO - Filling up the DagBag from /opt/airflow/dags/elastic_dag.py
[2022-11-06 04:50:29,665] {processor.py:651} INFO - DAG(s) dict_keys(['elastic_dag']) retrieved from /opt/airflow/dags/elastic_dag.py
[2022-11-06 04:50:30,201] {logging_mixin.py:115} INFO - [2022-11-06 04:50:30,198] {dag.py:2371} INFO - Sync 1 DAGs
[2022-11-06 04:50:30,317] {logging_mixin.py:115} INFO - [2022-11-06 04:50:30,316] {dag.py:2919} INFO - Setting next_dagrun for elastic_dag to 2022-11-05T00:00:00+00:00, run_after=2022-11-06T00:00:00+00:00
[2022-11-06 04:50:30,418] {processor.py:161} INFO - Processing /opt/airflow/dags/elastic_dag.py took 2.082 seconds
[2022-11-06 04:51:01,579] {processor.py:153} INFO - Started process (PID=637) to work on /opt/airflow/dags/elastic_dag.py
[2022-11-06 04:51:01,590] {processor.py:641} INFO - Processing file /opt/airflow/dags/elastic_dag.py for tasks to queue
[2022-11-06 04:51:01,593] {logging_mixin.py:115} INFO - [2022-11-06 04:51:01,593] {dagbag.py:507} INFO - Filling up the DagBag from /opt/airflow/dags/elastic_dag.py
[2022-11-06 04:51:02,890] {processor.py:651} INFO - DAG(s) dict_keys(['elastic_dag']) retrieved from /opt/airflow/dags/elastic_dag.py
[2022-11-06 04:51:02,979] {logging_mixin.py:115} INFO - [2022-11-06 04:51:02,977] {dag.py:2371} INFO - Sync 1 DAGs
[2022-11-06 04:51:03,013] {logging_mixin.py:115} INFO - [2022-11-06 04:51:03,012] {dag.py:2919} INFO - Setting next_dagrun for elastic_dag to 2022-11-05T00:00:00+00:00, run_after=2022-11-06T00:00:00+00:00
[2022-11-06 04:51:03,033] {processor.py:161} INFO - Processing /opt/airflow/dags/elastic_dag.py took 1.473 seconds
[2022-11-06 04:51:33,226] {processor.py:153} INFO - Started process (PID=674) to work on /opt/airflow/dags/elastic_dag.py
[2022-11-06 04:51:33,231] {processor.py:641} INFO - Processing file /opt/airflow/dags/elastic_dag.py for tasks to queue
[2022-11-06 04:51:33,235] {logging_mixin.py:115} INFO - [2022-11-06 04:51:33,235] {dagbag.py:507} INFO - Filling up the DagBag from /opt/airflow/dags/elastic_dag.py
[2022-11-06 04:51:38,463] {processor.py:651} INFO - DAG(s) dict_keys(['elastic_dag']) retrieved from /opt/airflow/dags/elastic_dag.py
[2022-11-06 04:51:38,990] {logging_mixin.py:115} INFO - [2022-11-06 04:51:38,965] {dag.py:2371} INFO - Sync 1 DAGs
[2022-11-06 04:51:40,144] {logging_mixin.py:115} INFO - [2022-11-06 04:51:40,142] {dag.py:2919} INFO - Setting next_dagrun for elastic_dag to 2022-11-05T00:00:00+00:00, run_after=2022-11-06T00:00:00+00:00
[2022-11-06 04:51:40,399] {processor.py:161} INFO - Processing /opt/airflow/dags/elastic_dag.py took 7.181 seconds
[2022-11-06 04:52:15,154] {processor.py:153} INFO - Started process (PID=701) to work on /opt/airflow/dags/elastic_dag.py
[2022-11-06 04:52:15,162] {processor.py:641} INFO - Processing file /opt/airflow/dags/elastic_dag.py for tasks to queue
[2022-11-06 04:52:15,168] {logging_mixin.py:115} INFO - [2022-11-06 04:52:15,168] {dagbag.py:507} INFO - Filling up the DagBag from /opt/airflow/dags/elastic_dag.py
[2022-11-06 04:52:17,517] {processor.py:651} INFO - DAG(s) dict_keys(['elastic_dag']) retrieved from /opt/airflow/dags/elastic_dag.py
[2022-11-06 04:52:17,634] {logging_mixin.py:115} INFO - [2022-11-06 04:52:17,629] {dag.py:2371} INFO - Sync 1 DAGs
[2022-11-06 04:52:17,753] {logging_mixin.py:115} INFO - [2022-11-06 04:52:17,753] {dag.py:2919} INFO - Setting next_dagrun for elastic_dag to 2022-11-05T00:00:00+00:00, run_after=2022-11-06T00:00:00+00:00
[2022-11-06 04:52:17,794] {processor.py:161} INFO - Processing /opt/airflow/dags/elastic_dag.py took 2.654 seconds
[2022-11-06 04:52:49,343] {processor.py:153} INFO - Started process (PID=736) to work on /opt/airflow/dags/elastic_dag.py
[2022-11-06 04:52:49,360] {processor.py:641} INFO - Processing file /opt/airflow/dags/elastic_dag.py for tasks to queue
[2022-11-06 04:52:49,384] {logging_mixin.py:115} INFO - [2022-11-06 04:52:49,384] {dagbag.py:507} INFO - Filling up the DagBag from /opt/airflow/dags/elastic_dag.py
[2022-11-06 04:52:53,848] {processor.py:651} INFO - DAG(s) dict_keys(['elastic_dag']) retrieved from /opt/airflow/dags/elastic_dag.py
[2022-11-06 04:52:53,973] {logging_mixin.py:115} INFO - [2022-11-06 04:52:53,969] {dag.py:2371} INFO - Sync 1 DAGs
[2022-11-06 04:52:54,097] {logging_mixin.py:115} INFO - [2022-11-06 04:52:54,094] {dag.py:2919} INFO - Setting next_dagrun for elastic_dag to 2022-11-05T00:00:00+00:00, run_after=2022-11-06T00:00:00+00:00
[2022-11-06 04:52:54,242] {processor.py:161} INFO - Processing /opt/airflow/dags/elastic_dag.py took 4.948 seconds
[2022-11-06 04:53:25,191] {processor.py:153} INFO - Started process (PID=770) to work on /opt/airflow/dags/elastic_dag.py
[2022-11-06 04:53:25,197] {processor.py:641} INFO - Processing file /opt/airflow/dags/elastic_dag.py for tasks to queue
[2022-11-06 04:53:25,202] {logging_mixin.py:115} INFO - [2022-11-06 04:53:25,201] {dagbag.py:507} INFO - Filling up the DagBag from /opt/airflow/dags/elastic_dag.py
[2022-11-06 04:53:28,227] {processor.py:651} INFO - DAG(s) dict_keys(['elastic_dag']) retrieved from /opt/airflow/dags/elastic_dag.py
[2022-11-06 04:53:28,444] {logging_mixin.py:115} INFO - [2022-11-06 04:53:28,441] {dag.py:2371} INFO - Sync 1 DAGs
[2022-11-06 04:53:28,547] {logging_mixin.py:115} INFO - [2022-11-06 04:53:28,547] {dag.py:2919} INFO - Setting next_dagrun for elastic_dag to 2022-11-05T00:00:00+00:00, run_after=2022-11-06T00:00:00+00:00
[2022-11-06 04:53:28,599] {processor.py:161} INFO - Processing /opt/airflow/dags/elastic_dag.py took 3.420 seconds
[2022-11-06 04:53:59,599] {processor.py:153} INFO - Started process (PID=801) to work on /opt/airflow/dags/elastic_dag.py
[2022-11-06 04:53:59,604] {processor.py:641} INFO - Processing file /opt/airflow/dags/elastic_dag.py for tasks to queue
[2022-11-06 04:53:59,608] {logging_mixin.py:115} INFO - [2022-11-06 04:53:59,607] {dagbag.py:507} INFO - Filling up the DagBag from /opt/airflow/dags/elastic_dag.py
[2022-11-06 04:54:02,668] {processor.py:651} INFO - DAG(s) dict_keys(['elastic_dag']) retrieved from /opt/airflow/dags/elastic_dag.py
[2022-11-06 04:54:02,862] {logging_mixin.py:115} INFO - [2022-11-06 04:54:02,857] {dag.py:2371} INFO - Sync 1 DAGs
[2022-11-06 04:54:02,936] {logging_mixin.py:115} INFO - [2022-11-06 04:54:02,936] {dag.py:2919} INFO - Setting next_dagrun for elastic_dag to 2022-11-05T00:00:00+00:00, run_after=2022-11-06T00:00:00+00:00
[2022-11-06 04:54:02,970] {processor.py:161} INFO - Processing /opt/airflow/dags/elastic_dag.py took 3.384 seconds
[2022-11-06 04:54:34,024] {processor.py:153} INFO - Started process (PID=839) to work on /opt/airflow/dags/elastic_dag.py
[2022-11-06 04:54:34,031] {processor.py:641} INFO - Processing file /opt/airflow/dags/elastic_dag.py for tasks to queue
[2022-11-06 04:54:34,039] {logging_mixin.py:115} INFO - [2022-11-06 04:54:34,039] {dagbag.py:507} INFO - Filling up the DagBag from /opt/airflow/dags/elastic_dag.py
[2022-11-06 04:54:35,603] {processor.py:651} INFO - DAG(s) dict_keys(['elastic_dag']) retrieved from /opt/airflow/dags/elastic_dag.py
[2022-11-06 04:54:35,686] {logging_mixin.py:115} INFO - [2022-11-06 04:54:35,684] {dag.py:2371} INFO - Sync 1 DAGs
[2022-11-06 04:54:35,758] {logging_mixin.py:115} INFO - [2022-11-06 04:54:35,756] {dag.py:2919} INFO - Setting next_dagrun for elastic_dag to 2022-11-05T00:00:00+00:00, run_after=2022-11-06T00:00:00+00:00
[2022-11-06 04:54:35,782] {processor.py:161} INFO - Processing /opt/airflow/dags/elastic_dag.py took 1.794 seconds
[2022-11-06 04:55:06,193] {processor.py:153} INFO - Started process (PID=868) to work on /opt/airflow/dags/elastic_dag.py
[2022-11-06 04:55:06,196] {processor.py:641} INFO - Processing file /opt/airflow/dags/elastic_dag.py for tasks to queue
[2022-11-06 04:55:06,198] {logging_mixin.py:115} INFO - [2022-11-06 04:55:06,197] {dagbag.py:507} INFO - Filling up the DagBag from /opt/airflow/dags/elastic_dag.py
[2022-11-06 04:55:06,947] {processor.py:651} INFO - DAG(s) dict_keys(['elastic_dag']) retrieved from /opt/airflow/dags/elastic_dag.py
[2022-11-06 04:55:07,006] {logging_mixin.py:115} INFO - [2022-11-06 04:55:07,005] {dag.py:2371} INFO - Sync 1 DAGs
[2022-11-06 04:55:07,037] {logging_mixin.py:115} INFO - [2022-11-06 04:55:07,036] {dag.py:2919} INFO - Setting next_dagrun for elastic_dag to 2022-11-05T00:00:00+00:00, run_after=2022-11-06T00:00:00+00:00
[2022-11-06 04:55:07,050] {processor.py:161} INFO - Processing /opt/airflow/dags/elastic_dag.py took 0.865 seconds
[2022-11-06 04:55:37,230] {processor.py:153} INFO - Started process (PID=904) to work on /opt/airflow/dags/elastic_dag.py
[2022-11-06 04:55:37,241] {processor.py:641} INFO - Processing file /opt/airflow/dags/elastic_dag.py for tasks to queue
[2022-11-06 04:55:37,245] {logging_mixin.py:115} INFO - [2022-11-06 04:55:37,245] {dagbag.py:507} INFO - Filling up the DagBag from /opt/airflow/dags/elastic_dag.py
[2022-11-06 04:55:38,307] {processor.py:651} INFO - DAG(s) dict_keys(['elastic_dag']) retrieved from /opt/airflow/dags/elastic_dag.py
[2022-11-06 04:55:38,332] {logging_mixin.py:115} INFO - [2022-11-06 04:55:38,331] {dag.py:2371} INFO - Sync 1 DAGs
[2022-11-06 04:55:38,363] {logging_mixin.py:115} INFO - [2022-11-06 04:55:38,363] {dag.py:2919} INFO - Setting next_dagrun for elastic_dag to 2022-11-05T00:00:00+00:00, run_after=2022-11-06T00:00:00+00:00
[2022-11-06 04:55:38,380] {processor.py:161} INFO - Processing /opt/airflow/dags/elastic_dag.py took 1.165 seconds
[2022-11-06 04:56:09,035] {processor.py:153} INFO - Started process (PID=931) to work on /opt/airflow/dags/elastic_dag.py
[2022-11-06 04:56:09,048] {processor.py:641} INFO - Processing file /opt/airflow/dags/elastic_dag.py for tasks to queue
[2022-11-06 04:56:09,056] {logging_mixin.py:115} INFO - [2022-11-06 04:56:09,056] {dagbag.py:507} INFO - Filling up the DagBag from /opt/airflow/dags/elastic_dag.py
[2022-11-06 04:56:11,421] {processor.py:651} INFO - DAG(s) dict_keys(['elastic_dag']) retrieved from /opt/airflow/dags/elastic_dag.py
[2022-11-06 04:56:11,769] {logging_mixin.py:115} INFO - [2022-11-06 04:56:11,764] {dag.py:2371} INFO - Sync 1 DAGs
[2022-11-06 04:56:11,925] {logging_mixin.py:115} INFO - [2022-11-06 04:56:11,924] {dag.py:2919} INFO - Setting next_dagrun for elastic_dag to 2022-11-05T00:00:00+00:00, run_after=2022-11-06T00:00:00+00:00
[2022-11-06 04:56:12,059] {processor.py:161} INFO - Processing /opt/airflow/dags/elastic_dag.py took 3.038 seconds
[2022-11-06 04:56:44,729] {processor.py:153} INFO - Started process (PID=967) to work on /opt/airflow/dags/elastic_dag.py
[2022-11-06 04:56:45,379] {processor.py:641} INFO - Processing file /opt/airflow/dags/elastic_dag.py for tasks to queue
[2022-11-06 04:56:45,815] {logging_mixin.py:115} INFO - [2022-11-06 04:56:45,814] {dagbag.py:507} INFO - Filling up the DagBag from /opt/airflow/dags/elastic_dag.py
[2022-11-06 04:56:54,879] {processor.py:651} INFO - DAG(s) dict_keys(['elastic_dag']) retrieved from /opt/airflow/dags/elastic_dag.py
[2022-11-06 04:56:55,217] {logging_mixin.py:115} INFO - [2022-11-06 04:56:55,213] {dag.py:2371} INFO - Sync 1 DAGs
[2022-11-06 04:56:55,546] {logging_mixin.py:115} INFO - [2022-11-06 04:56:55,546] {dag.py:2919} INFO - Setting next_dagrun for elastic_dag to 2022-11-05T00:00:00+00:00, run_after=2022-11-06T00:00:00+00:00
[2022-11-06 04:56:55,592] {processor.py:161} INFO - Processing /opt/airflow/dags/elastic_dag.py took 10.931 seconds
[2022-11-06 04:57:26,377] {processor.py:153} INFO - Started process (PID=1003) to work on /opt/airflow/dags/elastic_dag.py
[2022-11-06 04:57:26,384] {processor.py:641} INFO - Processing file /opt/airflow/dags/elastic_dag.py for tasks to queue
[2022-11-06 04:57:26,399] {logging_mixin.py:115} INFO - [2022-11-06 04:57:26,399] {dagbag.py:507} INFO - Filling up the DagBag from /opt/airflow/dags/elastic_dag.py
[2022-11-06 04:57:30,923] {processor.py:651} INFO - DAG(s) dict_keys(['elastic_dag']) retrieved from /opt/airflow/dags/elastic_dag.py
[2022-11-06 04:57:31,116] {logging_mixin.py:115} INFO - [2022-11-06 04:57:31,102] {dag.py:2371} INFO - Sync 1 DAGs
[2022-11-06 04:57:31,245] {logging_mixin.py:115} INFO - [2022-11-06 04:57:31,245] {dag.py:2919} INFO - Setting next_dagrun for elastic_dag to 2022-11-05T00:00:00+00:00, run_after=2022-11-06T00:00:00+00:00
[2022-11-06 04:57:31,300] {processor.py:161} INFO - Processing /opt/airflow/dags/elastic_dag.py took 4.967 seconds
[2022-11-06 04:58:01,980] {processor.py:153} INFO - Started process (PID=1029) to work on /opt/airflow/dags/elastic_dag.py
[2022-11-06 04:58:02,017] {processor.py:641} INFO - Processing file /opt/airflow/dags/elastic_dag.py for tasks to queue
[2022-11-06 04:58:02,051] {logging_mixin.py:115} INFO - [2022-11-06 04:58:02,051] {dagbag.py:507} INFO - Filling up the DagBag from /opt/airflow/dags/elastic_dag.py
[2022-11-06 04:58:04,306] {processor.py:651} INFO - DAG(s) dict_keys(['elastic_dag']) retrieved from /opt/airflow/dags/elastic_dag.py
[2022-11-06 04:58:04,485] {logging_mixin.py:115} INFO - [2022-11-06 04:58:04,480] {dag.py:2371} INFO - Sync 1 DAGs
[2022-11-06 04:58:04,603] {logging_mixin.py:115} INFO - [2022-11-06 04:58:04,602] {dag.py:2919} INFO - Setting next_dagrun for elastic_dag to 2022-11-05T00:00:00+00:00, run_after=2022-11-06T00:00:00+00:00
[2022-11-06 04:58:04,669] {processor.py:161} INFO - Processing /opt/airflow/dags/elastic_dag.py took 2.728 seconds
[2022-11-06 04:58:37,542] {processor.py:153} INFO - Started process (PID=1056) to work on /opt/airflow/dags/elastic_dag.py
[2022-11-06 04:58:37,551] {processor.py:641} INFO - Processing file /opt/airflow/dags/elastic_dag.py for tasks to queue
[2022-11-06 04:58:37,558] {logging_mixin.py:115} INFO - [2022-11-06 04:58:37,557] {dagbag.py:507} INFO - Filling up the DagBag from /opt/airflow/dags/elastic_dag.py
[2022-11-06 04:58:42,148] {processor.py:651} INFO - DAG(s) dict_keys(['elastic_dag']) retrieved from /opt/airflow/dags/elastic_dag.py
[2022-11-06 04:58:42,187] {logging_mixin.py:115} INFO - [2022-11-06 04:58:42,186] {dag.py:2371} INFO - Sync 1 DAGs
[2022-11-06 04:58:42,234] {logging_mixin.py:115} INFO - [2022-11-06 04:58:42,234] {dag.py:2919} INFO - Setting next_dagrun for elastic_dag to 2022-11-05T00:00:00+00:00, run_after=2022-11-06T00:00:00+00:00
[2022-11-06 04:58:42,269] {processor.py:161} INFO - Processing /opt/airflow/dags/elastic_dag.py took 4.982 seconds
[2022-11-06 04:59:13,145] {processor.py:153} INFO - Started process (PID=1082) to work on /opt/airflow/dags/elastic_dag.py
[2022-11-06 04:59:13,151] {processor.py:641} INFO - Processing file /opt/airflow/dags/elastic_dag.py for tasks to queue
[2022-11-06 04:59:13,156] {logging_mixin.py:115} INFO - [2022-11-06 04:59:13,156] {dagbag.py:507} INFO - Filling up the DagBag from /opt/airflow/dags/elastic_dag.py
[2022-11-06 04:59:14,853] {processor.py:651} INFO - DAG(s) dict_keys(['elastic_dag']) retrieved from /opt/airflow/dags/elastic_dag.py
[2022-11-06 04:59:14,992] {logging_mixin.py:115} INFO - [2022-11-06 04:59:14,988] {dag.py:2371} INFO - Sync 1 DAGs
[2022-11-06 04:59:15,065] {logging_mixin.py:115} INFO - [2022-11-06 04:59:15,065] {dag.py:2919} INFO - Setting next_dagrun for elastic_dag to 2022-11-05T00:00:00+00:00, run_after=2022-11-06T00:00:00+00:00
[2022-11-06 04:59:15,091] {processor.py:161} INFO - Processing /opt/airflow/dags/elastic_dag.py took 1.962 seconds
[2022-11-06 04:59:45,366] {processor.py:153} INFO - Started process (PID=1111) to work on /opt/airflow/dags/elastic_dag.py
[2022-11-06 04:59:45,371] {processor.py:641} INFO - Processing file /opt/airflow/dags/elastic_dag.py for tasks to queue
[2022-11-06 04:59:45,381] {logging_mixin.py:115} INFO - [2022-11-06 04:59:45,380] {dagbag.py:507} INFO - Filling up the DagBag from /opt/airflow/dags/elastic_dag.py
[2022-11-06 04:59:52,878] {processor.py:651} INFO - DAG(s) dict_keys(['elastic_dag']) retrieved from /opt/airflow/dags/elastic_dag.py
[2022-11-06 04:59:53,398] {logging_mixin.py:115} INFO - [2022-11-06 04:59:53,379] {dag.py:2371} INFO - Sync 1 DAGs
[2022-11-06 04:59:54,001] {logging_mixin.py:115} INFO - [2022-11-06 04:59:54,001] {dag.py:2919} INFO - Setting next_dagrun for elastic_dag to 2022-11-05T00:00:00+00:00, run_after=2022-11-06T00:00:00+00:00
[2022-11-06 04:59:54,335] {processor.py:161} INFO - Processing /opt/airflow/dags/elastic_dag.py took 8.968 seconds
[2022-11-06 05:00:32,080] {processor.py:153} INFO - Started process (PID=1147) to work on /opt/airflow/dags/elastic_dag.py
[2022-11-06 05:00:32,103] {processor.py:641} INFO - Processing file /opt/airflow/dags/elastic_dag.py for tasks to queue
[2022-11-06 05:00:32,136] {logging_mixin.py:115} INFO - [2022-11-06 05:00:32,136] {dagbag.py:507} INFO - Filling up the DagBag from /opt/airflow/dags/elastic_dag.py
[2022-11-06 05:00:37,869] {processor.py:651} INFO - DAG(s) dict_keys(['elastic_dag']) retrieved from /opt/airflow/dags/elastic_dag.py
[2022-11-06 05:00:38,183] {logging_mixin.py:115} INFO - [2022-11-06 05:00:38,162] {dag.py:2371} INFO - Sync 1 DAGs
[2022-11-06 05:00:38,293] {logging_mixin.py:115} INFO - [2022-11-06 05:00:38,293] {dag.py:2919} INFO - Setting next_dagrun for elastic_dag to 2022-11-05T00:00:00+00:00, run_after=2022-11-06T00:00:00+00:00
[2022-11-06 05:00:38,316] {processor.py:161} INFO - Processing /opt/airflow/dags/elastic_dag.py took 6.376 seconds
[2022-11-06 05:01:09,268] {processor.py:153} INFO - Started process (PID=1175) to work on /opt/airflow/dags/elastic_dag.py
[2022-11-06 05:01:09,284] {processor.py:641} INFO - Processing file /opt/airflow/dags/elastic_dag.py for tasks to queue
[2022-11-06 05:01:09,298] {logging_mixin.py:115} INFO - [2022-11-06 05:01:09,298] {dagbag.py:507} INFO - Filling up the DagBag from /opt/airflow/dags/elastic_dag.py
[2022-11-06 05:01:13,655] {processor.py:651} INFO - DAG(s) dict_keys(['elastic_dag']) retrieved from /opt/airflow/dags/elastic_dag.py
[2022-11-06 05:01:13,704] {logging_mixin.py:115} INFO - [2022-11-06 05:01:13,702] {dag.py:2371} INFO - Sync 1 DAGs
[2022-11-06 05:01:13,761] {logging_mixin.py:115} INFO - [2022-11-06 05:01:13,760] {dag.py:2919} INFO - Setting next_dagrun for elastic_dag to 2022-11-05T00:00:00+00:00, run_after=2022-11-06T00:00:00+00:00
[2022-11-06 05:01:13,816] {processor.py:161} INFO - Processing /opt/airflow/dags/elastic_dag.py took 4.656 seconds
[2022-11-06 05:01:44,722] {processor.py:153} INFO - Started process (PID=1210) to work on /opt/airflow/dags/elastic_dag.py
[2022-11-06 05:01:44,751] {processor.py:641} INFO - Processing file /opt/airflow/dags/elastic_dag.py for tasks to queue
[2022-11-06 05:01:44,802] {logging_mixin.py:115} INFO - [2022-11-06 05:01:44,801] {dagbag.py:507} INFO - Filling up the DagBag from /opt/airflow/dags/elastic_dag.py
[2022-11-06 05:01:48,503] {processor.py:651} INFO - DAG(s) dict_keys(['elastic_dag']) retrieved from /opt/airflow/dags/elastic_dag.py
[2022-11-06 05:01:48,622] {logging_mixin.py:115} INFO - [2022-11-06 05:01:48,614] {dag.py:2371} INFO - Sync 1 DAGs
[2022-11-06 05:01:48,710] {logging_mixin.py:115} INFO - [2022-11-06 05:01:48,708] {dag.py:2919} INFO - Setting next_dagrun for elastic_dag to 2022-11-05T00:00:00+00:00, run_after=2022-11-06T00:00:00+00:00
[2022-11-06 05:01:48,749] {processor.py:161} INFO - Processing /opt/airflow/dags/elastic_dag.py took 4.166 seconds
[2022-11-06 05:02:19,720] {processor.py:153} INFO - Started process (PID=1236) to work on /opt/airflow/dags/elastic_dag.py
[2022-11-06 05:02:19,723] {processor.py:641} INFO - Processing file /opt/airflow/dags/elastic_dag.py for tasks to queue
[2022-11-06 05:02:19,726] {logging_mixin.py:115} INFO - [2022-11-06 05:02:19,726] {dagbag.py:507} INFO - Filling up the DagBag from /opt/airflow/dags/elastic_dag.py
[2022-11-06 05:02:20,645] {processor.py:651} INFO - DAG(s) dict_keys(['elastic_dag']) retrieved from /opt/airflow/dags/elastic_dag.py
[2022-11-06 05:02:20,712] {logging_mixin.py:115} INFO - [2022-11-06 05:02:20,711] {dag.py:2371} INFO - Sync 1 DAGs
[2022-11-06 05:02:20,739] {logging_mixin.py:115} INFO - [2022-11-06 05:02:20,739] {dag.py:2919} INFO - Setting next_dagrun for elastic_dag to 2022-11-05T00:00:00+00:00, run_after=2022-11-06T00:00:00+00:00
[2022-11-06 05:02:20,793] {processor.py:161} INFO - Processing /opt/airflow/dags/elastic_dag.py took 1.077 seconds
[2022-11-06 05:02:51,164] {processor.py:153} INFO - Started process (PID=1272) to work on /opt/airflow/dags/elastic_dag.py
[2022-11-06 05:02:51,166] {processor.py:641} INFO - Processing file /opt/airflow/dags/elastic_dag.py for tasks to queue
[2022-11-06 05:02:51,169] {logging_mixin.py:115} INFO - [2022-11-06 05:02:51,169] {dagbag.py:507} INFO - Filling up the DagBag from /opt/airflow/dags/elastic_dag.py
[2022-11-06 05:02:51,959] {processor.py:651} INFO - DAG(s) dict_keys(['elastic_dag']) retrieved from /opt/airflow/dags/elastic_dag.py
[2022-11-06 05:02:51,991] {logging_mixin.py:115} INFO - [2022-11-06 05:02:51,991] {dag.py:2371} INFO - Sync 1 DAGs
[2022-11-06 05:02:52,011] {logging_mixin.py:115} INFO - [2022-11-06 05:02:52,011] {dag.py:2919} INFO - Setting next_dagrun for elastic_dag to 2022-11-05T00:00:00+00:00, run_after=2022-11-06T00:00:00+00:00
[2022-11-06 05:02:52,021] {processor.py:161} INFO - Processing /opt/airflow/dags/elastic_dag.py took 0.866 seconds
[2022-11-06 05:03:22,601] {processor.py:153} INFO - Started process (PID=1300) to work on /opt/airflow/dags/elastic_dag.py
[2022-11-06 05:03:22,606] {processor.py:641} INFO - Processing file /opt/airflow/dags/elastic_dag.py for tasks to queue
[2022-11-06 05:03:22,609] {logging_mixin.py:115} INFO - [2022-11-06 05:03:22,609] {dagbag.py:507} INFO - Filling up the DagBag from /opt/airflow/dags/elastic_dag.py
[2022-11-06 05:03:23,599] {processor.py:651} INFO - DAG(s) dict_keys(['elastic_dag']) retrieved from /opt/airflow/dags/elastic_dag.py
[2022-11-06 05:03:23,643] {logging_mixin.py:115} INFO - [2022-11-06 05:03:23,643] {dag.py:2371} INFO - Sync 1 DAGs
[2022-11-06 05:03:23,668] {logging_mixin.py:115} INFO - [2022-11-06 05:03:23,668] {dag.py:2919} INFO - Setting next_dagrun for elastic_dag to 2022-11-05T00:00:00+00:00, run_after=2022-11-06T00:00:00+00:00
[2022-11-06 05:03:23,691] {processor.py:161} INFO - Processing /opt/airflow/dags/elastic_dag.py took 1.101 seconds
[2022-11-06 05:03:54,227] {processor.py:153} INFO - Started process (PID=1337) to work on /opt/airflow/dags/elastic_dag.py
[2022-11-06 05:03:54,253] {processor.py:641} INFO - Processing file /opt/airflow/dags/elastic_dag.py for tasks to queue
[2022-11-06 05:03:54,266] {logging_mixin.py:115} INFO - [2022-11-06 05:03:54,266] {dagbag.py:507} INFO - Filling up the DagBag from /opt/airflow/dags/elastic_dag.py
[2022-11-06 05:03:56,122] {processor.py:651} INFO - DAG(s) dict_keys(['elastic_dag']) retrieved from /opt/airflow/dags/elastic_dag.py
[2022-11-06 05:03:56,157] {logging_mixin.py:115} INFO - [2022-11-06 05:03:56,156] {dag.py:2371} INFO - Sync 1 DAGs
[2022-11-06 05:03:56,181] {logging_mixin.py:115} INFO - [2022-11-06 05:03:56,181] {dag.py:2919} INFO - Setting next_dagrun for elastic_dag to 2022-11-05T00:00:00+00:00, run_after=2022-11-06T00:00:00+00:00
[2022-11-06 05:03:56,199] {processor.py:161} INFO - Processing /opt/airflow/dags/elastic_dag.py took 1.985 seconds
[2022-11-06 05:04:27,124] {processor.py:153} INFO - Started process (PID=1374) to work on /opt/airflow/dags/elastic_dag.py
[2022-11-06 05:04:27,127] {processor.py:641} INFO - Processing file /opt/airflow/dags/elastic_dag.py for tasks to queue
[2022-11-06 05:04:27,131] {logging_mixin.py:115} INFO - [2022-11-06 05:04:27,130] {dagbag.py:507} INFO - Filling up the DagBag from /opt/airflow/dags/elastic_dag.py
[2022-11-06 05:04:28,442] {processor.py:651} INFO - DAG(s) dict_keys(['elastic_dag']) retrieved from /opt/airflow/dags/elastic_dag.py
[2022-11-06 05:04:28,638] {logging_mixin.py:115} INFO - [2022-11-06 05:04:28,629] {dag.py:2371} INFO - Sync 1 DAGs
[2022-11-06 05:04:28,731] {logging_mixin.py:115} INFO - [2022-11-06 05:04:28,731] {dag.py:2919} INFO - Setting next_dagrun for elastic_dag to 2022-11-05T00:00:00+00:00, run_after=2022-11-06T00:00:00+00:00
[2022-11-06 05:04:28,747] {processor.py:161} INFO - Processing /opt/airflow/dags/elastic_dag.py took 1.629 seconds
[2022-11-06 05:04:59,647] {processor.py:153} INFO - Started process (PID=1401) to work on /opt/airflow/dags/elastic_dag.py
[2022-11-06 05:04:59,653] {processor.py:641} INFO - Processing file /opt/airflow/dags/elastic_dag.py for tasks to queue
[2022-11-06 05:04:59,657] {logging_mixin.py:115} INFO - [2022-11-06 05:04:59,656] {dagbag.py:507} INFO - Filling up the DagBag from /opt/airflow/dags/elastic_dag.py
[2022-11-06 05:05:00,605] {processor.py:651} INFO - DAG(s) dict_keys(['elastic_dag']) retrieved from /opt/airflow/dags/elastic_dag.py
[2022-11-06 05:05:00,638] {logging_mixin.py:115} INFO - [2022-11-06 05:05:00,638] {dag.py:2371} INFO - Sync 1 DAGs
[2022-11-06 05:05:00,658] {logging_mixin.py:115} INFO - [2022-11-06 05:05:00,658] {dag.py:2919} INFO - Setting next_dagrun for elastic_dag to 2022-11-05T00:00:00+00:00, run_after=2022-11-06T00:00:00+00:00
[2022-11-06 05:05:00,703] {processor.py:161} INFO - Processing /opt/airflow/dags/elastic_dag.py took 1.063 seconds
[2022-11-06 05:05:31,446] {processor.py:153} INFO - Started process (PID=1437) to work on /opt/airflow/dags/elastic_dag.py
[2022-11-06 05:05:31,450] {processor.py:641} INFO - Processing file /opt/airflow/dags/elastic_dag.py for tasks to queue
[2022-11-06 05:05:31,454] {logging_mixin.py:115} INFO - [2022-11-06 05:05:31,454] {dagbag.py:507} INFO - Filling up the DagBag from /opt/airflow/dags/elastic_dag.py
[2022-11-06 05:05:33,099] {processor.py:651} INFO - DAG(s) dict_keys(['elastic_dag']) retrieved from /opt/airflow/dags/elastic_dag.py
[2022-11-06 05:05:33,221] {logging_mixin.py:115} INFO - [2022-11-06 05:05:33,216] {dag.py:2371} INFO - Sync 1 DAGs
[2022-11-06 05:05:33,366] {logging_mixin.py:115} INFO - [2022-11-06 05:05:33,366] {dag.py:2919} INFO - Setting next_dagrun for elastic_dag to 2022-11-05T00:00:00+00:00, run_after=2022-11-06T00:00:00+00:00
[2022-11-06 05:05:33,401] {processor.py:161} INFO - Processing /opt/airflow/dags/elastic_dag.py took 1.964 seconds
[2022-11-06 05:06:03,854] {processor.py:153} INFO - Started process (PID=1464) to work on /opt/airflow/dags/elastic_dag.py
[2022-11-06 05:06:03,867] {processor.py:641} INFO - Processing file /opt/airflow/dags/elastic_dag.py for tasks to queue
[2022-11-06 05:06:03,875] {logging_mixin.py:115} INFO - [2022-11-06 05:06:03,875] {dagbag.py:507} INFO - Filling up the DagBag from /opt/airflow/dags/elastic_dag.py
[2022-11-06 05:06:05,321] {processor.py:651} INFO - DAG(s) dict_keys(['elastic_dag']) retrieved from /opt/airflow/dags/elastic_dag.py
[2022-11-06 05:06:05,399] {logging_mixin.py:115} INFO - [2022-11-06 05:06:05,398] {dag.py:2371} INFO - Sync 1 DAGs
[2022-11-06 05:06:05,482] {logging_mixin.py:115} INFO - [2022-11-06 05:06:05,482] {dag.py:2919} INFO - Setting next_dagrun for elastic_dag to 2022-11-05T00:00:00+00:00, run_after=2022-11-06T00:00:00+00:00
[2022-11-06 05:06:05,530] {processor.py:161} INFO - Processing /opt/airflow/dags/elastic_dag.py took 1.699 seconds
[2022-11-06 05:06:35,783] {processor.py:153} INFO - Started process (PID=1500) to work on /opt/airflow/dags/elastic_dag.py
[2022-11-06 05:06:35,789] {processor.py:641} INFO - Processing file /opt/airflow/dags/elastic_dag.py for tasks to queue
[2022-11-06 05:06:35,793] {logging_mixin.py:115} INFO - [2022-11-06 05:06:35,793] {dagbag.py:507} INFO - Filling up the DagBag from /opt/airflow/dags/elastic_dag.py
[2022-11-06 05:06:38,107] {processor.py:651} INFO - DAG(s) dict_keys(['elastic_dag']) retrieved from /opt/airflow/dags/elastic_dag.py
[2022-11-06 05:06:38,219] {logging_mixin.py:115} INFO - [2022-11-06 05:06:38,217] {dag.py:2371} INFO - Sync 1 DAGs
[2022-11-06 05:06:38,318] {logging_mixin.py:115} INFO - [2022-11-06 05:06:38,318] {dag.py:2919} INFO - Setting next_dagrun for elastic_dag to 2022-11-05T00:00:00+00:00, run_after=2022-11-06T00:00:00+00:00
[2022-11-06 05:06:38,375] {processor.py:161} INFO - Processing /opt/airflow/dags/elastic_dag.py took 2.611 seconds
[2022-11-06 05:07:09,554] {processor.py:153} INFO - Started process (PID=1528) to work on /opt/airflow/dags/elastic_dag.py
[2022-11-06 05:07:09,564] {processor.py:641} INFO - Processing file /opt/airflow/dags/elastic_dag.py for tasks to queue
[2022-11-06 05:07:09,577] {logging_mixin.py:115} INFO - [2022-11-06 05:07:09,577] {dagbag.py:507} INFO - Filling up the DagBag from /opt/airflow/dags/elastic_dag.py
[2022-11-06 05:07:11,380] {processor.py:651} INFO - DAG(s) dict_keys(['elastic_dag']) retrieved from /opt/airflow/dags/elastic_dag.py
[2022-11-06 05:07:11,456] {logging_mixin.py:115} INFO - [2022-11-06 05:07:11,455] {dag.py:2371} INFO - Sync 1 DAGs
[2022-11-06 05:07:11,567] {logging_mixin.py:115} INFO - [2022-11-06 05:07:11,567] {dag.py:2919} INFO - Setting next_dagrun for elastic_dag to 2022-11-05T00:00:00+00:00, run_after=2022-11-06T00:00:00+00:00
[2022-11-06 05:07:11,590] {processor.py:161} INFO - Processing /opt/airflow/dags/elastic_dag.py took 2.073 seconds
[2022-11-06 05:07:42,097] {processor.py:153} INFO - Started process (PID=1564) to work on /opt/airflow/dags/elastic_dag.py
[2022-11-06 05:07:42,110] {processor.py:641} INFO - Processing file /opt/airflow/dags/elastic_dag.py for tasks to queue
[2022-11-06 05:07:42,112] {logging_mixin.py:115} INFO - [2022-11-06 05:07:42,112] {dagbag.py:507} INFO - Filling up the DagBag from /opt/airflow/dags/elastic_dag.py
