[2022-11-04 11:19:52,843] {processor.py:153} INFO - Started process (PID=4813) to work on /opt/airflow/dags/group_dag.py
[2022-11-04 11:19:52,846] {processor.py:641} INFO - Processing file /opt/airflow/dags/group_dag.py for tasks to queue
[2022-11-04 11:19:52,847] {logging_mixin.py:115} INFO - [2022-11-04 11:19:52,847] {dagbag.py:507} INFO - Filling up the DagBag from /opt/airflow/dags/group_dag.py
[2022-11-04 11:19:52,892] {processor.py:651} INFO - DAG(s) dict_keys(['group_dag']) retrieved from /opt/airflow/dags/group_dag.py
[2022-11-04 11:19:53,070] {logging_mixin.py:115} INFO - [2022-11-04 11:19:53,070] {manager.py:508} INFO - Created Permission View: can delete on DAG:group_dag
[2022-11-04 11:19:53,078] {logging_mixin.py:115} INFO - [2022-11-04 11:19:53,078] {manager.py:508} INFO - Created Permission View: can edit on DAG:group_dag
[2022-11-04 11:19:53,084] {logging_mixin.py:115} INFO - [2022-11-04 11:19:53,084] {manager.py:508} INFO - Created Permission View: can read on DAG:group_dag
[2022-11-04 11:19:53,085] {logging_mixin.py:115} INFO - [2022-11-04 11:19:53,085] {dag.py:2371} INFO - Sync 1 DAGs
[2022-11-04 11:19:53,093] {logging_mixin.py:115} INFO - [2022-11-04 11:19:53,093] {dag.py:2390} INFO - Creating ORM DAG for group_dag
[2022-11-04 11:19:53,105] {logging_mixin.py:115} INFO - [2022-11-04 11:19:53,104] {dag.py:2919} INFO - Setting next_dagrun for group_dag to 2022-11-03T00:00:00+00:00, run_after=2022-11-04T00:00:00+00:00
[2022-11-04 11:19:53,119] {processor.py:161} INFO - Processing /opt/airflow/dags/group_dag.py took 0.281 seconds
[2022-11-04 11:20:23,180] {processor.py:153} INFO - Started process (PID=4843) to work on /opt/airflow/dags/group_dag.py
[2022-11-04 11:20:23,182] {processor.py:641} INFO - Processing file /opt/airflow/dags/group_dag.py for tasks to queue
[2022-11-04 11:20:23,184] {logging_mixin.py:115} INFO - [2022-11-04 11:20:23,183] {dagbag.py:507} INFO - Filling up the DagBag from /opt/airflow/dags/group_dag.py
[2022-11-04 11:20:23,220] {processor.py:651} INFO - DAG(s) dict_keys(['group_dag']) retrieved from /opt/airflow/dags/group_dag.py
[2022-11-04 11:20:23,260] {logging_mixin.py:115} INFO - [2022-11-04 11:20:23,260] {dag.py:2371} INFO - Sync 1 DAGs
[2022-11-04 11:20:23,282] {logging_mixin.py:115} INFO - [2022-11-04 11:20:23,282] {dag.py:2919} INFO - Setting next_dagrun for group_dag to 2022-11-03T00:00:00+00:00, run_after=2022-11-04T00:00:00+00:00
[2022-11-04 11:20:23,307] {processor.py:161} INFO - Processing /opt/airflow/dags/group_dag.py took 0.130 seconds
[2022-11-04 11:22:25,204] {processor.py:153} INFO - Started process (PID=41) to work on /opt/airflow/dags/group_dag.py
[2022-11-04 11:22:25,207] {processor.py:641} INFO - Processing file /opt/airflow/dags/group_dag.py for tasks to queue
[2022-11-04 11:22:25,209] {logging_mixin.py:115} INFO - [2022-11-04 11:22:25,209] {dagbag.py:507} INFO - Filling up the DagBag from /opt/airflow/dags/group_dag.py
[2022-11-04 11:22:25,252] {processor.py:651} INFO - DAG(s) dict_keys(['group_dag']) retrieved from /opt/airflow/dags/group_dag.py
[2022-11-04 11:22:25,441] {logging_mixin.py:115} INFO - [2022-11-04 11:22:25,441] {dag.py:2371} INFO - Sync 1 DAGs
[2022-11-04 11:22:26,054] {logging_mixin.py:115} INFO - [2022-11-04 11:22:26,054] {dag.py:2919} INFO - Setting next_dagrun for group_dag to 2022-11-03T00:00:00+00:00, run_after=2022-11-04T00:00:00+00:00
[2022-11-04 11:22:26,098] {processor.py:161} INFO - Processing /opt/airflow/dags/group_dag.py took 0.911 seconds
[2022-11-04 11:22:56,442] {processor.py:153} INFO - Started process (PID=65) to work on /opt/airflow/dags/group_dag.py
[2022-11-04 11:22:56,447] {processor.py:641} INFO - Processing file /opt/airflow/dags/group_dag.py for tasks to queue
[2022-11-04 11:22:56,451] {logging_mixin.py:115} INFO - [2022-11-04 11:22:56,451] {dagbag.py:507} INFO - Filling up the DagBag from /opt/airflow/dags/group_dag.py
[2022-11-04 11:22:56,524] {processor.py:651} INFO - DAG(s) dict_keys(['group_dag']) retrieved from /opt/airflow/dags/group_dag.py
[2022-11-04 11:22:56,684] {logging_mixin.py:115} INFO - [2022-11-04 11:22:56,684] {dag.py:2371} INFO - Sync 1 DAGs
[2022-11-04 11:22:57,281] {logging_mixin.py:115} INFO - [2022-11-04 11:22:57,280] {dag.py:2919} INFO - Setting next_dagrun for group_dag to 2022-11-03T00:00:00+00:00, run_after=2022-11-04T00:00:00+00:00
[2022-11-04 11:22:57,339] {processor.py:161} INFO - Processing /opt/airflow/dags/group_dag.py took 0.922 seconds
[2022-11-04 11:23:28,056] {processor.py:153} INFO - Started process (PID=96) to work on /opt/airflow/dags/group_dag.py
[2022-11-04 11:23:28,060] {processor.py:641} INFO - Processing file /opt/airflow/dags/group_dag.py for tasks to queue
[2022-11-04 11:23:28,062] {logging_mixin.py:115} INFO - [2022-11-04 11:23:28,062] {dagbag.py:507} INFO - Filling up the DagBag from /opt/airflow/dags/group_dag.py
[2022-11-04 11:23:28,088] {processor.py:651} INFO - DAG(s) dict_keys(['group_dag']) retrieved from /opt/airflow/dags/group_dag.py
[2022-11-04 11:23:28,145] {logging_mixin.py:115} INFO - [2022-11-04 11:23:28,145] {dag.py:2371} INFO - Sync 1 DAGs
[2022-11-04 11:23:28,467] {logging_mixin.py:115} INFO - [2022-11-04 11:23:28,467] {dag.py:2919} INFO - Setting next_dagrun for group_dag to 2022-11-03T00:00:00+00:00, run_after=2022-11-04T00:00:00+00:00
[2022-11-04 11:23:28,476] {processor.py:161} INFO - Processing /opt/airflow/dags/group_dag.py took 0.425 seconds
[2022-11-04 11:23:58,698] {processor.py:153} INFO - Started process (PID=124) to work on /opt/airflow/dags/group_dag.py
[2022-11-04 11:23:58,710] {processor.py:641} INFO - Processing file /opt/airflow/dags/group_dag.py for tasks to queue
[2022-11-04 11:23:58,717] {logging_mixin.py:115} INFO - [2022-11-04 11:23:58,716] {dagbag.py:507} INFO - Filling up the DagBag from /opt/airflow/dags/group_dag.py
[2022-11-04 11:23:58,744] {processor.py:651} INFO - DAG(s) dict_keys(['group_dag']) retrieved from /opt/airflow/dags/group_dag.py
[2022-11-04 11:23:58,833] {logging_mixin.py:115} INFO - [2022-11-04 11:23:58,833] {dag.py:2371} INFO - Sync 1 DAGs
[2022-11-04 11:23:59,319] {logging_mixin.py:115} INFO - [2022-11-04 11:23:59,319] {dag.py:2919} INFO - Setting next_dagrun for group_dag to 2022-11-03T00:00:00+00:00, run_after=2022-11-04T00:00:00+00:00
[2022-11-04 11:23:59,369] {processor.py:161} INFO - Processing /opt/airflow/dags/group_dag.py took 0.687 seconds
[2022-11-04 11:24:29,588] {processor.py:153} INFO - Started process (PID=148) to work on /opt/airflow/dags/group_dag.py
[2022-11-04 11:24:29,590] {processor.py:641} INFO - Processing file /opt/airflow/dags/group_dag.py for tasks to queue
[2022-11-04 11:24:29,592] {logging_mixin.py:115} INFO - [2022-11-04 11:24:29,592] {dagbag.py:507} INFO - Filling up the DagBag from /opt/airflow/dags/group_dag.py
[2022-11-04 11:24:29,610] {processor.py:651} INFO - DAG(s) dict_keys(['group_dag']) retrieved from /opt/airflow/dags/group_dag.py
[2022-11-04 11:24:29,660] {logging_mixin.py:115} INFO - [2022-11-04 11:24:29,660] {dag.py:2371} INFO - Sync 1 DAGs
[2022-11-04 11:24:29,838] {logging_mixin.py:115} INFO - [2022-11-04 11:24:29,838] {dag.py:2919} INFO - Setting next_dagrun for group_dag to 2022-11-03T00:00:00+00:00, run_after=2022-11-04T00:00:00+00:00
[2022-11-04 11:24:29,848] {processor.py:161} INFO - Processing /opt/airflow/dags/group_dag.py took 0.264 seconds
[2022-11-04 11:25:00,064] {processor.py:153} INFO - Started process (PID=180) to work on /opt/airflow/dags/group_dag.py
[2022-11-04 11:25:00,069] {processor.py:641} INFO - Processing file /opt/airflow/dags/group_dag.py for tasks to queue
[2022-11-04 11:25:00,072] {logging_mixin.py:115} INFO - [2022-11-04 11:25:00,072] {dagbag.py:507} INFO - Filling up the DagBag from /opt/airflow/dags/group_dag.py
[2022-11-04 11:25:00,096] {processor.py:651} INFO - DAG(s) dict_keys(['group_dag']) retrieved from /opt/airflow/dags/group_dag.py
[2022-11-04 11:25:00,156] {logging_mixin.py:115} INFO - [2022-11-04 11:25:00,156] {dag.py:2371} INFO - Sync 1 DAGs
[2022-11-04 11:25:00,362] {logging_mixin.py:115} INFO - [2022-11-04 11:25:00,362] {dag.py:2919} INFO - Setting next_dagrun for group_dag to 2022-11-03T00:00:00+00:00, run_after=2022-11-04T00:00:00+00:00
[2022-11-04 11:25:00,370] {processor.py:161} INFO - Processing /opt/airflow/dags/group_dag.py took 0.320 seconds
[2022-11-04 11:25:30,628] {processor.py:153} INFO - Started process (PID=211) to work on /opt/airflow/dags/group_dag.py
[2022-11-04 11:25:30,635] {processor.py:641} INFO - Processing file /opt/airflow/dags/group_dag.py for tasks to queue
[2022-11-04 11:25:30,641] {logging_mixin.py:115} INFO - [2022-11-04 11:25:30,641] {dagbag.py:507} INFO - Filling up the DagBag from /opt/airflow/dags/group_dag.py
[2022-11-04 11:25:30,704] {processor.py:651} INFO - DAG(s) dict_keys(['group_dag']) retrieved from /opt/airflow/dags/group_dag.py
[2022-11-04 11:25:31,098] {logging_mixin.py:115} INFO - [2022-11-04 11:25:31,098] {dag.py:2371} INFO - Sync 1 DAGs
[2022-11-04 11:25:31,587] {logging_mixin.py:115} INFO - [2022-11-04 11:25:31,587] {dag.py:2919} INFO - Setting next_dagrun for group_dag to 2022-11-03T00:00:00+00:00, run_after=2022-11-04T00:00:00+00:00
[2022-11-04 11:25:31,635] {processor.py:161} INFO - Processing /opt/airflow/dags/group_dag.py took 1.014 seconds
[2022-11-04 11:25:35,765] {processor.py:153} INFO - Started process (PID=213) to work on /opt/airflow/dags/group_dag.py
[2022-11-04 11:25:35,767] {processor.py:641} INFO - Processing file /opt/airflow/dags/group_dag.py for tasks to queue
[2022-11-04 11:25:35,769] {logging_mixin.py:115} INFO - [2022-11-04 11:25:35,769] {dagbag.py:507} INFO - Filling up the DagBag from /opt/airflow/dags/group_dag.py
[2022-11-04 11:25:35,811] {processor.py:651} INFO - DAG(s) dict_keys(['group_dag']) retrieved from /opt/airflow/dags/group_dag.py
[2022-11-04 11:25:35,883] {logging_mixin.py:115} INFO - [2022-11-04 11:25:35,882] {dag.py:2371} INFO - Sync 1 DAGs
[2022-11-04 11:25:36,133] {logging_mixin.py:115} INFO - [2022-11-04 11:25:36,133] {dag.py:2919} INFO - Setting next_dagrun for group_dag to 2022-11-03T00:00:00+00:00, run_after=2022-11-04T00:00:00+00:00
[2022-11-04 11:25:36,148] {processor.py:161} INFO - Processing /opt/airflow/dags/group_dag.py took 0.388 seconds
[2022-11-04 11:26:06,569] {processor.py:153} INFO - Started process (PID=243) to work on /opt/airflow/dags/group_dag.py
[2022-11-04 11:26:06,598] {processor.py:641} INFO - Processing file /opt/airflow/dags/group_dag.py for tasks to queue
[2022-11-04 11:26:06,621] {logging_mixin.py:115} INFO - [2022-11-04 11:26:06,621] {dagbag.py:507} INFO - Filling up the DagBag from /opt/airflow/dags/group_dag.py
[2022-11-04 11:26:07,081] {processor.py:651} INFO - DAG(s) dict_keys(['group_dag']) retrieved from /opt/airflow/dags/group_dag.py
[2022-11-04 11:26:07,220] {logging_mixin.py:115} INFO - [2022-11-04 11:26:07,220] {dag.py:2371} INFO - Sync 1 DAGs
[2022-11-04 11:26:07,863] {logging_mixin.py:115} INFO - [2022-11-04 11:26:07,863] {dag.py:2919} INFO - Setting next_dagrun for group_dag to 2022-11-03T00:00:00+00:00, run_after=2022-11-04T00:00:00+00:00
[2022-11-04 11:26:07,986] {processor.py:161} INFO - Processing /opt/airflow/dags/group_dag.py took 1.464 seconds
[2022-11-04 11:26:38,485] {processor.py:153} INFO - Started process (PID=274) to work on /opt/airflow/dags/group_dag.py
[2022-11-04 11:26:38,486] {processor.py:641} INFO - Processing file /opt/airflow/dags/group_dag.py for tasks to queue
[2022-11-04 11:26:38,487] {logging_mixin.py:115} INFO - [2022-11-04 11:26:38,487] {dagbag.py:507} INFO - Filling up the DagBag from /opt/airflow/dags/group_dag.py
[2022-11-04 11:26:38,499] {processor.py:651} INFO - DAG(s) dict_keys(['group_dag']) retrieved from /opt/airflow/dags/group_dag.py
[2022-11-04 11:26:38,526] {logging_mixin.py:115} INFO - [2022-11-04 11:26:38,526] {dag.py:2371} INFO - Sync 1 DAGs
[2022-11-04 11:26:38,685] {logging_mixin.py:115} INFO - [2022-11-04 11:26:38,685] {dag.py:2919} INFO - Setting next_dagrun for group_dag to 2022-11-03T00:00:00+00:00, run_after=2022-11-04T00:00:00+00:00
[2022-11-04 11:26:38,693] {processor.py:161} INFO - Processing /opt/airflow/dags/group_dag.py took 0.211 seconds
[2022-11-04 11:27:09,124] {processor.py:153} INFO - Started process (PID=303) to work on /opt/airflow/dags/group_dag.py
[2022-11-04 11:27:09,129] {processor.py:641} INFO - Processing file /opt/airflow/dags/group_dag.py for tasks to queue
[2022-11-04 11:27:09,145] {logging_mixin.py:115} INFO - [2022-11-04 11:27:09,145] {dagbag.py:507} INFO - Filling up the DagBag from /opt/airflow/dags/group_dag.py
[2022-11-04 11:27:09,174] {processor.py:651} INFO - DAG(s) dict_keys(['group_dag']) retrieved from /opt/airflow/dags/group_dag.py
[2022-11-04 11:27:09,273] {logging_mixin.py:115} INFO - [2022-11-04 11:27:09,273] {dag.py:2371} INFO - Sync 1 DAGs
[2022-11-04 11:27:09,629] {logging_mixin.py:115} INFO - [2022-11-04 11:27:09,629] {dag.py:2919} INFO - Setting next_dagrun for group_dag to 2022-11-03T00:00:00+00:00, run_after=2022-11-04T00:00:00+00:00
[2022-11-04 11:27:09,650] {processor.py:161} INFO - Processing /opt/airflow/dags/group_dag.py took 0.532 seconds
[2022-11-04 11:27:39,790] {processor.py:153} INFO - Started process (PID=324) to work on /opt/airflow/dags/group_dag.py
[2022-11-04 11:27:39,793] {processor.py:641} INFO - Processing file /opt/airflow/dags/group_dag.py for tasks to queue
[2022-11-04 11:27:39,795] {logging_mixin.py:115} INFO - [2022-11-04 11:27:39,795] {dagbag.py:507} INFO - Filling up the DagBag from /opt/airflow/dags/group_dag.py
[2022-11-04 11:27:39,814] {processor.py:651} INFO - DAG(s) dict_keys(['group_dag']) retrieved from /opt/airflow/dags/group_dag.py
[2022-11-04 11:27:39,878] {logging_mixin.py:115} INFO - [2022-11-04 11:27:39,877] {dag.py:2371} INFO - Sync 1 DAGs
[2022-11-04 11:27:40,158] {logging_mixin.py:115} INFO - [2022-11-04 11:27:40,158] {dag.py:2919} INFO - Setting next_dagrun for group_dag to 2022-11-03T00:00:00+00:00, run_after=2022-11-04T00:00:00+00:00
[2022-11-04 11:27:40,167] {processor.py:161} INFO - Processing /opt/airflow/dags/group_dag.py took 0.391 seconds
[2022-11-04 11:28:10,284] {processor.py:153} INFO - Started process (PID=354) to work on /opt/airflow/dags/group_dag.py
[2022-11-04 11:28:10,287] {processor.py:641} INFO - Processing file /opt/airflow/dags/group_dag.py for tasks to queue
[2022-11-04 11:28:10,288] {logging_mixin.py:115} INFO - [2022-11-04 11:28:10,288] {dagbag.py:507} INFO - Filling up the DagBag from /opt/airflow/dags/group_dag.py
[2022-11-04 11:28:10,304] {processor.py:651} INFO - DAG(s) dict_keys(['group_dag']) retrieved from /opt/airflow/dags/group_dag.py
[2022-11-04 11:28:10,332] {logging_mixin.py:115} INFO - [2022-11-04 11:28:10,332] {dag.py:2371} INFO - Sync 1 DAGs
[2022-11-04 11:28:10,497] {logging_mixin.py:115} INFO - [2022-11-04 11:28:10,497] {dag.py:2919} INFO - Setting next_dagrun for group_dag to 2022-11-03T00:00:00+00:00, run_after=2022-11-04T00:00:00+00:00
[2022-11-04 11:28:10,505] {processor.py:161} INFO - Processing /opt/airflow/dags/group_dag.py took 0.225 seconds
[2022-11-04 11:28:40,908] {processor.py:153} INFO - Started process (PID=385) to work on /opt/airflow/dags/group_dag.py
[2022-11-04 11:28:40,909] {processor.py:641} INFO - Processing file /opt/airflow/dags/group_dag.py for tasks to queue
[2022-11-04 11:28:40,911] {logging_mixin.py:115} INFO - [2022-11-04 11:28:40,911] {dagbag.py:507} INFO - Filling up the DagBag from /opt/airflow/dags/group_dag.py
[2022-11-04 11:28:40,926] {processor.py:651} INFO - DAG(s) dict_keys(['group_dag']) retrieved from /opt/airflow/dags/group_dag.py
[2022-11-04 11:28:40,953] {logging_mixin.py:115} INFO - [2022-11-04 11:28:40,953] {dag.py:2371} INFO - Sync 1 DAGs
[2022-11-04 11:28:41,159] {logging_mixin.py:115} INFO - [2022-11-04 11:28:41,159] {dag.py:2919} INFO - Setting next_dagrun for group_dag to 2022-11-03T00:00:00+00:00, run_after=2022-11-04T00:00:00+00:00
[2022-11-04 11:28:41,171] {processor.py:161} INFO - Processing /opt/airflow/dags/group_dag.py took 0.267 seconds
[2022-11-04 11:29:11,256] {processor.py:153} INFO - Started process (PID=408) to work on /opt/airflow/dags/group_dag.py
[2022-11-04 11:29:11,259] {processor.py:641} INFO - Processing file /opt/airflow/dags/group_dag.py for tasks to queue
[2022-11-04 11:29:11,260] {logging_mixin.py:115} INFO - [2022-11-04 11:29:11,260] {dagbag.py:507} INFO - Filling up the DagBag from /opt/airflow/dags/group_dag.py
[2022-11-04 11:29:11,274] {processor.py:651} INFO - DAG(s) dict_keys(['group_dag']) retrieved from /opt/airflow/dags/group_dag.py
[2022-11-04 11:29:11,300] {logging_mixin.py:115} INFO - [2022-11-04 11:29:11,300] {dag.py:2371} INFO - Sync 1 DAGs
[2022-11-04 11:29:11,436] {logging_mixin.py:115} INFO - [2022-11-04 11:29:11,435] {dag.py:2919} INFO - Setting next_dagrun for group_dag to 2022-11-03T00:00:00+00:00, run_after=2022-11-04T00:00:00+00:00
[2022-11-04 11:29:11,446] {processor.py:161} INFO - Processing /opt/airflow/dags/group_dag.py took 0.193 seconds
[2022-11-04 11:29:41,644] {processor.py:153} INFO - Started process (PID=439) to work on /opt/airflow/dags/group_dag.py
[2022-11-04 11:29:41,646] {processor.py:641} INFO - Processing file /opt/airflow/dags/group_dag.py for tasks to queue
[2022-11-04 11:29:41,647] {logging_mixin.py:115} INFO - [2022-11-04 11:29:41,647] {dagbag.py:507} INFO - Filling up the DagBag from /opt/airflow/dags/group_dag.py
[2022-11-04 11:29:41,658] {processor.py:651} INFO - DAG(s) dict_keys(['group_dag']) retrieved from /opt/airflow/dags/group_dag.py
[2022-11-04 11:29:41,681] {logging_mixin.py:115} INFO - [2022-11-04 11:29:41,681] {dag.py:2371} INFO - Sync 1 DAGs
[2022-11-04 11:29:41,800] {logging_mixin.py:115} INFO - [2022-11-04 11:29:41,800] {dag.py:2919} INFO - Setting next_dagrun for group_dag to 2022-11-03T00:00:00+00:00, run_after=2022-11-04T00:00:00+00:00
[2022-11-04 11:29:41,807] {processor.py:161} INFO - Processing /opt/airflow/dags/group_dag.py took 0.166 seconds
[2022-11-04 11:30:12,334] {processor.py:153} INFO - Started process (PID=471) to work on /opt/airflow/dags/group_dag.py
[2022-11-04 11:30:12,336] {processor.py:641} INFO - Processing file /opt/airflow/dags/group_dag.py for tasks to queue
[2022-11-04 11:30:12,337] {logging_mixin.py:115} INFO - [2022-11-04 11:30:12,337] {dagbag.py:507} INFO - Filling up the DagBag from /opt/airflow/dags/group_dag.py
[2022-11-04 11:30:12,355] {processor.py:651} INFO - DAG(s) dict_keys(['group_dag']) retrieved from /opt/airflow/dags/group_dag.py
[2022-11-04 11:30:12,387] {logging_mixin.py:115} INFO - [2022-11-04 11:30:12,386] {dag.py:2371} INFO - Sync 1 DAGs
[2022-11-04 11:30:12,532] {logging_mixin.py:115} INFO - [2022-11-04 11:30:12,532] {dag.py:2919} INFO - Setting next_dagrun for group_dag to 2022-11-03T00:00:00+00:00, run_after=2022-11-04T00:00:00+00:00
[2022-11-04 11:30:12,540] {processor.py:161} INFO - Processing /opt/airflow/dags/group_dag.py took 0.211 seconds
[2022-11-04 11:30:42,783] {processor.py:153} INFO - Started process (PID=503) to work on /opt/airflow/dags/group_dag.py
[2022-11-04 11:30:42,784] {processor.py:641} INFO - Processing file /opt/airflow/dags/group_dag.py for tasks to queue
[2022-11-04 11:30:42,786] {logging_mixin.py:115} INFO - [2022-11-04 11:30:42,786] {dagbag.py:507} INFO - Filling up the DagBag from /opt/airflow/dags/group_dag.py
[2022-11-04 11:30:42,799] {processor.py:651} INFO - DAG(s) dict_keys(['group_dag']) retrieved from /opt/airflow/dags/group_dag.py
[2022-11-04 11:30:42,824] {logging_mixin.py:115} INFO - [2022-11-04 11:30:42,824] {dag.py:2371} INFO - Sync 1 DAGs
[2022-11-04 11:30:42,963] {logging_mixin.py:115} INFO - [2022-11-04 11:30:42,963] {dag.py:2919} INFO - Setting next_dagrun for group_dag to 2022-11-03T00:00:00+00:00, run_after=2022-11-04T00:00:00+00:00
[2022-11-04 11:30:42,978] {processor.py:161} INFO - Processing /opt/airflow/dags/group_dag.py took 0.200 seconds
[2022-11-04 11:31:13,386] {processor.py:153} INFO - Started process (PID=526) to work on /opt/airflow/dags/group_dag.py
[2022-11-04 11:31:13,388] {processor.py:641} INFO - Processing file /opt/airflow/dags/group_dag.py for tasks to queue
[2022-11-04 11:31:13,410] {logging_mixin.py:115} INFO - [2022-11-04 11:31:13,410] {dagbag.py:507} INFO - Filling up the DagBag from /opt/airflow/dags/group_dag.py
[2022-11-04 11:31:13,423] {processor.py:651} INFO - DAG(s) dict_keys(['group_dag']) retrieved from /opt/airflow/dags/group_dag.py
[2022-11-04 11:31:13,452] {logging_mixin.py:115} INFO - [2022-11-04 11:31:13,451] {dag.py:2371} INFO - Sync 1 DAGs
[2022-11-04 11:31:13,563] {logging_mixin.py:115} INFO - [2022-11-04 11:31:13,563] {dag.py:2919} INFO - Setting next_dagrun for group_dag to 2022-11-03T00:00:00+00:00, run_after=2022-11-04T00:00:00+00:00
[2022-11-04 11:31:13,570] {processor.py:161} INFO - Processing /opt/airflow/dags/group_dag.py took 0.187 seconds
[2022-11-04 11:31:43,769] {processor.py:153} INFO - Started process (PID=557) to work on /opt/airflow/dags/group_dag.py
[2022-11-04 11:31:43,772] {processor.py:641} INFO - Processing file /opt/airflow/dags/group_dag.py for tasks to queue
[2022-11-04 11:31:43,775] {logging_mixin.py:115} INFO - [2022-11-04 11:31:43,775] {dagbag.py:507} INFO - Filling up the DagBag from /opt/airflow/dags/group_dag.py
[2022-11-04 11:31:43,794] {processor.py:651} INFO - DAG(s) dict_keys(['group_dag']) retrieved from /opt/airflow/dags/group_dag.py
[2022-11-04 11:31:43,831] {logging_mixin.py:115} INFO - [2022-11-04 11:31:43,831] {dag.py:2371} INFO - Sync 1 DAGs
[2022-11-04 11:31:44,153] {logging_mixin.py:115} INFO - [2022-11-04 11:31:44,152] {dag.py:2919} INFO - Setting next_dagrun for group_dag to 2022-11-03T00:00:00+00:00, run_after=2022-11-04T00:00:00+00:00
[2022-11-04 11:31:44,165] {processor.py:161} INFO - Processing /opt/airflow/dags/group_dag.py took 0.404 seconds
[2022-11-04 11:32:14,701] {processor.py:153} INFO - Started process (PID=591) to work on /opt/airflow/dags/group_dag.py
[2022-11-04 11:32:14,703] {processor.py:641} INFO - Processing file /opt/airflow/dags/group_dag.py for tasks to queue
[2022-11-04 11:32:14,704] {logging_mixin.py:115} INFO - [2022-11-04 11:32:14,704] {dagbag.py:507} INFO - Filling up the DagBag from /opt/airflow/dags/group_dag.py
[2022-11-04 11:32:14,716] {processor.py:651} INFO - DAG(s) dict_keys(['group_dag']) retrieved from /opt/airflow/dags/group_dag.py
[2022-11-04 11:32:14,738] {logging_mixin.py:115} INFO - [2022-11-04 11:32:14,738] {dag.py:2371} INFO - Sync 1 DAGs
[2022-11-04 11:32:14,839] {logging_mixin.py:115} INFO - [2022-11-04 11:32:14,839] {dag.py:2919} INFO - Setting next_dagrun for group_dag to 2022-11-03T00:00:00+00:00, run_after=2022-11-04T00:00:00+00:00
[2022-11-04 11:32:14,846] {processor.py:161} INFO - Processing /opt/airflow/dags/group_dag.py took 0.148 seconds
[2022-11-04 11:32:45,209] {processor.py:153} INFO - Started process (PID=618) to work on /opt/airflow/dags/group_dag.py
[2022-11-04 11:32:45,212] {processor.py:641} INFO - Processing file /opt/airflow/dags/group_dag.py for tasks to queue
[2022-11-04 11:32:45,214] {logging_mixin.py:115} INFO - [2022-11-04 11:32:45,213] {dagbag.py:507} INFO - Filling up the DagBag from /opt/airflow/dags/group_dag.py
[2022-11-04 11:32:45,231] {processor.py:651} INFO - DAG(s) dict_keys(['group_dag']) retrieved from /opt/airflow/dags/group_dag.py
[2022-11-04 11:32:45,272] {logging_mixin.py:115} INFO - [2022-11-04 11:32:45,271] {dag.py:2371} INFO - Sync 1 DAGs
[2022-11-04 11:32:45,421] {logging_mixin.py:115} INFO - [2022-11-04 11:32:45,420] {dag.py:2919} INFO - Setting next_dagrun for group_dag to 2022-11-03T00:00:00+00:00, run_after=2022-11-04T00:00:00+00:00
[2022-11-04 11:32:45,432] {processor.py:161} INFO - Processing /opt/airflow/dags/group_dag.py took 0.230 seconds
[2022-11-04 11:33:16,000] {processor.py:153} INFO - Started process (PID=641) to work on /opt/airflow/dags/group_dag.py
[2022-11-04 11:33:16,002] {processor.py:641} INFO - Processing file /opt/airflow/dags/group_dag.py for tasks to queue
[2022-11-04 11:33:16,004] {logging_mixin.py:115} INFO - [2022-11-04 11:33:16,004] {dagbag.py:507} INFO - Filling up the DagBag from /opt/airflow/dags/group_dag.py
[2022-11-04 11:33:16,015] {processor.py:651} INFO - DAG(s) dict_keys(['group_dag']) retrieved from /opt/airflow/dags/group_dag.py
[2022-11-04 11:33:16,037] {logging_mixin.py:115} INFO - [2022-11-04 11:33:16,037] {dag.py:2371} INFO - Sync 1 DAGs
[2022-11-04 11:33:16,131] {logging_mixin.py:115} INFO - [2022-11-04 11:33:16,131] {dag.py:2919} INFO - Setting next_dagrun for group_dag to 2022-11-03T00:00:00+00:00, run_after=2022-11-04T00:00:00+00:00
[2022-11-04 11:33:16,138] {processor.py:161} INFO - Processing /opt/airflow/dags/group_dag.py took 0.142 seconds
[2022-11-04 11:33:46,761] {processor.py:153} INFO - Started process (PID=673) to work on /opt/airflow/dags/group_dag.py
[2022-11-04 11:33:46,764] {processor.py:641} INFO - Processing file /opt/airflow/dags/group_dag.py for tasks to queue
[2022-11-04 11:33:46,766] {logging_mixin.py:115} INFO - [2022-11-04 11:33:46,766] {dagbag.py:507} INFO - Filling up the DagBag from /opt/airflow/dags/group_dag.py
[2022-11-04 11:33:46,786] {processor.py:651} INFO - DAG(s) dict_keys(['group_dag']) retrieved from /opt/airflow/dags/group_dag.py
[2022-11-04 11:33:46,825] {logging_mixin.py:115} INFO - [2022-11-04 11:33:46,825] {dag.py:2371} INFO - Sync 1 DAGs
[2022-11-04 11:33:46,973] {logging_mixin.py:115} INFO - [2022-11-04 11:33:46,973] {dag.py:2919} INFO - Setting next_dagrun for group_dag to 2022-11-03T00:00:00+00:00, run_after=2022-11-04T00:00:00+00:00
[2022-11-04 11:33:46,981] {processor.py:161} INFO - Processing /opt/airflow/dags/group_dag.py took 0.226 seconds
[2022-11-04 11:34:17,104] {processor.py:153} INFO - Started process (PID=704) to work on /opt/airflow/dags/group_dag.py
[2022-11-04 11:34:17,107] {processor.py:641} INFO - Processing file /opt/airflow/dags/group_dag.py for tasks to queue
[2022-11-04 11:34:17,109] {logging_mixin.py:115} INFO - [2022-11-04 11:34:17,109] {dagbag.py:507} INFO - Filling up the DagBag from /opt/airflow/dags/group_dag.py
[2022-11-04 11:34:17,126] {processor.py:651} INFO - DAG(s) dict_keys(['group_dag']) retrieved from /opt/airflow/dags/group_dag.py
[2022-11-04 11:34:17,160] {logging_mixin.py:115} INFO - [2022-11-04 11:34:17,160] {dag.py:2371} INFO - Sync 1 DAGs
[2022-11-04 11:34:17,267] {logging_mixin.py:115} INFO - [2022-11-04 11:34:17,267] {dag.py:2919} INFO - Setting next_dagrun for group_dag to 2022-11-03T00:00:00+00:00, run_after=2022-11-04T00:00:00+00:00
[2022-11-04 11:34:17,275] {processor.py:161} INFO - Processing /opt/airflow/dags/group_dag.py took 0.173 seconds
[2022-11-04 11:34:47,797] {processor.py:153} INFO - Started process (PID=726) to work on /opt/airflow/dags/group_dag.py
[2022-11-04 11:34:47,801] {processor.py:641} INFO - Processing file /opt/airflow/dags/group_dag.py for tasks to queue
[2022-11-04 11:34:47,805] {logging_mixin.py:115} INFO - [2022-11-04 11:34:47,805] {dagbag.py:507} INFO - Filling up the DagBag from /opt/airflow/dags/group_dag.py
[2022-11-04 11:34:47,842] {processor.py:651} INFO - DAG(s) dict_keys(['group_dag']) retrieved from /opt/airflow/dags/group_dag.py
[2022-11-04 11:34:47,902] {logging_mixin.py:115} INFO - [2022-11-04 11:34:47,902] {dag.py:2371} INFO - Sync 1 DAGs
[2022-11-04 11:34:48,198] {logging_mixin.py:115} INFO - [2022-11-04 11:34:48,198] {dag.py:2919} INFO - Setting next_dagrun for group_dag to 2022-11-03T00:00:00+00:00, run_after=2022-11-04T00:00:00+00:00
[2022-11-04 11:34:48,211] {processor.py:161} INFO - Processing /opt/airflow/dags/group_dag.py took 0.418 seconds
[2022-11-04 11:35:18,672] {processor.py:153} INFO - Started process (PID=756) to work on /opt/airflow/dags/group_dag.py
[2022-11-04 11:35:18,707] {processor.py:641} INFO - Processing file /opt/airflow/dags/group_dag.py for tasks to queue
[2022-11-04 11:35:18,733] {logging_mixin.py:115} INFO - [2022-11-04 11:35:18,731] {dagbag.py:507} INFO - Filling up the DagBag from /opt/airflow/dags/group_dag.py
[2022-11-04 11:35:18,872] {processor.py:651} INFO - DAG(s) dict_keys(['group_dag']) retrieved from /opt/airflow/dags/group_dag.py
[2022-11-04 11:35:19,029] {logging_mixin.py:115} INFO - [2022-11-04 11:35:19,029] {dag.py:2371} INFO - Sync 1 DAGs
[2022-11-04 11:35:19,813] {logging_mixin.py:115} INFO - [2022-11-04 11:35:19,813] {dag.py:2919} INFO - Setting next_dagrun for group_dag to 2022-11-03T00:00:00+00:00, run_after=2022-11-04T00:00:00+00:00
[2022-11-04 11:35:19,825] {processor.py:161} INFO - Processing /opt/airflow/dags/group_dag.py took 1.178 seconds
[2022-11-04 11:35:50,543] {processor.py:153} INFO - Started process (PID=779) to work on /opt/airflow/dags/group_dag.py
[2022-11-04 11:35:50,547] {processor.py:641} INFO - Processing file /opt/airflow/dags/group_dag.py for tasks to queue
[2022-11-04 11:35:50,550] {logging_mixin.py:115} INFO - [2022-11-04 11:35:50,550] {dagbag.py:507} INFO - Filling up the DagBag from /opt/airflow/dags/group_dag.py
[2022-11-04 11:35:50,589] {processor.py:651} INFO - DAG(s) dict_keys(['group_dag']) retrieved from /opt/airflow/dags/group_dag.py
[2022-11-04 11:35:50,663] {logging_mixin.py:115} INFO - [2022-11-04 11:35:50,663] {dag.py:2371} INFO - Sync 1 DAGs
[2022-11-04 11:35:50,964] {logging_mixin.py:115} INFO - [2022-11-04 11:35:50,964] {dag.py:2919} INFO - Setting next_dagrun for group_dag to 2022-11-03T00:00:00+00:00, run_after=2022-11-04T00:00:00+00:00
[2022-11-04 11:35:50,976] {processor.py:161} INFO - Processing /opt/airflow/dags/group_dag.py took 0.438 seconds
[2022-11-04 11:36:21,204] {processor.py:153} INFO - Started process (PID=810) to work on /opt/airflow/dags/group_dag.py
[2022-11-04 11:36:21,206] {processor.py:641} INFO - Processing file /opt/airflow/dags/group_dag.py for tasks to queue
[2022-11-04 11:36:21,207] {logging_mixin.py:115} INFO - [2022-11-04 11:36:21,207] {dagbag.py:507} INFO - Filling up the DagBag from /opt/airflow/dags/group_dag.py
[2022-11-04 11:36:21,220] {processor.py:651} INFO - DAG(s) dict_keys(['group_dag']) retrieved from /opt/airflow/dags/group_dag.py
[2022-11-04 11:36:21,252] {logging_mixin.py:115} INFO - [2022-11-04 11:36:21,251] {dag.py:2371} INFO - Sync 1 DAGs
[2022-11-04 11:36:21,376] {logging_mixin.py:115} INFO - [2022-11-04 11:36:21,376] {dag.py:2919} INFO - Setting next_dagrun for group_dag to 2022-11-03T00:00:00+00:00, run_after=2022-11-04T00:00:00+00:00
[2022-11-04 11:36:21,384] {processor.py:161} INFO - Processing /opt/airflow/dags/group_dag.py took 0.186 seconds
[2022-11-04 11:36:51,617] {processor.py:153} INFO - Started process (PID=839) to work on /opt/airflow/dags/group_dag.py
[2022-11-04 11:36:51,619] {processor.py:641} INFO - Processing file /opt/airflow/dags/group_dag.py for tasks to queue
[2022-11-04 11:36:51,621] {logging_mixin.py:115} INFO - [2022-11-04 11:36:51,621] {dagbag.py:507} INFO - Filling up the DagBag from /opt/airflow/dags/group_dag.py
[2022-11-04 11:36:51,650] {processor.py:651} INFO - DAG(s) dict_keys(['group_dag']) retrieved from /opt/airflow/dags/group_dag.py
[2022-11-04 11:36:51,746] {logging_mixin.py:115} INFO - [2022-11-04 11:36:51,746] {dag.py:2371} INFO - Sync 1 DAGs
[2022-11-04 11:36:52,053] {logging_mixin.py:115} INFO - [2022-11-04 11:36:52,053] {dag.py:2919} INFO - Setting next_dagrun for group_dag to 2022-11-03T00:00:00+00:00, run_after=2022-11-04T00:00:00+00:00
[2022-11-04 11:36:52,067] {processor.py:161} INFO - Processing /opt/airflow/dags/group_dag.py took 0.456 seconds
[2022-11-04 11:37:22,353] {processor.py:153} INFO - Started process (PID=861) to work on /opt/airflow/dags/group_dag.py
[2022-11-04 11:37:22,355] {processor.py:641} INFO - Processing file /opt/airflow/dags/group_dag.py for tasks to queue
[2022-11-04 11:37:22,356] {logging_mixin.py:115} INFO - [2022-11-04 11:37:22,356] {dagbag.py:507} INFO - Filling up the DagBag from /opt/airflow/dags/group_dag.py
[2022-11-04 11:37:22,374] {processor.py:651} INFO - DAG(s) dict_keys(['group_dag']) retrieved from /opt/airflow/dags/group_dag.py
[2022-11-04 11:37:22,409] {logging_mixin.py:115} INFO - [2022-11-04 11:37:22,408] {dag.py:2371} INFO - Sync 1 DAGs
[2022-11-04 11:37:22,560] {logging_mixin.py:115} INFO - [2022-11-04 11:37:22,559] {dag.py:2919} INFO - Setting next_dagrun for group_dag to 2022-11-03T00:00:00+00:00, run_after=2022-11-04T00:00:00+00:00
[2022-11-04 11:37:22,568] {processor.py:161} INFO - Processing /opt/airflow/dags/group_dag.py took 0.219 seconds
[2022-11-04 11:37:53,293] {processor.py:153} INFO - Started process (PID=892) to work on /opt/airflow/dags/group_dag.py
[2022-11-04 11:37:53,296] {processor.py:641} INFO - Processing file /opt/airflow/dags/group_dag.py for tasks to queue
[2022-11-04 11:37:53,298] {logging_mixin.py:115} INFO - [2022-11-04 11:37:53,298] {dagbag.py:507} INFO - Filling up the DagBag from /opt/airflow/dags/group_dag.py
[2022-11-04 11:37:53,317] {processor.py:651} INFO - DAG(s) dict_keys(['group_dag']) retrieved from /opt/airflow/dags/group_dag.py
[2022-11-04 11:37:53,353] {logging_mixin.py:115} INFO - [2022-11-04 11:37:53,353] {dag.py:2371} INFO - Sync 1 DAGs
[2022-11-04 11:37:53,525] {logging_mixin.py:115} INFO - [2022-11-04 11:37:53,524] {dag.py:2919} INFO - Setting next_dagrun for group_dag to 2022-11-03T00:00:00+00:00, run_after=2022-11-04T00:00:00+00:00
[2022-11-04 11:37:53,538] {processor.py:161} INFO - Processing /opt/airflow/dags/group_dag.py took 0.250 seconds
[2022-11-04 11:38:23,834] {processor.py:153} INFO - Started process (PID=915) to work on /opt/airflow/dags/group_dag.py
[2022-11-04 11:38:23,836] {processor.py:641} INFO - Processing file /opt/airflow/dags/group_dag.py for tasks to queue
[2022-11-04 11:38:23,837] {logging_mixin.py:115} INFO - [2022-11-04 11:38:23,837] {dagbag.py:507} INFO - Filling up the DagBag from /opt/airflow/dags/group_dag.py
[2022-11-04 11:38:23,848] {processor.py:651} INFO - DAG(s) dict_keys(['group_dag']) retrieved from /opt/airflow/dags/group_dag.py
[2022-11-04 11:38:23,872] {logging_mixin.py:115} INFO - [2022-11-04 11:38:23,872] {dag.py:2371} INFO - Sync 1 DAGs
[2022-11-04 11:38:23,985] {logging_mixin.py:115} INFO - [2022-11-04 11:38:23,985] {dag.py:2919} INFO - Setting next_dagrun for group_dag to 2022-11-03T00:00:00+00:00, run_after=2022-11-04T00:00:00+00:00
[2022-11-04 11:38:23,994] {processor.py:161} INFO - Processing /opt/airflow/dags/group_dag.py took 0.162 seconds
[2022-11-04 11:38:54,582] {processor.py:153} INFO - Started process (PID=946) to work on /opt/airflow/dags/group_dag.py
[2022-11-04 11:38:54,584] {processor.py:641} INFO - Processing file /opt/airflow/dags/group_dag.py for tasks to queue
[2022-11-04 11:38:54,585] {logging_mixin.py:115} INFO - [2022-11-04 11:38:54,585] {dagbag.py:507} INFO - Filling up the DagBag from /opt/airflow/dags/group_dag.py
[2022-11-04 11:38:54,601] {processor.py:651} INFO - DAG(s) dict_keys(['group_dag']) retrieved from /opt/airflow/dags/group_dag.py
[2022-11-04 11:38:54,625] {logging_mixin.py:115} INFO - [2022-11-04 11:38:54,625] {dag.py:2371} INFO - Sync 1 DAGs
[2022-11-04 11:38:54,736] {logging_mixin.py:115} INFO - [2022-11-04 11:38:54,736] {dag.py:2919} INFO - Setting next_dagrun for group_dag to 2022-11-03T00:00:00+00:00, run_after=2022-11-04T00:00:00+00:00
[2022-11-04 11:38:54,747] {processor.py:161} INFO - Processing /opt/airflow/dags/group_dag.py took 0.167 seconds
[2022-11-04 11:39:24,842] {processor.py:153} INFO - Started process (PID=968) to work on /opt/airflow/dags/group_dag.py
[2022-11-04 11:39:24,848] {processor.py:641} INFO - Processing file /opt/airflow/dags/group_dag.py for tasks to queue
[2022-11-04 11:39:24,852] {logging_mixin.py:115} INFO - [2022-11-04 11:39:24,852] {dagbag.py:507} INFO - Filling up the DagBag from /opt/airflow/dags/group_dag.py
[2022-11-04 11:39:24,882] {processor.py:651} INFO - DAG(s) dict_keys(['group_dag']) retrieved from /opt/airflow/dags/group_dag.py
[2022-11-04 11:39:24,911] {logging_mixin.py:115} INFO - [2022-11-04 11:39:24,911] {dag.py:2371} INFO - Sync 1 DAGs
[2022-11-04 11:39:25,115] {logging_mixin.py:115} INFO - [2022-11-04 11:39:25,115] {dag.py:2919} INFO - Setting next_dagrun for group_dag to 2022-11-03T00:00:00+00:00, run_after=2022-11-04T00:00:00+00:00
[2022-11-04 11:39:25,144] {processor.py:161} INFO - Processing /opt/airflow/dags/group_dag.py took 0.307 seconds
[2022-11-04 11:39:55,626] {processor.py:153} INFO - Started process (PID=999) to work on /opt/airflow/dags/group_dag.py
[2022-11-04 11:39:55,643] {processor.py:641} INFO - Processing file /opt/airflow/dags/group_dag.py for tasks to queue
[2022-11-04 11:39:55,664] {logging_mixin.py:115} INFO - [2022-11-04 11:39:55,664] {dagbag.py:507} INFO - Filling up the DagBag from /opt/airflow/dags/group_dag.py
[2022-11-04 11:39:55,773] {processor.py:651} INFO - DAG(s) dict_keys(['group_dag']) retrieved from /opt/airflow/dags/group_dag.py
[2022-11-04 11:39:55,939] {logging_mixin.py:115} INFO - [2022-11-04 11:39:55,939] {dag.py:2371} INFO - Sync 1 DAGs
[2022-11-04 11:39:56,519] {logging_mixin.py:115} INFO - [2022-11-04 11:39:56,519] {dag.py:2919} INFO - Setting next_dagrun for group_dag to 2022-11-03T00:00:00+00:00, run_after=2022-11-04T00:00:00+00:00
[2022-11-04 11:39:56,543] {processor.py:161} INFO - Processing /opt/airflow/dags/group_dag.py took 0.952 seconds
[2022-11-04 11:40:27,200] {processor.py:153} INFO - Started process (PID=1030) to work on /opt/airflow/dags/group_dag.py
[2022-11-04 11:40:27,202] {processor.py:641} INFO - Processing file /opt/airflow/dags/group_dag.py for tasks to queue
[2022-11-04 11:40:27,207] {logging_mixin.py:115} INFO - [2022-11-04 11:40:27,207] {dagbag.py:507} INFO - Filling up the DagBag from /opt/airflow/dags/group_dag.py
[2022-11-04 11:40:27,230] {processor.py:651} INFO - DAG(s) dict_keys(['group_dag']) retrieved from /opt/airflow/dags/group_dag.py
[2022-11-04 11:40:27,277] {logging_mixin.py:115} INFO - [2022-11-04 11:40:27,276] {dag.py:2371} INFO - Sync 1 DAGs
[2022-11-04 11:40:27,451] {logging_mixin.py:115} INFO - [2022-11-04 11:40:27,451] {dag.py:2919} INFO - Setting next_dagrun for group_dag to 2022-11-03T00:00:00+00:00, run_after=2022-11-04T00:00:00+00:00
[2022-11-04 11:40:27,459] {processor.py:161} INFO - Processing /opt/airflow/dags/group_dag.py took 0.276 seconds
[2022-11-04 11:40:58,001] {processor.py:153} INFO - Started process (PID=1061) to work on /opt/airflow/dags/group_dag.py
[2022-11-04 11:40:58,007] {processor.py:641} INFO - Processing file /opt/airflow/dags/group_dag.py for tasks to queue
[2022-11-04 11:40:58,012] {logging_mixin.py:115} INFO - [2022-11-04 11:40:58,012] {dagbag.py:507} INFO - Filling up the DagBag from /opt/airflow/dags/group_dag.py
[2022-11-04 11:40:58,041] {processor.py:651} INFO - DAG(s) dict_keys(['group_dag']) retrieved from /opt/airflow/dags/group_dag.py
[2022-11-04 11:40:58,074] {logging_mixin.py:115} INFO - [2022-11-04 11:40:58,074] {dag.py:2371} INFO - Sync 1 DAGs
[2022-11-04 11:40:58,190] {logging_mixin.py:115} INFO - [2022-11-04 11:40:58,189] {dag.py:2919} INFO - Setting next_dagrun for group_dag to 2022-11-03T00:00:00+00:00, run_after=2022-11-04T00:00:00+00:00
[2022-11-04 11:40:58,218] {processor.py:161} INFO - Processing /opt/airflow/dags/group_dag.py took 0.222 seconds
[2022-11-04 11:41:28,534] {processor.py:153} INFO - Started process (PID=1084) to work on /opt/airflow/dags/group_dag.py
[2022-11-04 11:41:28,536] {processor.py:641} INFO - Processing file /opt/airflow/dags/group_dag.py for tasks to queue
[2022-11-04 11:41:28,538] {logging_mixin.py:115} INFO - [2022-11-04 11:41:28,538] {dagbag.py:507} INFO - Filling up the DagBag from /opt/airflow/dags/group_dag.py
[2022-11-04 11:41:28,550] {processor.py:651} INFO - DAG(s) dict_keys(['group_dag']) retrieved from /opt/airflow/dags/group_dag.py
[2022-11-04 11:41:28,571] {logging_mixin.py:115} INFO - [2022-11-04 11:41:28,571] {dag.py:2371} INFO - Sync 1 DAGs
[2022-11-04 11:41:28,663] {logging_mixin.py:115} INFO - [2022-11-04 11:41:28,663] {dag.py:2919} INFO - Setting next_dagrun for group_dag to 2022-11-03T00:00:00+00:00, run_after=2022-11-04T00:00:00+00:00
[2022-11-04 11:41:28,670] {processor.py:161} INFO - Processing /opt/airflow/dags/group_dag.py took 0.144 seconds
[2022-11-04 11:41:59,422] {processor.py:153} INFO - Started process (PID=1117) to work on /opt/airflow/dags/group_dag.py
[2022-11-04 11:41:59,425] {processor.py:641} INFO - Processing file /opt/airflow/dags/group_dag.py for tasks to queue
[2022-11-04 11:41:59,431] {logging_mixin.py:115} INFO - [2022-11-04 11:41:59,431] {dagbag.py:507} INFO - Filling up the DagBag from /opt/airflow/dags/group_dag.py
[2022-11-04 11:41:59,454] {processor.py:651} INFO - DAG(s) dict_keys(['group_dag']) retrieved from /opt/airflow/dags/group_dag.py
[2022-11-04 11:41:59,512] {logging_mixin.py:115} INFO - [2022-11-04 11:41:59,512] {dag.py:2371} INFO - Sync 1 DAGs
[2022-11-04 11:41:59,750] {logging_mixin.py:115} INFO - [2022-11-04 11:41:59,749] {dag.py:2919} INFO - Setting next_dagrun for group_dag to 2022-11-03T00:00:00+00:00, run_after=2022-11-04T00:00:00+00:00
[2022-11-04 11:41:59,766] {processor.py:161} INFO - Processing /opt/airflow/dags/group_dag.py took 0.352 seconds
[2022-11-04 11:42:05,898] {processor.py:153} INFO - Started process (PID=1128) to work on /opt/airflow/dags/group_dag.py
[2022-11-04 11:42:05,916] {processor.py:641} INFO - Processing file /opt/airflow/dags/group_dag.py for tasks to queue
[2022-11-04 11:42:05,922] {logging_mixin.py:115} INFO - [2022-11-04 11:42:05,922] {dagbag.py:507} INFO - Filling up the DagBag from /opt/airflow/dags/group_dag.py
[2022-11-04 11:42:06,009] {logging_mixin.py:115} INFO - [2022-11-04 11:42:06,006] {dagbag.py:320} ERROR - Failed to import: /opt/airflow/dags/group_dag.py
Traceback (most recent call last):
  File "/home/airflow/.local/lib/python3.7/site-packages/airflow/models/dagbag.py", line 317, in parse
    loader.exec_module(new_module)
  File "<frozen importlib._bootstrap_external>", line 728, in exec_module
  File "<frozen importlib._bootstrap>", line 219, in _call_with_frames_removed
  File "/opt/airflow/dags/group_dag.py", line 4, in <module>
    from subdags.subdag_downloads import subdag_downloads
  File "/opt/airflow/dags/subdags/subdag_downloads.py", line 5
    with DAG(f"{parent_dag_id}.{child_dag_id")
                                             ^
SyntaxError: invalid syntax
[2022-11-04 11:42:06,010] {processor.py:653} WARNING - No viable dags retrieved from /opt/airflow/dags/group_dag.py
[2022-11-04 11:42:06,068] {processor.py:161} INFO - Processing /opt/airflow/dags/group_dag.py took 0.181 seconds
[2022-11-04 11:42:26,257] {processor.py:153} INFO - Started process (PID=1140) to work on /opt/airflow/dags/group_dag.py
[2022-11-04 11:42:26,261] {processor.py:641} INFO - Processing file /opt/airflow/dags/group_dag.py for tasks to queue
[2022-11-04 11:42:26,264] {logging_mixin.py:115} INFO - [2022-11-04 11:42:26,264] {dagbag.py:507} INFO - Filling up the DagBag from /opt/airflow/dags/group_dag.py
[2022-11-04 11:42:26,345] {logging_mixin.py:115} INFO - [2022-11-04 11:42:26,340] {dagbag.py:320} ERROR - Failed to import: /opt/airflow/dags/group_dag.py
Traceback (most recent call last):
  File "/home/airflow/.local/lib/python3.7/site-packages/airflow/models/dagbag.py", line 317, in parse
    loader.exec_module(new_module)
  File "<frozen importlib._bootstrap_external>", line 728, in exec_module
  File "<frozen importlib._bootstrap>", line 219, in _call_with_frames_removed
  File "/opt/airflow/dags/group_dag.py", line 4, in <module>
    from subdags.subdag_downloads import subdag_downloads
  File "/opt/airflow/dags/subdags/subdag_downloads.py", line 5
    with DAG(f"{parent_dag_id}.{child_dag_id")
                                             ^
SyntaxError: invalid syntax
[2022-11-04 11:42:26,348] {processor.py:653} WARNING - No viable dags retrieved from /opt/airflow/dags/group_dag.py
[2022-11-04 11:42:26,416] {processor.py:161} INFO - Processing /opt/airflow/dags/group_dag.py took 0.169 seconds
[2022-11-04 11:42:40,778] {processor.py:153} INFO - Started process (PID=1162) to work on /opt/airflow/dags/group_dag.py
[2022-11-04 11:42:40,781] {processor.py:641} INFO - Processing file /opt/airflow/dags/group_dag.py for tasks to queue
[2022-11-04 11:42:40,785] {logging_mixin.py:115} INFO - [2022-11-04 11:42:40,785] {dagbag.py:507} INFO - Filling up the DagBag from /opt/airflow/dags/group_dag.py
[2022-11-04 11:42:40,865] {logging_mixin.py:115} INFO - [2022-11-04 11:42:40,860] {dagbag.py:320} ERROR - Failed to import: /opt/airflow/dags/group_dag.py
Traceback (most recent call last):
  File "/home/airflow/.local/lib/python3.7/site-packages/airflow/models/dagbag.py", line 317, in parse
    loader.exec_module(new_module)
  File "<frozen importlib._bootstrap_external>", line 728, in exec_module
  File "<frozen importlib._bootstrap>", line 219, in _call_with_frames_removed
  File "/opt/airflow/dags/group_dag.py", line 4, in <module>
    from subdags.subdag_downloads import subdag_downloads
  File "/opt/airflow/dags/subdags/subdag_downloads.py", line 5
    with DAG(f"{parent_dag_id}.{child_dag_id")
                                             ^
SyntaxError: invalid syntax
[2022-11-04 11:42:40,866] {processor.py:653} WARNING - No viable dags retrieved from /opt/airflow/dags/group_dag.py
[2022-11-04 11:42:40,905] {processor.py:161} INFO - Processing /opt/airflow/dags/group_dag.py took 0.135 seconds
[2022-11-04 11:42:45,879] {processor.py:153} INFO - Started process (PID=1163) to work on /opt/airflow/dags/group_dag.py
[2022-11-04 11:42:45,893] {processor.py:641} INFO - Processing file /opt/airflow/dags/group_dag.py for tasks to queue
[2022-11-04 11:42:45,896] {logging_mixin.py:115} INFO - [2022-11-04 11:42:45,895] {dagbag.py:507} INFO - Filling up the DagBag from /opt/airflow/dags/group_dag.py
[2022-11-04 11:42:45,919] {logging_mixin.py:115} INFO - [2022-11-04 11:42:45,918] {dagbag.py:320} ERROR - Failed to import: /opt/airflow/dags/group_dag.py
Traceback (most recent call last):
  File "/home/airflow/.local/lib/python3.7/site-packages/airflow/models/dagbag.py", line 317, in parse
    loader.exec_module(new_module)
  File "<frozen importlib._bootstrap_external>", line 724, in exec_module
  File "<frozen importlib._bootstrap_external>", line 860, in get_code
  File "<frozen importlib._bootstrap_external>", line 791, in source_to_code
  File "<frozen importlib._bootstrap>", line 219, in _call_with_frames_removed
  File "/opt/airflow/dags/group_dag.py", line 33
    check_files = BashOperator(task_id="check_files", bash_command="sleep 10")
    ^
IndentationError: unexpected indent
[2022-11-04 11:42:45,921] {processor.py:653} WARNING - No viable dags retrieved from /opt/airflow/dags/group_dag.py
[2022-11-04 11:42:45,986] {processor.py:161} INFO - Processing /opt/airflow/dags/group_dag.py took 0.118 seconds
[2022-11-04 11:42:47,960] {processor.py:153} INFO - Started process (PID=1164) to work on /opt/airflow/dags/group_dag.py
[2022-11-04 11:42:47,961] {processor.py:641} INFO - Processing file /opt/airflow/dags/group_dag.py for tasks to queue
[2022-11-04 11:42:47,963] {logging_mixin.py:115} INFO - [2022-11-04 11:42:47,963] {dagbag.py:507} INFO - Filling up the DagBag from /opt/airflow/dags/group_dag.py
[2022-11-04 11:42:48,007] {logging_mixin.py:115} INFO - [2022-11-04 11:42:48,005] {dagbag.py:320} ERROR - Failed to import: /opt/airflow/dags/group_dag.py
Traceback (most recent call last):
  File "/home/airflow/.local/lib/python3.7/site-packages/airflow/models/dagbag.py", line 317, in parse
    loader.exec_module(new_module)
  File "<frozen importlib._bootstrap_external>", line 728, in exec_module
  File "<frozen importlib._bootstrap>", line 219, in _call_with_frames_removed
  File "/opt/airflow/dags/group_dag.py", line 4, in <module>
    from subdags.subdag_downloads import subdag_downloads
  File "/opt/airflow/dags/subdags/subdag_downloads.py", line 5
    with DAG(f"{parent_dag_id}.{child_dag_id")
                                             ^
SyntaxError: invalid syntax
[2022-11-04 11:42:48,010] {processor.py:653} WARNING - No viable dags retrieved from /opt/airflow/dags/group_dag.py
[2022-11-04 11:42:48,035] {processor.py:161} INFO - Processing /opt/airflow/dags/group_dag.py took 0.078 seconds
[2022-11-04 11:43:05,531] {processor.py:153} INFO - Started process (PID=1188) to work on /opt/airflow/dags/group_dag.py
[2022-11-04 11:43:05,549] {processor.py:641} INFO - Processing file /opt/airflow/dags/group_dag.py for tasks to queue
[2022-11-04 11:43:05,553] {logging_mixin.py:115} INFO - [2022-11-04 11:43:05,553] {dagbag.py:507} INFO - Filling up the DagBag from /opt/airflow/dags/group_dag.py
[2022-11-04 11:43:05,775] {logging_mixin.py:115} INFO - [2022-11-04 11:43:05,766] {dagbag.py:320} ERROR - Failed to import: /opt/airflow/dags/group_dag.py
Traceback (most recent call last):
  File "/home/airflow/.local/lib/python3.7/site-packages/airflow/models/dagbag.py", line 317, in parse
    loader.exec_module(new_module)
  File "<frozen importlib._bootstrap_external>", line 728, in exec_module
  File "<frozen importlib._bootstrap>", line 219, in _call_with_frames_removed
  File "/opt/airflow/dags/group_dag.py", line 4, in <module>
    from subdags.subdag_downloads import subdag_downloads
  File "/opt/airflow/dags/subdags/subdag_downloads.py", line 5
    with DAG(f"{parent_dag_id}.{child_dag_id")
                                             ^
SyntaxError: invalid syntax
[2022-11-04 11:43:05,785] {processor.py:653} WARNING - No viable dags retrieved from /opt/airflow/dags/group_dag.py
[2022-11-04 11:43:05,964] {processor.py:161} INFO - Processing /opt/airflow/dags/group_dag.py took 0.465 seconds
[2022-11-04 11:43:18,707] {processor.py:153} INFO - Started process (PID=1198) to work on /opt/airflow/dags/group_dag.py
[2022-11-04 11:43:18,709] {processor.py:641} INFO - Processing file /opt/airflow/dags/group_dag.py for tasks to queue
[2022-11-04 11:43:18,711] {logging_mixin.py:115} INFO - [2022-11-04 11:43:18,710] {dagbag.py:507} INFO - Filling up the DagBag from /opt/airflow/dags/group_dag.py
[2022-11-04 11:43:18,762] {logging_mixin.py:115} INFO - [2022-11-04 11:43:18,760] {dagbag.py:320} ERROR - Failed to import: /opt/airflow/dags/group_dag.py
Traceback (most recent call last):
  File "/home/airflow/.local/lib/python3.7/site-packages/airflow/models/dagbag.py", line 317, in parse
    loader.exec_module(new_module)
  File "<frozen importlib._bootstrap_external>", line 728, in exec_module
  File "<frozen importlib._bootstrap>", line 219, in _call_with_frames_removed
  File "/opt/airflow/dags/group_dag.py", line 4, in <module>
    from subdags.subdag_downloads import subdag_downloads
  File "/opt/airflow/dags/subdags/subdag_downloads.py", line 5
    with DAG(f"{parent_dag_id}.{child_dag_id")
                                             ^
SyntaxError: invalid syntax
[2022-11-04 11:43:18,764] {processor.py:653} WARNING - No viable dags retrieved from /opt/airflow/dags/group_dag.py
[2022-11-04 11:43:18,804] {processor.py:161} INFO - Processing /opt/airflow/dags/group_dag.py took 0.101 seconds
[2022-11-04 11:43:32,130] {processor.py:153} INFO - Started process (PID=1212) to work on /opt/airflow/dags/group_dag.py
[2022-11-04 11:43:32,136] {processor.py:641} INFO - Processing file /opt/airflow/dags/group_dag.py for tasks to queue
[2022-11-04 11:43:32,139] {logging_mixin.py:115} INFO - [2022-11-04 11:43:32,139] {dagbag.py:507} INFO - Filling up the DagBag from /opt/airflow/dags/group_dag.py
[2022-11-04 11:43:32,223] {logging_mixin.py:115} INFO - [2022-11-04 11:43:32,218] {dagbag.py:320} ERROR - Failed to import: /opt/airflow/dags/group_dag.py
Traceback (most recent call last):
  File "/home/airflow/.local/lib/python3.7/site-packages/airflow/models/dagbag.py", line 317, in parse
    loader.exec_module(new_module)
  File "<frozen importlib._bootstrap_external>", line 728, in exec_module
  File "<frozen importlib._bootstrap>", line 219, in _call_with_frames_removed
  File "/opt/airflow/dags/group_dag.py", line 4, in <module>
    from subdags.subdag_downloads import subdag_downloads
  File "/opt/airflow/dags/subdags/subdag_downloads.py", line 5
    with DAG(f"{parent_dag_id}.{child_dag_id")
                                             ^
SyntaxError: invalid syntax
[2022-11-04 11:43:32,227] {processor.py:653} WARNING - No viable dags retrieved from /opt/airflow/dags/group_dag.py
[2022-11-04 11:43:32,275] {processor.py:161} INFO - Processing /opt/airflow/dags/group_dag.py took 0.153 seconds
[2022-11-04 11:43:43,313] {processor.py:153} INFO - Started process (PID=1222) to work on /opt/airflow/dags/group_dag.py
[2022-11-04 11:43:43,317] {processor.py:641} INFO - Processing file /opt/airflow/dags/group_dag.py for tasks to queue
[2022-11-04 11:43:43,320] {logging_mixin.py:115} INFO - [2022-11-04 11:43:43,320] {dagbag.py:507} INFO - Filling up the DagBag from /opt/airflow/dags/group_dag.py
[2022-11-04 11:43:43,400] {logging_mixin.py:115} INFO - [2022-11-04 11:43:43,396] {dagbag.py:320} ERROR - Failed to import: /opt/airflow/dags/group_dag.py
Traceback (most recent call last):
  File "/home/airflow/.local/lib/python3.7/site-packages/airflow/models/dagbag.py", line 317, in parse
    loader.exec_module(new_module)
  File "<frozen importlib._bootstrap_external>", line 728, in exec_module
  File "<frozen importlib._bootstrap>", line 219, in _call_with_frames_removed
  File "/opt/airflow/dags/group_dag.py", line 4, in <module>
    from subdags.subdag_downloads import subdag_downloads
  File "/opt/airflow/dags/subdags/subdag_downloads.py", line 5
    with DAG(f"{parent_dag_id}.{child_dag_id")
                                             ^
SyntaxError: invalid syntax
[2022-11-04 11:43:43,404] {processor.py:653} WARNING - No viable dags retrieved from /opt/airflow/dags/group_dag.py
[2022-11-04 11:43:43,479] {processor.py:161} INFO - Processing /opt/airflow/dags/group_dag.py took 0.175 seconds
[2022-11-04 11:43:47,440] {processor.py:153} INFO - Started process (PID=1223) to work on /opt/airflow/dags/group_dag.py
[2022-11-04 11:43:47,444] {processor.py:641} INFO - Processing file /opt/airflow/dags/group_dag.py for tasks to queue
[2022-11-04 11:43:47,448] {logging_mixin.py:115} INFO - [2022-11-04 11:43:47,448] {dagbag.py:507} INFO - Filling up the DagBag from /opt/airflow/dags/group_dag.py
[2022-11-04 11:43:47,532] {logging_mixin.py:115} INFO - [2022-11-04 11:43:47,528] {dagbag.py:320} ERROR - Failed to import: /opt/airflow/dags/group_dag.py
Traceback (most recent call last):
  File "/home/airflow/.local/lib/python3.7/site-packages/airflow/models/dagbag.py", line 317, in parse
    loader.exec_module(new_module)
  File "<frozen importlib._bootstrap_external>", line 728, in exec_module
  File "<frozen importlib._bootstrap>", line 219, in _call_with_frames_removed
  File "/opt/airflow/dags/group_dag.py", line 4, in <module>
    from subdags.subdag_downloads import subdag_downloads
  File "/opt/airflow/dags/subdags/subdag_downloads.py", line 5
    with DAG(f"{parent_dag_id}.{child_dag_id")
                                             ^
SyntaxError: invalid syntax
[2022-11-04 11:43:47,534] {processor.py:653} WARNING - No viable dags retrieved from /opt/airflow/dags/group_dag.py
[2022-11-04 11:43:47,609] {processor.py:161} INFO - Processing /opt/airflow/dags/group_dag.py took 0.181 seconds
[2022-11-04 11:43:48,575] {processor.py:153} INFO - Started process (PID=1224) to work on /opt/airflow/dags/group_dag.py
[2022-11-04 11:43:48,577] {processor.py:641} INFO - Processing file /opt/airflow/dags/group_dag.py for tasks to queue
[2022-11-04 11:43:48,579] {logging_mixin.py:115} INFO - [2022-11-04 11:43:48,579] {dagbag.py:507} INFO - Filling up the DagBag from /opt/airflow/dags/group_dag.py
[2022-11-04 11:43:48,650] {logging_mixin.py:115} INFO - [2022-11-04 11:43:48,642] {dagbag.py:320} ERROR - Failed to import: /opt/airflow/dags/group_dag.py
Traceback (most recent call last):
  File "/home/airflow/.local/lib/python3.7/site-packages/airflow/models/dagbag.py", line 317, in parse
    loader.exec_module(new_module)
  File "<frozen importlib._bootstrap_external>", line 728, in exec_module
  File "<frozen importlib._bootstrap>", line 219, in _call_with_frames_removed
  File "/opt/airflow/dags/group_dag.py", line 4, in <module>
    from subdags.subdag_downloads import subdag_downloads
  File "/opt/airflow/dags/subdags/subdag_downloads.py", line 5
    with DAG(f"{parent_dag_id}.{child_dag_id")
                                             ^
SyntaxError: invalid syntax
[2022-11-04 11:43:48,653] {processor.py:653} WARNING - No viable dags retrieved from /opt/airflow/dags/group_dag.py
[2022-11-04 11:43:48,691] {processor.py:161} INFO - Processing /opt/airflow/dags/group_dag.py took 0.120 seconds
[2022-11-04 11:44:18,968] {processor.py:153} INFO - Started process (PID=1258) to work on /opt/airflow/dags/group_dag.py
[2022-11-04 11:44:18,972] {processor.py:641} INFO - Processing file /opt/airflow/dags/group_dag.py for tasks to queue
[2022-11-04 11:44:18,975] {logging_mixin.py:115} INFO - [2022-11-04 11:44:18,975] {dagbag.py:507} INFO - Filling up the DagBag from /opt/airflow/dags/group_dag.py
[2022-11-04 11:44:19,068] {logging_mixin.py:115} INFO - [2022-11-04 11:44:19,062] {dagbag.py:320} ERROR - Failed to import: /opt/airflow/dags/group_dag.py
Traceback (most recent call last):
  File "/home/airflow/.local/lib/python3.7/site-packages/airflow/models/dagbag.py", line 317, in parse
    loader.exec_module(new_module)
  File "<frozen importlib._bootstrap_external>", line 728, in exec_module
  File "<frozen importlib._bootstrap>", line 219, in _call_with_frames_removed
  File "/opt/airflow/dags/group_dag.py", line 4, in <module>
    from subdags.subdag_downloads import subdag_downloads
  File "/opt/airflow/dags/subdags/subdag_downloads.py", line 5
    with DAG(f"{parent_dag_id}.{child_dag_id")
                                             ^
SyntaxError: invalid syntax
[2022-11-04 11:44:19,080] {processor.py:653} WARNING - No viable dags retrieved from /opt/airflow/dags/group_dag.py
[2022-11-04 11:44:19,156] {processor.py:161} INFO - Processing /opt/airflow/dags/group_dag.py took 0.198 seconds
[2022-11-04 11:44:49,321] {processor.py:153} INFO - Started process (PID=1283) to work on /opt/airflow/dags/group_dag.py
[2022-11-04 11:44:49,323] {processor.py:641} INFO - Processing file /opt/airflow/dags/group_dag.py for tasks to queue
[2022-11-04 11:44:49,325] {logging_mixin.py:115} INFO - [2022-11-04 11:44:49,325] {dagbag.py:507} INFO - Filling up the DagBag from /opt/airflow/dags/group_dag.py
[2022-11-04 11:44:49,350] {logging_mixin.py:115} INFO - [2022-11-04 11:44:49,347] {dagbag.py:320} ERROR - Failed to import: /opt/airflow/dags/group_dag.py
Traceback (most recent call last):
  File "/home/airflow/.local/lib/python3.7/site-packages/airflow/models/dagbag.py", line 317, in parse
    loader.exec_module(new_module)
  File "<frozen importlib._bootstrap_external>", line 728, in exec_module
  File "<frozen importlib._bootstrap>", line 219, in _call_with_frames_removed
  File "/opt/airflow/dags/group_dag.py", line 4, in <module>
    from subdags.subdag_downloads import subdag_downloads
  File "/opt/airflow/dags/subdags/subdag_downloads.py", line 5
    with DAG(f"{parent_dag_id}.{child_dag_id")
                                             ^
SyntaxError: invalid syntax
[2022-11-04 11:44:49,351] {processor.py:653} WARNING - No viable dags retrieved from /opt/airflow/dags/group_dag.py
[2022-11-04 11:44:49,378] {processor.py:161} INFO - Processing /opt/airflow/dags/group_dag.py took 0.061 seconds
[2022-11-04 11:45:04,905] {processor.py:153} INFO - Started process (PID=1304) to work on /opt/airflow/dags/group_dag.py
[2022-11-04 11:45:04,908] {processor.py:641} INFO - Processing file /opt/airflow/dags/group_dag.py for tasks to queue
[2022-11-04 11:45:04,911] {logging_mixin.py:115} INFO - [2022-11-04 11:45:04,911] {dagbag.py:507} INFO - Filling up the DagBag from /opt/airflow/dags/group_dag.py
[2022-11-04 11:45:04,994] {logging_mixin.py:115} INFO - [2022-11-04 11:45:04,989] {dagbag.py:320} ERROR - Failed to import: /opt/airflow/dags/group_dag.py
Traceback (most recent call last):
  File "/home/airflow/.local/lib/python3.7/site-packages/airflow/models/dagbag.py", line 317, in parse
    loader.exec_module(new_module)
  File "<frozen importlib._bootstrap_external>", line 728, in exec_module
  File "<frozen importlib._bootstrap>", line 219, in _call_with_frames_removed
  File "/opt/airflow/dags/group_dag.py", line 4, in <module>
    from subdags.subdag_downloads import subdag_downloads
  File "/opt/airflow/dags/subdags/subdag_downloads.py", line 5
    with DAG(f"{parent_dag_id}.{child_dag_id")
                                             ^
SyntaxError: invalid syntax
[2022-11-04 11:45:04,998] {processor.py:653} WARNING - No viable dags retrieved from /opt/airflow/dags/group_dag.py
[2022-11-04 11:45:05,093] {processor.py:161} INFO - Processing /opt/airflow/dags/group_dag.py took 0.196 seconds
[2022-11-04 11:45:19,030] {processor.py:153} INFO - Started process (PID=1315) to work on /opt/airflow/dags/group_dag.py
[2022-11-04 11:45:19,032] {processor.py:641} INFO - Processing file /opt/airflow/dags/group_dag.py for tasks to queue
[2022-11-04 11:45:19,034] {logging_mixin.py:115} INFO - [2022-11-04 11:45:19,034] {dagbag.py:507} INFO - Filling up the DagBag from /opt/airflow/dags/group_dag.py
[2022-11-04 11:45:19,092] {logging_mixin.py:115} INFO - [2022-11-04 11:45:19,089] {dagbag.py:320} ERROR - Failed to import: /opt/airflow/dags/group_dag.py
Traceback (most recent call last):
  File "/home/airflow/.local/lib/python3.7/site-packages/airflow/models/dagbag.py", line 317, in parse
    loader.exec_module(new_module)
  File "<frozen importlib._bootstrap_external>", line 728, in exec_module
  File "<frozen importlib._bootstrap>", line 219, in _call_with_frames_removed
  File "/opt/airflow/dags/group_dag.py", line 4, in <module>
    from subdags.subdag_downloads import subdag_downloads
  File "/opt/airflow/dags/subdags/subdag_downloads.py", line 5
    with DAG(f"{parent_dag_id}.{child_dag_id")
                                             ^
SyntaxError: invalid syntax
[2022-11-04 11:45:19,094] {processor.py:653} WARNING - No viable dags retrieved from /opt/airflow/dags/group_dag.py
[2022-11-04 11:45:19,154] {processor.py:161} INFO - Processing /opt/airflow/dags/group_dag.py took 0.131 seconds
[2022-11-04 11:45:33,758] {processor.py:153} INFO - Started process (PID=1330) to work on /opt/airflow/dags/group_dag.py
[2022-11-04 11:45:33,760] {processor.py:641} INFO - Processing file /opt/airflow/dags/group_dag.py for tasks to queue
[2022-11-04 11:45:33,761] {logging_mixin.py:115} INFO - [2022-11-04 11:45:33,761] {dagbag.py:507} INFO - Filling up the DagBag from /opt/airflow/dags/group_dag.py
[2022-11-04 11:45:33,828] {logging_mixin.py:115} INFO - [2022-11-04 11:45:33,823] {dagbag.py:320} ERROR - Failed to import: /opt/airflow/dags/group_dag.py
Traceback (most recent call last):
  File "/home/airflow/.local/lib/python3.7/site-packages/airflow/models/dagbag.py", line 317, in parse
    loader.exec_module(new_module)
  File "<frozen importlib._bootstrap_external>", line 728, in exec_module
  File "<frozen importlib._bootstrap>", line 219, in _call_with_frames_removed
  File "/opt/airflow/dags/group_dag.py", line 4, in <module>
    from subdags.subdag_downloads import subdag_downloads
  File "/opt/airflow/dags/subdags/subdag_downloads.py", line 5
    with DAG(f"{parent_dag_id}.{child_dag_id")
                                             ^
SyntaxError: invalid syntax
[2022-11-04 11:45:33,830] {processor.py:653} WARNING - No viable dags retrieved from /opt/airflow/dags/group_dag.py
[2022-11-04 11:45:33,896] {processor.py:161} INFO - Processing /opt/airflow/dags/group_dag.py took 0.142 seconds
[2022-11-04 11:45:47,085] {processor.py:153} INFO - Started process (PID=1341) to work on /opt/airflow/dags/group_dag.py
[2022-11-04 11:45:47,098] {processor.py:641} INFO - Processing file /opt/airflow/dags/group_dag.py for tasks to queue
[2022-11-04 11:45:47,106] {logging_mixin.py:115} INFO - [2022-11-04 11:45:47,105] {dagbag.py:507} INFO - Filling up the DagBag from /opt/airflow/dags/group_dag.py
[2022-11-04 11:45:47,250] {logging_mixin.py:115} INFO - [2022-11-04 11:45:47,240] {dagbag.py:320} ERROR - Failed to import: /opt/airflow/dags/group_dag.py
Traceback (most recent call last):
  File "/home/airflow/.local/lib/python3.7/site-packages/airflow/models/dagbag.py", line 317, in parse
    loader.exec_module(new_module)
  File "<frozen importlib._bootstrap_external>", line 728, in exec_module
  File "<frozen importlib._bootstrap>", line 219, in _call_with_frames_removed
  File "/opt/airflow/dags/group_dag.py", line 4, in <module>
    from subdags.subdag_downloads import subdag_downloads
  File "/opt/airflow/dags/subdags/subdag_downloads.py", line 5
    with DAG(f"{parent_dag_id}.{child_dag_id")
                                             ^
SyntaxError: invalid syntax
[2022-11-04 11:45:47,253] {processor.py:653} WARNING - No viable dags retrieved from /opt/airflow/dags/group_dag.py
[2022-11-04 11:45:47,338] {processor.py:161} INFO - Processing /opt/airflow/dags/group_dag.py took 0.302 seconds
[2022-11-04 11:46:18,181] {processor.py:153} INFO - Started process (PID=1374) to work on /opt/airflow/dags/group_dag.py
[2022-11-04 11:46:18,182] {processor.py:641} INFO - Processing file /opt/airflow/dags/group_dag.py for tasks to queue
[2022-11-04 11:46:18,185] {logging_mixin.py:115} INFO - [2022-11-04 11:46:18,185] {dagbag.py:507} INFO - Filling up the DagBag from /opt/airflow/dags/group_dag.py
[2022-11-04 11:46:18,208] {logging_mixin.py:115} INFO - [2022-11-04 11:46:18,206] {dagbag.py:320} ERROR - Failed to import: /opt/airflow/dags/group_dag.py
Traceback (most recent call last):
  File "/home/airflow/.local/lib/python3.7/site-packages/airflow/models/dagbag.py", line 317, in parse
    loader.exec_module(new_module)
  File "<frozen importlib._bootstrap_external>", line 728, in exec_module
  File "<frozen importlib._bootstrap>", line 219, in _call_with_frames_removed
  File "/opt/airflow/dags/group_dag.py", line 4, in <module>
    from subdags.subdag_downloads import subdag_downloads
  File "/opt/airflow/dags/subdags/subdag_downloads.py", line 5
    with DAG(f"{parent_dag_id}.{child_dag_id")
                                             ^
SyntaxError: invalid syntax
[2022-11-04 11:46:18,211] {processor.py:653} WARNING - No viable dags retrieved from /opt/airflow/dags/group_dag.py
[2022-11-04 11:46:18,242] {processor.py:161} INFO - Processing /opt/airflow/dags/group_dag.py took 0.065 seconds
[2022-11-04 11:46:37,449] {processor.py:153} INFO - Started process (PID=1398) to work on /opt/airflow/dags/group_dag.py
[2022-11-04 11:46:37,453] {processor.py:641} INFO - Processing file /opt/airflow/dags/group_dag.py for tasks to queue
[2022-11-04 11:46:37,456] {logging_mixin.py:115} INFO - [2022-11-04 11:46:37,456] {dagbag.py:507} INFO - Filling up the DagBag from /opt/airflow/dags/group_dag.py
[2022-11-04 11:46:37,537] {logging_mixin.py:115} INFO - [2022-11-04 11:46:37,533] {dagbag.py:320} ERROR - Failed to import: /opt/airflow/dags/group_dag.py
Traceback (most recent call last):
  File "/home/airflow/.local/lib/python3.7/site-packages/airflow/models/dagbag.py", line 317, in parse
    loader.exec_module(new_module)
  File "<frozen importlib._bootstrap_external>", line 728, in exec_module
  File "<frozen importlib._bootstrap>", line 219, in _call_with_frames_removed
  File "/opt/airflow/dags/group_dag.py", line 4, in <module>
    from subdags.subdag_downloads import subdag_downloads
  File "/opt/airflow/dags/subdags/subdag_downloads.py", line 5
    with DAG(f"{parent_dag_id}.{child_dag_id")
                                             ^
SyntaxError: invalid syntax
[2022-11-04 11:46:37,540] {processor.py:653} WARNING - No viable dags retrieved from /opt/airflow/dags/group_dag.py
[2022-11-04 11:46:37,562] {processor.py:161} INFO - Processing /opt/airflow/dags/group_dag.py took 0.118 seconds
[2022-11-04 11:47:08,068] {processor.py:153} INFO - Started process (PID=1432) to work on /opt/airflow/dags/group_dag.py
[2022-11-04 11:47:08,070] {processor.py:641} INFO - Processing file /opt/airflow/dags/group_dag.py for tasks to queue
[2022-11-04 11:47:08,077] {logging_mixin.py:115} INFO - [2022-11-04 11:47:08,077] {dagbag.py:507} INFO - Filling up the DagBag from /opt/airflow/dags/group_dag.py
[2022-11-04 11:47:08,102] {logging_mixin.py:115} INFO - [2022-11-04 11:47:08,100] {dagbag.py:320} ERROR - Failed to import: /opt/airflow/dags/group_dag.py
Traceback (most recent call last):
  File "/home/airflow/.local/lib/python3.7/site-packages/airflow/models/dagbag.py", line 317, in parse
    loader.exec_module(new_module)
  File "<frozen importlib._bootstrap_external>", line 728, in exec_module
  File "<frozen importlib._bootstrap>", line 219, in _call_with_frames_removed
  File "/opt/airflow/dags/group_dag.py", line 4, in <module>
    from subdags.subdag_downloads import subdag_downloads
  File "/opt/airflow/dags/subdags/subdag_downloads.py", line 5
    with DAG(f"{parent_dag_id}.{child_dag_id")
                                             ^
SyntaxError: invalid syntax
[2022-11-04 11:47:08,103] {processor.py:653} WARNING - No viable dags retrieved from /opt/airflow/dags/group_dag.py
[2022-11-04 11:47:08,129] {processor.py:161} INFO - Processing /opt/airflow/dags/group_dag.py took 0.064 seconds
[2022-11-04 11:47:38,723] {processor.py:153} INFO - Started process (PID=1455) to work on /opt/airflow/dags/group_dag.py
[2022-11-04 11:47:38,729] {processor.py:641} INFO - Processing file /opt/airflow/dags/group_dag.py for tasks to queue
[2022-11-04 11:47:38,732] {logging_mixin.py:115} INFO - [2022-11-04 11:47:38,732] {dagbag.py:507} INFO - Filling up the DagBag from /opt/airflow/dags/group_dag.py
[2022-11-04 11:47:38,763] {logging_mixin.py:115} INFO - [2022-11-04 11:47:38,759] {dagbag.py:320} ERROR - Failed to import: /opt/airflow/dags/group_dag.py
Traceback (most recent call last):
  File "/home/airflow/.local/lib/python3.7/site-packages/airflow/models/dagbag.py", line 317, in parse
    loader.exec_module(new_module)
  File "<frozen importlib._bootstrap_external>", line 728, in exec_module
  File "<frozen importlib._bootstrap>", line 219, in _call_with_frames_removed
  File "/opt/airflow/dags/group_dag.py", line 4, in <module>
    from subdags.subdag_downloads import subdag_downloads
  File "/opt/airflow/dags/subdags/subdag_downloads.py", line 5
    with DAG(f"{parent_dag_id}.{child_dag_id")
                                             ^
SyntaxError: invalid syntax
[2022-11-04 11:47:38,766] {processor.py:653} WARNING - No viable dags retrieved from /opt/airflow/dags/group_dag.py
[2022-11-04 11:47:38,900] {processor.py:161} INFO - Processing /opt/airflow/dags/group_dag.py took 0.183 seconds
[2022-11-04 11:48:09,527] {processor.py:153} INFO - Started process (PID=1488) to work on /opt/airflow/dags/group_dag.py
[2022-11-04 11:48:09,531] {processor.py:641} INFO - Processing file /opt/airflow/dags/group_dag.py for tasks to queue
[2022-11-04 11:48:09,534] {logging_mixin.py:115} INFO - [2022-11-04 11:48:09,534] {dagbag.py:507} INFO - Filling up the DagBag from /opt/airflow/dags/group_dag.py
[2022-11-04 11:48:09,577] {logging_mixin.py:115} INFO - [2022-11-04 11:48:09,573] {dagbag.py:320} ERROR - Failed to import: /opt/airflow/dags/group_dag.py
Traceback (most recent call last):
  File "/home/airflow/.local/lib/python3.7/site-packages/airflow/models/dagbag.py", line 317, in parse
    loader.exec_module(new_module)
  File "<frozen importlib._bootstrap_external>", line 728, in exec_module
  File "<frozen importlib._bootstrap>", line 219, in _call_with_frames_removed
  File "/opt/airflow/dags/group_dag.py", line 4, in <module>
    from subdags.subdag_downloads import subdag_downloads
  File "/opt/airflow/dags/subdags/subdag_downloads.py", line 5
    with DAG(f"{parent_dag_id}.{child_dag_id")
                                             ^
SyntaxError: invalid syntax
[2022-11-04 11:48:09,580] {processor.py:653} WARNING - No viable dags retrieved from /opt/airflow/dags/group_dag.py
[2022-11-04 11:48:09,939] {processor.py:161} INFO - Processing /opt/airflow/dags/group_dag.py took 0.420 seconds
[2022-11-04 11:48:40,761] {processor.py:153} INFO - Started process (PID=1520) to work on /opt/airflow/dags/group_dag.py
[2022-11-04 11:48:40,762] {processor.py:641} INFO - Processing file /opt/airflow/dags/group_dag.py for tasks to queue
[2022-11-04 11:48:40,764] {logging_mixin.py:115} INFO - [2022-11-04 11:48:40,764] {dagbag.py:507} INFO - Filling up the DagBag from /opt/airflow/dags/group_dag.py
[2022-11-04 11:48:40,783] {logging_mixin.py:115} INFO - [2022-11-04 11:48:40,781] {dagbag.py:320} ERROR - Failed to import: /opt/airflow/dags/group_dag.py
Traceback (most recent call last):
  File "/home/airflow/.local/lib/python3.7/site-packages/airflow/models/dagbag.py", line 317, in parse
    loader.exec_module(new_module)
  File "<frozen importlib._bootstrap_external>", line 728, in exec_module
  File "<frozen importlib._bootstrap>", line 219, in _call_with_frames_removed
  File "/opt/airflow/dags/group_dag.py", line 4, in <module>
    from subdags.subdag_downloads import subdag_downloads
  File "/opt/airflow/dags/subdags/subdag_downloads.py", line 5
    with DAG(f"{parent_dag_id}.{child_dag_id")
                                             ^
SyntaxError: invalid syntax
[2022-11-04 11:48:40,785] {processor.py:653} WARNING - No viable dags retrieved from /opt/airflow/dags/group_dag.py
[2022-11-04 11:48:41,080] {processor.py:161} INFO - Processing /opt/airflow/dags/group_dag.py took 0.323 seconds
[2022-11-04 11:49:11,152] {processor.py:153} INFO - Started process (PID=1552) to work on /opt/airflow/dags/group_dag.py
[2022-11-04 11:49:11,155] {processor.py:641} INFO - Processing file /opt/airflow/dags/group_dag.py for tasks to queue
[2022-11-04 11:49:11,159] {logging_mixin.py:115} INFO - [2022-11-04 11:49:11,159] {dagbag.py:507} INFO - Filling up the DagBag from /opt/airflow/dags/group_dag.py
[2022-11-04 11:49:11,183] {logging_mixin.py:115} INFO - [2022-11-04 11:49:11,181] {dagbag.py:320} ERROR - Failed to import: /opt/airflow/dags/group_dag.py
Traceback (most recent call last):
  File "/home/airflow/.local/lib/python3.7/site-packages/airflow/models/dagbag.py", line 317, in parse
    loader.exec_module(new_module)
  File "<frozen importlib._bootstrap_external>", line 728, in exec_module
  File "<frozen importlib._bootstrap>", line 219, in _call_with_frames_removed
  File "/opt/airflow/dags/group_dag.py", line 4, in <module>
    from subdags.subdag_downloads import subdag_downloads
ModuleNotFoundError: No module named 'subdags.subdag_downloads'
[2022-11-04 11:49:11,185] {processor.py:653} WARNING - No viable dags retrieved from /opt/airflow/dags/group_dag.py
[2022-11-04 11:49:11,468] {processor.py:161} INFO - Processing /opt/airflow/dags/group_dag.py took 0.323 seconds
[2022-11-04 11:49:41,560] {processor.py:153} INFO - Started process (PID=1574) to work on /opt/airflow/dags/group_dag.py
[2022-11-04 11:49:41,563] {processor.py:641} INFO - Processing file /opt/airflow/dags/group_dag.py for tasks to queue
[2022-11-04 11:49:41,565] {logging_mixin.py:115} INFO - [2022-11-04 11:49:41,565] {dagbag.py:507} INFO - Filling up the DagBag from /opt/airflow/dags/group_dag.py
[2022-11-04 11:49:41,597] {logging_mixin.py:115} INFO - [2022-11-04 11:49:41,587] {dagbag.py:320} ERROR - Failed to import: /opt/airflow/dags/group_dag.py
Traceback (most recent call last):
  File "/home/airflow/.local/lib/python3.7/site-packages/airflow/models/dagbag.py", line 317, in parse
    loader.exec_module(new_module)
  File "<frozen importlib._bootstrap_external>", line 728, in exec_module
  File "<frozen importlib._bootstrap>", line 219, in _call_with_frames_removed
  File "/opt/airflow/dags/group_dag.py", line 4, in <module>
    from subdags.subdag_downloads import subdag_downloads
ModuleNotFoundError: No module named 'subdags.subdag_downloads'
[2022-11-04 11:49:41,598] {processor.py:653} WARNING - No viable dags retrieved from /opt/airflow/dags/group_dag.py
[2022-11-04 11:49:41,707] {processor.py:161} INFO - Processing /opt/airflow/dags/group_dag.py took 0.149 seconds
[2022-11-04 11:50:03,399] {processor.py:153} INFO - Started process (PID=1592) to work on /opt/airflow/dags/group_dag.py
[2022-11-04 11:50:03,402] {processor.py:641} INFO - Processing file /opt/airflow/dags/group_dag.py for tasks to queue
[2022-11-04 11:50:03,405] {logging_mixin.py:115} INFO - [2022-11-04 11:50:03,405] {dagbag.py:507} INFO - Filling up the DagBag from /opt/airflow/dags/group_dag.py
[2022-11-04 11:50:03,457] {logging_mixin.py:115} INFO - [2022-11-04 11:50:03,454] {dagbag.py:320} ERROR - Failed to import: /opt/airflow/dags/group_dag.py
Traceback (most recent call last):
  File "/home/airflow/.local/lib/python3.7/site-packages/airflow/models/dagbag.py", line 317, in parse
    loader.exec_module(new_module)
  File "<frozen importlib._bootstrap_external>", line 728, in exec_module
  File "<frozen importlib._bootstrap>", line 219, in _call_with_frames_removed
  File "/opt/airflow/dags/group_dag.py", line 3, in <module>
    from groups.group_downloads import download_tasks
  File "/opt/airflow/dags/groups/group_downloads.py", line 5
    with DAG(f"{parent_dag_id}.{child_dag_id")
                                             ^
SyntaxError: invalid syntax
[2022-11-04 11:50:03,459] {processor.py:653} WARNING - No viable dags retrieved from /opt/airflow/dags/group_dag.py
[2022-11-04 11:50:04,136] {processor.py:161} INFO - Processing /opt/airflow/dags/group_dag.py took 0.745 seconds
[2022-11-04 11:50:15,716] {processor.py:153} INFO - Started process (PID=1605) to work on /opt/airflow/dags/group_dag.py
[2022-11-04 11:50:15,718] {processor.py:641} INFO - Processing file /opt/airflow/dags/group_dag.py for tasks to queue
[2022-11-04 11:50:15,720] {logging_mixin.py:115} INFO - [2022-11-04 11:50:15,720] {dagbag.py:507} INFO - Filling up the DagBag from /opt/airflow/dags/group_dag.py
[2022-11-04 11:50:15,760] {logging_mixin.py:115} INFO - [2022-11-04 11:50:15,757] {dagbag.py:320} ERROR - Failed to import: /opt/airflow/dags/group_dag.py
Traceback (most recent call last):
  File "/home/airflow/.local/lib/python3.7/site-packages/airflow/models/dagbag.py", line 317, in parse
    loader.exec_module(new_module)
  File "<frozen importlib._bootstrap_external>", line 728, in exec_module
  File "<frozen importlib._bootstrap>", line 219, in _call_with_frames_removed
  File "/opt/airflow/dags/group_dag.py", line 3, in <module>
    from groups.group_downloads import download_tasks
  File "/opt/airflow/dags/groups/group_downloads.py", line 5
    with DAG(f"{parent_dag_id}.{child_dag_id")
                                             ^
SyntaxError: invalid syntax
[2022-11-04 11:50:15,761] {processor.py:653} WARNING - No viable dags retrieved from /opt/airflow/dags/group_dag.py
[2022-11-04 11:50:16,093] {processor.py:161} INFO - Processing /opt/airflow/dags/group_dag.py took 0.382 seconds
[2022-11-04 11:50:25,351] {processor.py:153} INFO - Started process (PID=1615) to work on /opt/airflow/dags/group_dag.py
[2022-11-04 11:50:25,352] {processor.py:641} INFO - Processing file /opt/airflow/dags/group_dag.py for tasks to queue
[2022-11-04 11:50:25,354] {logging_mixin.py:115} INFO - [2022-11-04 11:50:25,354] {dagbag.py:507} INFO - Filling up the DagBag from /opt/airflow/dags/group_dag.py
[2022-11-04 11:50:25,402] {logging_mixin.py:115} INFO - [2022-11-04 11:50:25,400] {dagbag.py:320} ERROR - Failed to import: /opt/airflow/dags/group_dag.py
Traceback (most recent call last):
  File "/home/airflow/.local/lib/python3.7/site-packages/airflow/models/dagbag.py", line 317, in parse
    loader.exec_module(new_module)
  File "<frozen importlib._bootstrap_external>", line 728, in exec_module
  File "<frozen importlib._bootstrap>", line 219, in _call_with_frames_removed
  File "/opt/airflow/dags/group_dag.py", line 3, in <module>
    from groups.group_downloads import download_tasks
  File "/opt/airflow/dags/groups/group_downloads.py", line 5
    with DAG(f"{parent_dag_id}.{child_dag_id")
                                             ^
SyntaxError: invalid syntax
[2022-11-04 11:50:25,404] {processor.py:653} WARNING - No viable dags retrieved from /opt/airflow/dags/group_dag.py
[2022-11-04 11:50:25,845] {processor.py:161} INFO - Processing /opt/airflow/dags/group_dag.py took 0.500 seconds
[2022-11-04 11:50:45,000] {processor.py:153} INFO - Started process (PID=1637) to work on /opt/airflow/dags/group_dag.py
[2022-11-04 11:50:45,003] {processor.py:641} INFO - Processing file /opt/airflow/dags/group_dag.py for tasks to queue
[2022-11-04 11:50:45,004] {logging_mixin.py:115} INFO - [2022-11-04 11:50:45,004] {dagbag.py:507} INFO - Filling up the DagBag from /opt/airflow/dags/group_dag.py
[2022-11-04 11:50:45,056] {logging_mixin.py:115} INFO - [2022-11-04 11:50:45,054] {dagbag.py:320} ERROR - Failed to import: /opt/airflow/dags/group_dag.py
Traceback (most recent call last):
  File "/home/airflow/.local/lib/python3.7/site-packages/airflow/models/dagbag.py", line 317, in parse
    loader.exec_module(new_module)
  File "<frozen importlib._bootstrap_external>", line 728, in exec_module
  File "<frozen importlib._bootstrap>", line 219, in _call_with_frames_removed
  File "/opt/airflow/dags/group_dag.py", line 3, in <module>
    from groups.group_downloads import download_tasks
  File "/opt/airflow/dags/groups/group_downloads.py", line 5
    with DAG(f"{parent_dag_id}.{child_dag_id")
                                             ^
SyntaxError: invalid syntax
[2022-11-04 11:50:45,059] {processor.py:653} WARNING - No viable dags retrieved from /opt/airflow/dags/group_dag.py
[2022-11-04 11:50:45,248] {processor.py:161} INFO - Processing /opt/airflow/dags/group_dag.py took 0.252 seconds
[2022-11-04 11:51:15,612] {processor.py:153} INFO - Started process (PID=1658) to work on /opt/airflow/dags/group_dag.py
[2022-11-04 11:51:15,615] {processor.py:641} INFO - Processing file /opt/airflow/dags/group_dag.py for tasks to queue
[2022-11-04 11:51:15,616] {logging_mixin.py:115} INFO - [2022-11-04 11:51:15,616] {dagbag.py:507} INFO - Filling up the DagBag from /opt/airflow/dags/group_dag.py
[2022-11-04 11:51:15,640] {logging_mixin.py:115} INFO - [2022-11-04 11:51:15,637] {dagbag.py:320} ERROR - Failed to import: /opt/airflow/dags/group_dag.py
Traceback (most recent call last):
  File "/home/airflow/.local/lib/python3.7/site-packages/airflow/models/dagbag.py", line 317, in parse
    loader.exec_module(new_module)
  File "<frozen importlib._bootstrap_external>", line 728, in exec_module
  File "<frozen importlib._bootstrap>", line 219, in _call_with_frames_removed
  File "/opt/airflow/dags/group_dag.py", line 3, in <module>
    from groups.group_downloads import download_tasks
  File "/opt/airflow/dags/groups/group_downloads.py", line 5
    with DAG(f"{parent_dag_id}.{child_dag_id")
                                             ^
SyntaxError: invalid syntax
[2022-11-04 11:51:15,642] {processor.py:653} WARNING - No viable dags retrieved from /opt/airflow/dags/group_dag.py
[2022-11-04 11:51:15,830] {processor.py:161} INFO - Processing /opt/airflow/dags/group_dag.py took 0.222 seconds
[2022-11-04 11:51:46,033] {processor.py:153} INFO - Started process (PID=1688) to work on /opt/airflow/dags/group_dag.py
[2022-11-04 11:51:46,038] {processor.py:641} INFO - Processing file /opt/airflow/dags/group_dag.py for tasks to queue
[2022-11-04 11:51:46,041] {logging_mixin.py:115} INFO - [2022-11-04 11:51:46,041] {dagbag.py:507} INFO - Filling up the DagBag from /opt/airflow/dags/group_dag.py
[2022-11-04 11:51:46,105] {logging_mixin.py:115} INFO - [2022-11-04 11:51:46,101] {dagbag.py:320} ERROR - Failed to import: /opt/airflow/dags/group_dag.py
Traceback (most recent call last):
  File "/home/airflow/.local/lib/python3.7/site-packages/airflow/models/dagbag.py", line 317, in parse
    loader.exec_module(new_module)
  File "<frozen importlib._bootstrap_external>", line 728, in exec_module
  File "<frozen importlib._bootstrap>", line 219, in _call_with_frames_removed
  File "/opt/airflow/dags/group_dag.py", line 3, in <module>
    from groups.group_downloads import download_tasks
  File "/opt/airflow/dags/groups/group_downloads.py", line 6
    with DAG(f"{parent_dag_id}.{child_dag_id")
                                             ^
SyntaxError: invalid syntax
[2022-11-04 11:51:46,107] {processor.py:653} WARNING - No viable dags retrieved from /opt/airflow/dags/group_dag.py
[2022-11-04 11:51:46,402] {processor.py:161} INFO - Processing /opt/airflow/dags/group_dag.py took 0.382 seconds
[2022-11-04 11:52:17,393] {processor.py:153} INFO - Started process (PID=1692) to work on /opt/airflow/dags/group_dag.py
[2022-11-04 11:52:17,396] {processor.py:641} INFO - Processing file /opt/airflow/dags/group_dag.py for tasks to queue
[2022-11-04 11:52:17,398] {logging_mixin.py:115} INFO - [2022-11-04 11:52:17,398] {dagbag.py:507} INFO - Filling up the DagBag from /opt/airflow/dags/group_dag.py
[2022-11-04 11:52:17,443] {logging_mixin.py:115} INFO - [2022-11-04 11:52:17,438] {dagbag.py:320} ERROR - Failed to import: /opt/airflow/dags/group_dag.py
Traceback (most recent call last):
  File "/home/airflow/.local/lib/python3.7/site-packages/airflow/models/dagbag.py", line 317, in parse
    loader.exec_module(new_module)
  File "<frozen importlib._bootstrap_external>", line 728, in exec_module
  File "<frozen importlib._bootstrap>", line 219, in _call_with_frames_removed
  File "/opt/airflow/dags/group_dag.py", line 3, in <module>
    from groups.group_downloads import download_tasks
  File "/opt/airflow/dags/groups/group_downloads.py", line 6
    with DAG(f"{parent_dag_id}.{child_dag_id")
                                             ^
SyntaxError: invalid syntax
[2022-11-04 11:52:17,447] {processor.py:653} WARNING - No viable dags retrieved from /opt/airflow/dags/group_dag.py
[2022-11-04 11:52:17,603] {processor.py:161} INFO - Processing /opt/airflow/dags/group_dag.py took 0.225 seconds
[2022-11-04 11:52:47,861] {processor.py:153} INFO - Started process (PID=1722) to work on /opt/airflow/dags/group_dag.py
[2022-11-04 11:52:47,863] {processor.py:641} INFO - Processing file /opt/airflow/dags/group_dag.py for tasks to queue
[2022-11-04 11:52:47,866] {logging_mixin.py:115} INFO - [2022-11-04 11:52:47,866] {dagbag.py:507} INFO - Filling up the DagBag from /opt/airflow/dags/group_dag.py
[2022-11-04 11:52:47,891] {logging_mixin.py:115} INFO - [2022-11-04 11:52:47,889] {dagbag.py:320} ERROR - Failed to import: /opt/airflow/dags/group_dag.py
Traceback (most recent call last):
  File "/home/airflow/.local/lib/python3.7/site-packages/airflow/models/dagbag.py", line 317, in parse
    loader.exec_module(new_module)
  File "<frozen importlib._bootstrap_external>", line 728, in exec_module
  File "<frozen importlib._bootstrap>", line 219, in _call_with_frames_removed
  File "/opt/airflow/dags/group_dag.py", line 3, in <module>
    from groups.group_downloads import download_tasks
  File "/opt/airflow/dags/groups/group_downloads.py", line 6
    with DAG(f"{parent_dag_id}.{child_dag_id")
                                             ^
SyntaxError: invalid syntax
[2022-11-04 11:52:47,892] {processor.py:653} WARNING - No viable dags retrieved from /opt/airflow/dags/group_dag.py
[2022-11-04 11:52:48,175] {processor.py:161} INFO - Processing /opt/airflow/dags/group_dag.py took 0.320 seconds
[2022-11-04 11:57:07,119] {processor.py:153} INFO - Started process (PID=1748) to work on /opt/airflow/dags/group_dag.py
[2022-11-04 11:57:07,121] {processor.py:641} INFO - Processing file /opt/airflow/dags/group_dag.py for tasks to queue
[2022-11-04 11:57:07,124] {logging_mixin.py:115} INFO - [2022-11-04 11:57:07,124] {dagbag.py:507} INFO - Filling up the DagBag from /opt/airflow/dags/group_dag.py
[2022-11-04 11:57:07,208] {logging_mixin.py:115} INFO - [2022-11-04 11:57:07,205] {dagbag.py:320} ERROR - Failed to import: /opt/airflow/dags/group_dag.py
Traceback (most recent call last):
  File "/home/airflow/.local/lib/python3.7/site-packages/airflow/models/dagbag.py", line 317, in parse
    loader.exec_module(new_module)
  File "<frozen importlib._bootstrap_external>", line 728, in exec_module
  File "<frozen importlib._bootstrap>", line 219, in _call_with_frames_removed
  File "/opt/airflow/dags/group_dag.py", line 3, in <module>
    from groups.group_downloads import download_tasks
  File "/opt/airflow/dags/groups/group_downloads.py", line 6
    with DAG(f"{parent_dag_id}.{child_dag_id")
                                             ^
SyntaxError: invalid syntax
[2022-11-04 11:57:07,209] {processor.py:653} WARNING - No viable dags retrieved from /opt/airflow/dags/group_dag.py
[2022-11-04 11:57:07,555] {processor.py:161} INFO - Processing /opt/airflow/dags/group_dag.py took 0.445 seconds
[2022-11-04 11:57:37,813] {processor.py:153} INFO - Started process (PID=1781) to work on /opt/airflow/dags/group_dag.py
[2022-11-04 11:57:37,815] {processor.py:641} INFO - Processing file /opt/airflow/dags/group_dag.py for tasks to queue
[2022-11-04 11:57:37,817] {logging_mixin.py:115} INFO - [2022-11-04 11:57:37,817] {dagbag.py:507} INFO - Filling up the DagBag from /opt/airflow/dags/group_dag.py
[2022-11-04 11:57:37,842] {logging_mixin.py:115} INFO - [2022-11-04 11:57:37,840] {dagbag.py:320} ERROR - Failed to import: /opt/airflow/dags/group_dag.py
Traceback (most recent call last):
  File "/home/airflow/.local/lib/python3.7/site-packages/airflow/models/dagbag.py", line 317, in parse
    loader.exec_module(new_module)
  File "<frozen importlib._bootstrap_external>", line 728, in exec_module
  File "<frozen importlib._bootstrap>", line 219, in _call_with_frames_removed
  File "/opt/airflow/dags/group_dag.py", line 3, in <module>
    from groups.group_downloads import download_tasks
  File "/opt/airflow/dags/groups/group_downloads.py", line 6
    with DAG(f"{parent_dag_id}.{child_dag_id")
                                             ^
SyntaxError: invalid syntax
[2022-11-04 11:57:37,843] {processor.py:653} WARNING - No viable dags retrieved from /opt/airflow/dags/group_dag.py
[2022-11-04 11:57:37,859] {processor.py:161} INFO - Processing /opt/airflow/dags/group_dag.py took 0.049 seconds
[2022-11-04 11:58:36,441] {processor.py:153} INFO - Started process (PID=1814) to work on /opt/airflow/dags/group_dag.py
[2022-11-04 11:58:36,443] {processor.py:641} INFO - Processing file /opt/airflow/dags/group_dag.py for tasks to queue
[2022-11-04 11:58:36,446] {logging_mixin.py:115} INFO - [2022-11-04 11:58:36,446] {dagbag.py:507} INFO - Filling up the DagBag from /opt/airflow/dags/group_dag.py
[2022-11-04 11:58:36,470] {logging_mixin.py:115} INFO - [2022-11-04 11:58:36,467] {dagbag.py:320} ERROR - Failed to import: /opt/airflow/dags/group_dag.py
Traceback (most recent call last):
  File "/home/airflow/.local/lib/python3.7/site-packages/airflow/models/dagbag.py", line 317, in parse
    loader.exec_module(new_module)
  File "<frozen importlib._bootstrap_external>", line 728, in exec_module
  File "<frozen importlib._bootstrap>", line 219, in _call_with_frames_removed
  File "/opt/airflow/dags/group_dag.py", line 3, in <module>
    from groups.group_downloads import download_tasks
  File "/opt/airflow/dags/groups/group_downloads.py", line 6
    with DAG(f"{parent_dag_id}.{child_dag_id")
                                             ^
SyntaxError: invalid syntax
[2022-11-04 11:58:36,472] {processor.py:653} WARNING - No viable dags retrieved from /opt/airflow/dags/group_dag.py
[2022-11-04 11:58:36,490] {processor.py:161} INFO - Processing /opt/airflow/dags/group_dag.py took 0.052 seconds
[2022-11-04 11:59:06,880] {processor.py:153} INFO - Started process (PID=1838) to work on /opt/airflow/dags/group_dag.py
[2022-11-04 11:59:06,882] {processor.py:641} INFO - Processing file /opt/airflow/dags/group_dag.py for tasks to queue
[2022-11-04 11:59:06,883] {logging_mixin.py:115} INFO - [2022-11-04 11:59:06,883] {dagbag.py:507} INFO - Filling up the DagBag from /opt/airflow/dags/group_dag.py
[2022-11-04 11:59:06,945] {logging_mixin.py:115} INFO - [2022-11-04 11:59:06,943] {dagbag.py:320} ERROR - Failed to import: /opt/airflow/dags/group_dag.py
Traceback (most recent call last):
  File "/home/airflow/.local/lib/python3.7/site-packages/airflow/models/dagbag.py", line 317, in parse
    loader.exec_module(new_module)
  File "<frozen importlib._bootstrap_external>", line 728, in exec_module
  File "<frozen importlib._bootstrap>", line 219, in _call_with_frames_removed
  File "/opt/airflow/dags/group_dag.py", line 3, in <module>
    from groups.group_downloads import download_tasks
  File "/opt/airflow/dags/groups/group_downloads.py", line 9
    
    ^
SyntaxError: unexpected EOF while parsing
[2022-11-04 11:59:06,947] {processor.py:653} WARNING - No viable dags retrieved from /opt/airflow/dags/group_dag.py
[2022-11-04 11:59:06,969] {processor.py:161} INFO - Processing /opt/airflow/dags/group_dag.py took 0.094 seconds
[2022-11-04 11:59:37,347] {processor.py:153} INFO - Started process (PID=1872) to work on /opt/airflow/dags/group_dag.py
[2022-11-04 11:59:37,349] {processor.py:641} INFO - Processing file /opt/airflow/dags/group_dag.py for tasks to queue
[2022-11-04 11:59:37,351] {logging_mixin.py:115} INFO - [2022-11-04 11:59:37,351] {dagbag.py:507} INFO - Filling up the DagBag from /opt/airflow/dags/group_dag.py
[2022-11-04 11:59:37,415] {processor.py:651} INFO - DAG(s) dict_keys(['group_dag']) retrieved from /opt/airflow/dags/group_dag.py
[2022-11-04 11:59:37,510] {logging_mixin.py:115} INFO - [2022-11-04 11:59:37,510] {dag.py:2371} INFO - Sync 1 DAGs
[2022-11-04 11:59:37,532] {logging_mixin.py:115} INFO - [2022-11-04 11:59:37,532] {dag.py:2919} INFO - Setting next_dagrun for group_dag to 2022-11-03T00:00:00+00:00, run_after=2022-11-04T00:00:00+00:00
[2022-11-04 11:59:37,555] {processor.py:161} INFO - Processing /opt/airflow/dags/group_dag.py took 0.213 seconds
[2022-11-04 12:00:07,992] {processor.py:153} INFO - Started process (PID=1905) to work on /opt/airflow/dags/group_dag.py
[2022-11-04 12:00:07,995] {processor.py:641} INFO - Processing file /opt/airflow/dags/group_dag.py for tasks to queue
[2022-11-04 12:00:08,001] {logging_mixin.py:115} INFO - [2022-11-04 12:00:08,001] {dagbag.py:507} INFO - Filling up the DagBag from /opt/airflow/dags/group_dag.py
[2022-11-04 12:00:08,061] {processor.py:651} INFO - DAG(s) dict_keys(['group_dag']) retrieved from /opt/airflow/dags/group_dag.py
[2022-11-04 12:00:08,095] {logging_mixin.py:115} INFO - [2022-11-04 12:00:08,095] {dag.py:2371} INFO - Sync 1 DAGs
[2022-11-04 12:00:08,124] {logging_mixin.py:115} INFO - [2022-11-04 12:00:08,124] {dag.py:2919} INFO - Setting next_dagrun for group_dag to 2022-11-03T00:00:00+00:00, run_after=2022-11-04T00:00:00+00:00
[2022-11-04 12:00:08,158] {processor.py:161} INFO - Processing /opt/airflow/dags/group_dag.py took 0.172 seconds
[2022-11-04 12:00:38,674] {processor.py:153} INFO - Started process (PID=1931) to work on /opt/airflow/dags/group_dag.py
[2022-11-04 12:00:38,676] {processor.py:641} INFO - Processing file /opt/airflow/dags/group_dag.py for tasks to queue
[2022-11-04 12:00:38,678] {logging_mixin.py:115} INFO - [2022-11-04 12:00:38,678] {dagbag.py:507} INFO - Filling up the DagBag from /opt/airflow/dags/group_dag.py
[2022-11-04 12:00:38,718] {processor.py:651} INFO - DAG(s) dict_keys(['group_dag']) retrieved from /opt/airflow/dags/group_dag.py
[2022-11-04 12:00:38,760] {logging_mixin.py:115} INFO - [2022-11-04 12:00:38,760] {dag.py:2371} INFO - Sync 1 DAGs
[2022-11-04 12:00:38,781] {logging_mixin.py:115} INFO - [2022-11-04 12:00:38,781] {dag.py:2919} INFO - Setting next_dagrun for group_dag to 2022-11-03T00:00:00+00:00, run_after=2022-11-04T00:00:00+00:00
[2022-11-04 12:00:38,798] {processor.py:161} INFO - Processing /opt/airflow/dags/group_dag.py took 0.127 seconds
[2022-11-04 12:01:09,077] {processor.py:153} INFO - Started process (PID=1964) to work on /opt/airflow/dags/group_dag.py
[2022-11-04 12:01:09,080] {processor.py:641} INFO - Processing file /opt/airflow/dags/group_dag.py for tasks to queue
[2022-11-04 12:01:09,085] {logging_mixin.py:115} INFO - [2022-11-04 12:01:09,085] {dagbag.py:507} INFO - Filling up the DagBag from /opt/airflow/dags/group_dag.py
[2022-11-04 12:01:09,149] {processor.py:651} INFO - DAG(s) dict_keys(['group_dag']) retrieved from /opt/airflow/dags/group_dag.py
[2022-11-04 12:01:09,205] {logging_mixin.py:115} INFO - [2022-11-04 12:01:09,205] {dag.py:2371} INFO - Sync 1 DAGs
[2022-11-04 12:01:09,278] {logging_mixin.py:115} INFO - [2022-11-04 12:01:09,278] {dag.py:2919} INFO - Setting next_dagrun for group_dag to 2022-11-03T00:00:00+00:00, run_after=2022-11-04T00:00:00+00:00
[2022-11-04 12:01:09,292] {processor.py:161} INFO - Processing /opt/airflow/dags/group_dag.py took 0.224 seconds
[2022-11-04 12:01:39,611] {processor.py:153} INFO - Started process (PID=1997) to work on /opt/airflow/dags/group_dag.py
[2022-11-04 12:01:39,614] {processor.py:641} INFO - Processing file /opt/airflow/dags/group_dag.py for tasks to queue
[2022-11-04 12:01:39,616] {logging_mixin.py:115} INFO - [2022-11-04 12:01:39,616] {dagbag.py:507} INFO - Filling up the DagBag from /opt/airflow/dags/group_dag.py
[2022-11-04 12:01:39,713] {processor.py:651} INFO - DAG(s) dict_keys(['group_dag']) retrieved from /opt/airflow/dags/group_dag.py
[2022-11-04 12:01:39,743] {logging_mixin.py:115} INFO - [2022-11-04 12:01:39,743] {dag.py:2371} INFO - Sync 1 DAGs
[2022-11-04 12:01:39,769] {logging_mixin.py:115} INFO - [2022-11-04 12:01:39,769] {dag.py:2919} INFO - Setting next_dagrun for group_dag to 2022-11-03T00:00:00+00:00, run_after=2022-11-04T00:00:00+00:00
[2022-11-04 12:01:39,780] {processor.py:161} INFO - Processing /opt/airflow/dags/group_dag.py took 0.173 seconds
[2022-11-04 12:02:10,015] {processor.py:153} INFO - Started process (PID=2031) to work on /opt/airflow/dags/group_dag.py
[2022-11-04 12:02:10,017] {processor.py:641} INFO - Processing file /opt/airflow/dags/group_dag.py for tasks to queue
[2022-11-04 12:02:10,019] {logging_mixin.py:115} INFO - [2022-11-04 12:02:10,019] {dagbag.py:507} INFO - Filling up the DagBag from /opt/airflow/dags/group_dag.py
[2022-11-04 12:02:10,054] {processor.py:651} INFO - DAG(s) dict_keys(['group_dag']) retrieved from /opt/airflow/dags/group_dag.py
[2022-11-04 12:02:10,100] {logging_mixin.py:115} INFO - [2022-11-04 12:02:10,100] {dag.py:2371} INFO - Sync 1 DAGs
[2022-11-04 12:02:10,126] {logging_mixin.py:115} INFO - [2022-11-04 12:02:10,126] {dag.py:2919} INFO - Setting next_dagrun for group_dag to 2022-11-03T00:00:00+00:00, run_after=2022-11-04T00:00:00+00:00
[2022-11-04 12:02:10,134] {processor.py:161} INFO - Processing /opt/airflow/dags/group_dag.py took 0.124 seconds
[2022-11-04 12:02:40,861] {processor.py:153} INFO - Started process (PID=2055) to work on /opt/airflow/dags/group_dag.py
[2022-11-04 12:02:40,864] {processor.py:641} INFO - Processing file /opt/airflow/dags/group_dag.py for tasks to queue
[2022-11-04 12:02:40,866] {logging_mixin.py:115} INFO - [2022-11-04 12:02:40,866] {dagbag.py:507} INFO - Filling up the DagBag from /opt/airflow/dags/group_dag.py
[2022-11-04 12:02:40,934] {processor.py:651} INFO - DAG(s) dict_keys(['group_dag']) retrieved from /opt/airflow/dags/group_dag.py
[2022-11-04 12:02:40,983] {logging_mixin.py:115} INFO - [2022-11-04 12:02:40,983] {dag.py:2371} INFO - Sync 1 DAGs
[2022-11-04 12:02:41,012] {logging_mixin.py:115} INFO - [2022-11-04 12:02:41,012] {dag.py:2919} INFO - Setting next_dagrun for group_dag to 2022-11-03T00:00:00+00:00, run_after=2022-11-04T00:00:00+00:00
[2022-11-04 12:02:41,025] {processor.py:161} INFO - Processing /opt/airflow/dags/group_dag.py took 0.168 seconds
