[2022-11-04 09:39:16,529] {processor.py:153} INFO - Started process (PID=87177) to work on /opt/airflow/dags/parallel_dag.py
[2022-11-04 09:39:16,531] {processor.py:641} INFO - Processing file /opt/airflow/dags/parallel_dag.py for tasks to queue
[2022-11-04 09:39:16,533] {logging_mixin.py:115} INFO - [2022-11-04 09:39:16,533] {dagbag.py:507} INFO - Filling up the DagBag from /opt/airflow/dags/parallel_dag.py
[2022-11-04 09:39:16,571] {processor.py:651} INFO - DAG(s) dict_keys(['parallel_dag']) retrieved from /opt/airflow/dags/parallel_dag.py
[2022-11-04 09:39:16,728] {logging_mixin.py:115} INFO - [2022-11-04 09:39:16,728] {manager.py:508} INFO - Created Permission View: can edit on DAG:parallel_dag
[2022-11-04 09:39:16,737] {logging_mixin.py:115} INFO - [2022-11-04 09:39:16,737] {manager.py:508} INFO - Created Permission View: can read on DAG:parallel_dag
[2022-11-04 09:39:16,744] {logging_mixin.py:115} INFO - [2022-11-04 09:39:16,744] {manager.py:508} INFO - Created Permission View: can delete on DAG:parallel_dag
[2022-11-04 09:39:16,748] {logging_mixin.py:115} INFO - [2022-11-04 09:39:16,747] {dag.py:2371} INFO - Sync 1 DAGs
[2022-11-04 09:39:16,776] {logging_mixin.py:115} INFO - [2022-11-04 09:39:16,776] {dag.py:2390} INFO - Creating ORM DAG for parallel_dag
[2022-11-04 09:39:16,789] {logging_mixin.py:115} INFO - [2022-11-04 09:39:16,789] {dag.py:2919} INFO - Setting next_dagrun for parallel_dag to 2022-11-03T00:00:00+00:00, run_after=2022-11-04T00:00:00+00:00
[2022-11-04 09:39:16,804] {processor.py:161} INFO - Processing /opt/airflow/dags/parallel_dag.py took 0.279 seconds
[2022-11-04 09:39:46,851] {processor.py:153} INFO - Started process (PID=87231) to work on /opt/airflow/dags/parallel_dag.py
[2022-11-04 09:39:46,853] {processor.py:641} INFO - Processing file /opt/airflow/dags/parallel_dag.py for tasks to queue
[2022-11-04 09:39:46,855] {logging_mixin.py:115} INFO - [2022-11-04 09:39:46,855] {dagbag.py:507} INFO - Filling up the DagBag from /opt/airflow/dags/parallel_dag.py
[2022-11-04 09:39:46,871] {processor.py:651} INFO - DAG(s) dict_keys(['parallel_dag']) retrieved from /opt/airflow/dags/parallel_dag.py
[2022-11-04 09:39:46,894] {logging_mixin.py:115} INFO - [2022-11-04 09:39:46,894] {dag.py:2371} INFO - Sync 1 DAGs
[2022-11-04 09:39:46,915] {logging_mixin.py:115} INFO - [2022-11-04 09:39:46,915] {dag.py:2919} INFO - Setting next_dagrun for parallel_dag to 2022-11-03T00:00:00+00:00, run_after=2022-11-04T00:00:00+00:00
[2022-11-04 09:39:46,955] {processor.py:161} INFO - Processing /opt/airflow/dags/parallel_dag.py took 0.107 seconds
[2022-11-04 09:41:12,985] {processor.py:153} INFO - Started process (PID=42) to work on /opt/airflow/dags/parallel_dag.py
[2022-11-04 09:41:12,990] {processor.py:641} INFO - Processing file /opt/airflow/dags/parallel_dag.py for tasks to queue
[2022-11-04 09:41:12,991] {logging_mixin.py:115} INFO - [2022-11-04 09:41:12,991] {dagbag.py:507} INFO - Filling up the DagBag from /opt/airflow/dags/parallel_dag.py
[2022-11-04 09:41:13,033] {processor.py:651} INFO - DAG(s) dict_keys(['parallel_dag']) retrieved from /opt/airflow/dags/parallel_dag.py
[2022-11-04 09:41:13,088] {logging_mixin.py:115} INFO - [2022-11-04 09:41:13,088] {dag.py:2371} INFO - Sync 1 DAGs
[2022-11-04 09:41:13,285] {logging_mixin.py:115} INFO - [2022-11-04 09:41:13,285] {dag.py:2919} INFO - Setting next_dagrun for parallel_dag to 2022-11-03T00:00:00+00:00, run_after=2022-11-04T00:00:00+00:00
[2022-11-04 09:41:13,301] {processor.py:161} INFO - Processing /opt/airflow/dags/parallel_dag.py took 0.332 seconds
[2022-11-04 09:41:43,586] {processor.py:153} INFO - Started process (PID=73) to work on /opt/airflow/dags/parallel_dag.py
[2022-11-04 09:41:43,588] {processor.py:641} INFO - Processing file /opt/airflow/dags/parallel_dag.py for tasks to queue
[2022-11-04 09:41:43,590] {logging_mixin.py:115} INFO - [2022-11-04 09:41:43,590] {dagbag.py:507} INFO - Filling up the DagBag from /opt/airflow/dags/parallel_dag.py
[2022-11-04 09:41:43,613] {processor.py:651} INFO - DAG(s) dict_keys(['parallel_dag']) retrieved from /opt/airflow/dags/parallel_dag.py
[2022-11-04 09:41:43,646] {logging_mixin.py:115} INFO - [2022-11-04 09:41:43,646] {dag.py:2371} INFO - Sync 1 DAGs
[2022-11-04 09:41:43,872] {logging_mixin.py:115} INFO - [2022-11-04 09:41:43,872] {dag.py:2919} INFO - Setting next_dagrun for parallel_dag to 2022-11-03T00:00:00+00:00, run_after=2022-11-04T00:00:00+00:00
[2022-11-04 09:41:43,880] {processor.py:161} INFO - Processing /opt/airflow/dags/parallel_dag.py took 0.300 seconds
[2022-11-04 09:42:36,895] {processor.py:153} INFO - Started process (PID=42) to work on /opt/airflow/dags/parallel_dag.py
[2022-11-04 09:42:36,898] {processor.py:641} INFO - Processing file /opt/airflow/dags/parallel_dag.py for tasks to queue
[2022-11-04 09:42:36,902] {logging_mixin.py:115} INFO - [2022-11-04 09:42:36,902] {dagbag.py:507} INFO - Filling up the DagBag from /opt/airflow/dags/parallel_dag.py
[2022-11-04 09:42:36,942] {processor.py:651} INFO - DAG(s) dict_keys(['parallel_dag']) retrieved from /opt/airflow/dags/parallel_dag.py
[2022-11-04 09:42:37,021] {logging_mixin.py:115} INFO - [2022-11-04 09:42:37,021] {dag.py:2371} INFO - Sync 1 DAGs
[2022-11-04 09:42:37,314] {logging_mixin.py:115} INFO - [2022-11-04 09:42:37,313] {dag.py:2919} INFO - Setting next_dagrun for parallel_dag to 2022-11-03T00:00:00+00:00, run_after=2022-11-04T00:00:00+00:00
[2022-11-04 09:42:37,327] {processor.py:161} INFO - Processing /opt/airflow/dags/parallel_dag.py took 0.445 seconds
[2022-11-04 09:43:07,576] {processor.py:153} INFO - Started process (PID=63) to work on /opt/airflow/dags/parallel_dag.py
[2022-11-04 09:43:07,578] {processor.py:641} INFO - Processing file /opt/airflow/dags/parallel_dag.py for tasks to queue
[2022-11-04 09:43:07,580] {logging_mixin.py:115} INFO - [2022-11-04 09:43:07,580] {dagbag.py:507} INFO - Filling up the DagBag from /opt/airflow/dags/parallel_dag.py
[2022-11-04 09:43:07,616] {processor.py:651} INFO - DAG(s) dict_keys(['parallel_dag']) retrieved from /opt/airflow/dags/parallel_dag.py
[2022-11-04 09:43:07,660] {logging_mixin.py:115} INFO - [2022-11-04 09:43:07,660] {dag.py:2371} INFO - Sync 1 DAGs
[2022-11-04 09:43:08,064] {logging_mixin.py:115} INFO - [2022-11-04 09:43:08,064] {dag.py:2919} INFO - Setting next_dagrun for parallel_dag to 2022-11-03T00:00:00+00:00, run_after=2022-11-04T00:00:00+00:00
[2022-11-04 09:43:08,074] {processor.py:161} INFO - Processing /opt/airflow/dags/parallel_dag.py took 0.503 seconds
[2022-11-04 09:43:38,722] {processor.py:153} INFO - Started process (PID=93) to work on /opt/airflow/dags/parallel_dag.py
[2022-11-04 09:43:38,724] {processor.py:641} INFO - Processing file /opt/airflow/dags/parallel_dag.py for tasks to queue
[2022-11-04 09:43:38,726] {logging_mixin.py:115} INFO - [2022-11-04 09:43:38,725] {dagbag.py:507} INFO - Filling up the DagBag from /opt/airflow/dags/parallel_dag.py
[2022-11-04 09:43:38,743] {processor.py:651} INFO - DAG(s) dict_keys(['parallel_dag']) retrieved from /opt/airflow/dags/parallel_dag.py
[2022-11-04 09:43:38,773] {logging_mixin.py:115} INFO - [2022-11-04 09:43:38,773] {dag.py:2371} INFO - Sync 1 DAGs
[2022-11-04 09:43:39,027] {logging_mixin.py:115} INFO - [2022-11-04 09:43:39,027] {dag.py:2919} INFO - Setting next_dagrun for parallel_dag to 2022-11-03T00:00:00+00:00, run_after=2022-11-04T00:00:00+00:00
[2022-11-04 09:43:39,036] {processor.py:161} INFO - Processing /opt/airflow/dags/parallel_dag.py took 0.321 seconds
[2022-11-04 09:44:09,235] {processor.py:153} INFO - Started process (PID=124) to work on /opt/airflow/dags/parallel_dag.py
[2022-11-04 09:44:09,237] {processor.py:641} INFO - Processing file /opt/airflow/dags/parallel_dag.py for tasks to queue
[2022-11-04 09:44:09,238] {logging_mixin.py:115} INFO - [2022-11-04 09:44:09,238] {dagbag.py:507} INFO - Filling up the DagBag from /opt/airflow/dags/parallel_dag.py
[2022-11-04 09:44:09,252] {processor.py:651} INFO - DAG(s) dict_keys(['parallel_dag']) retrieved from /opt/airflow/dags/parallel_dag.py
[2022-11-04 09:44:09,287] {logging_mixin.py:115} INFO - [2022-11-04 09:44:09,287] {dag.py:2371} INFO - Sync 1 DAGs
[2022-11-04 09:44:09,589] {logging_mixin.py:115} INFO - [2022-11-04 09:44:09,589] {dag.py:2919} INFO - Setting next_dagrun for parallel_dag to 2022-11-03T00:00:00+00:00, run_after=2022-11-04T00:00:00+00:00
[2022-11-04 09:44:09,598] {processor.py:161} INFO - Processing /opt/airflow/dags/parallel_dag.py took 0.367 seconds
[2022-11-04 09:44:39,816] {processor.py:153} INFO - Started process (PID=153) to work on /opt/airflow/dags/parallel_dag.py
[2022-11-04 09:44:39,818] {processor.py:641} INFO - Processing file /opt/airflow/dags/parallel_dag.py for tasks to queue
[2022-11-04 09:44:39,820] {logging_mixin.py:115} INFO - [2022-11-04 09:44:39,820] {dagbag.py:507} INFO - Filling up the DagBag from /opt/airflow/dags/parallel_dag.py
[2022-11-04 09:44:39,836] {processor.py:651} INFO - DAG(s) dict_keys(['parallel_dag']) retrieved from /opt/airflow/dags/parallel_dag.py
[2022-11-04 09:44:39,864] {logging_mixin.py:115} INFO - [2022-11-04 09:44:39,864] {dag.py:2371} INFO - Sync 1 DAGs
[2022-11-04 09:44:40,043] {logging_mixin.py:115} INFO - [2022-11-04 09:44:40,043] {dag.py:2919} INFO - Setting next_dagrun for parallel_dag to 2022-11-03T00:00:00+00:00, run_after=2022-11-04T00:00:00+00:00
[2022-11-04 09:44:40,052] {processor.py:161} INFO - Processing /opt/airflow/dags/parallel_dag.py took 0.239 seconds
[2022-11-04 09:45:10,257] {processor.py:153} INFO - Started process (PID=189) to work on /opt/airflow/dags/parallel_dag.py
[2022-11-04 09:45:10,260] {processor.py:641} INFO - Processing file /opt/airflow/dags/parallel_dag.py for tasks to queue
[2022-11-04 09:45:10,264] {logging_mixin.py:115} INFO - [2022-11-04 09:45:10,264] {dagbag.py:507} INFO - Filling up the DagBag from /opt/airflow/dags/parallel_dag.py
[2022-11-04 09:45:10,303] {processor.py:651} INFO - DAG(s) dict_keys(['parallel_dag']) retrieved from /opt/airflow/dags/parallel_dag.py
[2022-11-04 09:45:10,344] {logging_mixin.py:115} INFO - [2022-11-04 09:45:10,344] {dag.py:2371} INFO - Sync 1 DAGs
[2022-11-04 09:45:10,563] {logging_mixin.py:115} INFO - [2022-11-04 09:45:10,563] {dag.py:2919} INFO - Setting next_dagrun for parallel_dag to 2022-11-04T00:00:00+00:00, run_after=2022-11-05T00:00:00+00:00
[2022-11-04 09:45:10,571] {processor.py:161} INFO - Processing /opt/airflow/dags/parallel_dag.py took 0.326 seconds
[2022-11-04 09:45:40,842] {processor.py:153} INFO - Started process (PID=219) to work on /opt/airflow/dags/parallel_dag.py
[2022-11-04 09:45:40,844] {processor.py:641} INFO - Processing file /opt/airflow/dags/parallel_dag.py for tasks to queue
[2022-11-04 09:45:40,852] {logging_mixin.py:115} INFO - [2022-11-04 09:45:40,852] {dagbag.py:507} INFO - Filling up the DagBag from /opt/airflow/dags/parallel_dag.py
[2022-11-04 09:45:40,880] {processor.py:651} INFO - DAG(s) dict_keys(['parallel_dag']) retrieved from /opt/airflow/dags/parallel_dag.py
[2022-11-04 09:45:40,906] {logging_mixin.py:115} INFO - [2022-11-04 09:45:40,906] {dag.py:2371} INFO - Sync 1 DAGs
[2022-11-04 09:45:41,087] {logging_mixin.py:115} INFO - [2022-11-04 09:45:41,087] {dag.py:2919} INFO - Setting next_dagrun for parallel_dag to 2022-11-04T00:00:00+00:00, run_after=2022-11-05T00:00:00+00:00
[2022-11-04 09:45:41,101] {processor.py:161} INFO - Processing /opt/airflow/dags/parallel_dag.py took 0.263 seconds
[2022-11-04 09:46:11,302] {processor.py:153} INFO - Started process (PID=247) to work on /opt/airflow/dags/parallel_dag.py
[2022-11-04 09:46:11,304] {processor.py:641} INFO - Processing file /opt/airflow/dags/parallel_dag.py for tasks to queue
[2022-11-04 09:46:11,306] {logging_mixin.py:115} INFO - [2022-11-04 09:46:11,306] {dagbag.py:507} INFO - Filling up the DagBag from /opt/airflow/dags/parallel_dag.py
[2022-11-04 09:46:11,320] {processor.py:651} INFO - DAG(s) dict_keys(['parallel_dag']) retrieved from /opt/airflow/dags/parallel_dag.py
[2022-11-04 09:46:11,365] {logging_mixin.py:115} INFO - [2022-11-04 09:46:11,365] {dag.py:2371} INFO - Sync 1 DAGs
[2022-11-04 09:46:11,554] {logging_mixin.py:115} INFO - [2022-11-04 09:46:11,554] {dag.py:2919} INFO - Setting next_dagrun for parallel_dag to 2022-11-04T00:00:00+00:00, run_after=2022-11-05T00:00:00+00:00
[2022-11-04 09:46:11,564] {processor.py:161} INFO - Processing /opt/airflow/dags/parallel_dag.py took 0.266 seconds
[2022-11-04 09:46:41,763] {processor.py:153} INFO - Started process (PID=277) to work on /opt/airflow/dags/parallel_dag.py
[2022-11-04 09:46:41,765] {processor.py:641} INFO - Processing file /opt/airflow/dags/parallel_dag.py for tasks to queue
[2022-11-04 09:46:41,767] {logging_mixin.py:115} INFO - [2022-11-04 09:46:41,766] {dagbag.py:507} INFO - Filling up the DagBag from /opt/airflow/dags/parallel_dag.py
[2022-11-04 09:46:41,787] {processor.py:651} INFO - DAG(s) dict_keys(['parallel_dag']) retrieved from /opt/airflow/dags/parallel_dag.py
[2022-11-04 09:46:41,822] {logging_mixin.py:115} INFO - [2022-11-04 09:46:41,822] {dag.py:2371} INFO - Sync 1 DAGs
[2022-11-04 09:46:41,981] {logging_mixin.py:115} INFO - [2022-11-04 09:46:41,981] {dag.py:2919} INFO - Setting next_dagrun for parallel_dag to 2022-11-04T00:00:00+00:00, run_after=2022-11-05T00:00:00+00:00
[2022-11-04 09:46:41,993] {processor.py:161} INFO - Processing /opt/airflow/dags/parallel_dag.py took 0.233 seconds
[2022-11-04 09:47:12,321] {processor.py:153} INFO - Started process (PID=298) to work on /opt/airflow/dags/parallel_dag.py
[2022-11-04 09:47:12,328] {processor.py:641} INFO - Processing file /opt/airflow/dags/parallel_dag.py for tasks to queue
[2022-11-04 09:47:12,331] {logging_mixin.py:115} INFO - [2022-11-04 09:47:12,331] {dagbag.py:507} INFO - Filling up the DagBag from /opt/airflow/dags/parallel_dag.py
[2022-11-04 09:47:12,352] {processor.py:651} INFO - DAG(s) dict_keys(['parallel_dag']) retrieved from /opt/airflow/dags/parallel_dag.py
[2022-11-04 09:47:12,393] {logging_mixin.py:115} INFO - [2022-11-04 09:47:12,393] {dag.py:2371} INFO - Sync 1 DAGs
[2022-11-04 09:47:12,575] {logging_mixin.py:115} INFO - [2022-11-04 09:47:12,575] {dag.py:2919} INFO - Setting next_dagrun for parallel_dag to 2022-11-04T00:00:00+00:00, run_after=2022-11-05T00:00:00+00:00
[2022-11-04 09:47:12,592] {processor.py:161} INFO - Processing /opt/airflow/dags/parallel_dag.py took 0.287 seconds
[2022-11-04 09:47:42,801] {processor.py:153} INFO - Started process (PID=327) to work on /opt/airflow/dags/parallel_dag.py
[2022-11-04 09:47:42,806] {processor.py:641} INFO - Processing file /opt/airflow/dags/parallel_dag.py for tasks to queue
[2022-11-04 09:47:42,809] {logging_mixin.py:115} INFO - [2022-11-04 09:47:42,809] {dagbag.py:507} INFO - Filling up the DagBag from /opt/airflow/dags/parallel_dag.py
[2022-11-04 09:47:42,832] {processor.py:651} INFO - DAG(s) dict_keys(['parallel_dag']) retrieved from /opt/airflow/dags/parallel_dag.py
[2022-11-04 09:47:42,862] {logging_mixin.py:115} INFO - [2022-11-04 09:47:42,862] {dag.py:2371} INFO - Sync 1 DAGs
[2022-11-04 09:47:43,029] {logging_mixin.py:115} INFO - [2022-11-04 09:47:43,029] {dag.py:2919} INFO - Setting next_dagrun for parallel_dag to 2022-11-04T00:00:00+00:00, run_after=2022-11-05T00:00:00+00:00
[2022-11-04 09:47:43,036] {processor.py:161} INFO - Processing /opt/airflow/dags/parallel_dag.py took 0.249 seconds
[2022-11-04 09:48:13,263] {processor.py:153} INFO - Started process (PID=356) to work on /opt/airflow/dags/parallel_dag.py
[2022-11-04 09:48:13,266] {processor.py:641} INFO - Processing file /opt/airflow/dags/parallel_dag.py for tasks to queue
[2022-11-04 09:48:13,268] {logging_mixin.py:115} INFO - [2022-11-04 09:48:13,268] {dagbag.py:507} INFO - Filling up the DagBag from /opt/airflow/dags/parallel_dag.py
[2022-11-04 09:48:13,289] {processor.py:651} INFO - DAG(s) dict_keys(['parallel_dag']) retrieved from /opt/airflow/dags/parallel_dag.py
[2022-11-04 09:48:13,340] {logging_mixin.py:115} INFO - [2022-11-04 09:48:13,340] {dag.py:2371} INFO - Sync 1 DAGs
[2022-11-04 09:48:13,603] {logging_mixin.py:115} INFO - [2022-11-04 09:48:13,603] {dag.py:2919} INFO - Setting next_dagrun for parallel_dag to 2022-11-04T00:00:00+00:00, run_after=2022-11-05T00:00:00+00:00
[2022-11-04 09:48:13,614] {processor.py:161} INFO - Processing /opt/airflow/dags/parallel_dag.py took 0.357 seconds
[2022-11-04 09:48:43,819] {processor.py:153} INFO - Started process (PID=377) to work on /opt/airflow/dags/parallel_dag.py
[2022-11-04 09:48:43,826] {processor.py:641} INFO - Processing file /opt/airflow/dags/parallel_dag.py for tasks to queue
[2022-11-04 09:48:43,837] {logging_mixin.py:115} INFO - [2022-11-04 09:48:43,837] {dagbag.py:507} INFO - Filling up the DagBag from /opt/airflow/dags/parallel_dag.py
[2022-11-04 09:48:43,872] {processor.py:651} INFO - DAG(s) dict_keys(['parallel_dag']) retrieved from /opt/airflow/dags/parallel_dag.py
[2022-11-04 09:48:43,906] {logging_mixin.py:115} INFO - [2022-11-04 09:48:43,905] {dag.py:2371} INFO - Sync 1 DAGs
[2022-11-04 09:48:44,129] {logging_mixin.py:115} INFO - [2022-11-04 09:48:44,129] {dag.py:2919} INFO - Setting next_dagrun for parallel_dag to 2022-11-04T00:00:00+00:00, run_after=2022-11-05T00:00:00+00:00
[2022-11-04 09:48:44,138] {processor.py:161} INFO - Processing /opt/airflow/dags/parallel_dag.py took 0.324 seconds
[2022-11-04 09:49:46,432] {processor.py:153} INFO - Started process (PID=42) to work on /opt/airflow/dags/parallel_dag.py
[2022-11-04 09:49:46,437] {processor.py:641} INFO - Processing file /opt/airflow/dags/parallel_dag.py for tasks to queue
[2022-11-04 09:49:46,439] {logging_mixin.py:115} INFO - [2022-11-04 09:49:46,439] {dagbag.py:507} INFO - Filling up the DagBag from /opt/airflow/dags/parallel_dag.py
[2022-11-04 09:49:46,489] {processor.py:651} INFO - DAG(s) dict_keys(['parallel_dag']) retrieved from /opt/airflow/dags/parallel_dag.py
[2022-11-04 09:49:46,600] {logging_mixin.py:115} INFO - [2022-11-04 09:49:46,600] {dag.py:2371} INFO - Sync 1 DAGs
[2022-11-04 09:49:47,218] {logging_mixin.py:115} INFO - [2022-11-04 09:49:47,218] {dag.py:2919} INFO - Setting next_dagrun for parallel_dag to 2022-11-04T00:00:00+00:00, run_after=2022-11-05T00:00:00+00:00
[2022-11-04 09:49:47,240] {processor.py:161} INFO - Processing /opt/airflow/dags/parallel_dag.py took 0.828 seconds
[2022-11-04 09:50:19,290] {processor.py:153} INFO - Started process (PID=63) to work on /opt/airflow/dags/parallel_dag.py
[2022-11-04 09:50:19,298] {processor.py:641} INFO - Processing file /opt/airflow/dags/parallel_dag.py for tasks to queue
[2022-11-04 09:50:19,310] {logging_mixin.py:115} INFO - [2022-11-04 09:50:19,310] {dagbag.py:507} INFO - Filling up the DagBag from /opt/airflow/dags/parallel_dag.py
[2022-11-04 09:50:19,699] {processor.py:651} INFO - DAG(s) dict_keys(['parallel_dag']) retrieved from /opt/airflow/dags/parallel_dag.py
[2022-11-04 09:50:21,176] {logging_mixin.py:115} INFO - [2022-11-04 09:50:21,175] {dag.py:2371} INFO - Sync 1 DAGs
[2022-11-04 09:50:25,053] {logging_mixin.py:115} INFO - [2022-11-04 09:50:25,052] {dag.py:2919} INFO - Setting next_dagrun for parallel_dag to 2022-11-04T00:00:00+00:00, run_after=2022-11-05T00:00:00+00:00
[2022-11-04 09:50:25,115] {processor.py:161} INFO - Processing /opt/airflow/dags/parallel_dag.py took 6.436 seconds
[2022-11-04 09:50:56,038] {processor.py:153} INFO - Started process (PID=93) to work on /opt/airflow/dags/parallel_dag.py
[2022-11-04 09:50:56,092] {processor.py:641} INFO - Processing file /opt/airflow/dags/parallel_dag.py for tasks to queue
[2022-11-04 09:50:56,122] {logging_mixin.py:115} INFO - [2022-11-04 09:50:56,122] {dagbag.py:507} INFO - Filling up the DagBag from /opt/airflow/dags/parallel_dag.py
[2022-11-04 09:50:56,339] {processor.py:651} INFO - DAG(s) dict_keys(['parallel_dag']) retrieved from /opt/airflow/dags/parallel_dag.py
[2022-11-04 09:50:56,608] {logging_mixin.py:115} INFO - [2022-11-04 09:50:56,607] {dag.py:2371} INFO - Sync 1 DAGs
[2022-11-04 09:50:59,133] {logging_mixin.py:115} INFO - [2022-11-04 09:50:59,132] {dag.py:2919} INFO - Setting next_dagrun for parallel_dag to 2022-11-04T00:00:00+00:00, run_after=2022-11-05T00:00:00+00:00
[2022-11-04 09:50:59,156] {processor.py:161} INFO - Processing /opt/airflow/dags/parallel_dag.py took 3.179 seconds
[2022-11-04 09:51:29,410] {processor.py:153} INFO - Started process (PID=114) to work on /opt/airflow/dags/parallel_dag.py
[2022-11-04 09:51:29,415] {processor.py:641} INFO - Processing file /opt/airflow/dags/parallel_dag.py for tasks to queue
[2022-11-04 09:51:29,419] {logging_mixin.py:115} INFO - [2022-11-04 09:51:29,418] {dagbag.py:507} INFO - Filling up the DagBag from /opt/airflow/dags/parallel_dag.py
[2022-11-04 09:51:29,494] {processor.py:651} INFO - DAG(s) dict_keys(['parallel_dag']) retrieved from /opt/airflow/dags/parallel_dag.py
[2022-11-04 09:51:29,577] {logging_mixin.py:115} INFO - [2022-11-04 09:51:29,577] {dag.py:2371} INFO - Sync 1 DAGs
[2022-11-04 09:51:30,200] {logging_mixin.py:115} INFO - [2022-11-04 09:51:30,200] {dag.py:2919} INFO - Setting next_dagrun for parallel_dag to 2022-11-04T00:00:00+00:00, run_after=2022-11-05T00:00:00+00:00
[2022-11-04 09:51:30,209] {processor.py:161} INFO - Processing /opt/airflow/dags/parallel_dag.py took 0.813 seconds
[2022-11-04 09:52:00,373] {processor.py:153} INFO - Started process (PID=145) to work on /opt/airflow/dags/parallel_dag.py
[2022-11-04 09:52:00,378] {processor.py:641} INFO - Processing file /opt/airflow/dags/parallel_dag.py for tasks to queue
[2022-11-04 09:52:00,416] {logging_mixin.py:115} INFO - [2022-11-04 09:52:00,415] {dagbag.py:507} INFO - Filling up the DagBag from /opt/airflow/dags/parallel_dag.py
[2022-11-04 09:52:00,478] {processor.py:651} INFO - DAG(s) dict_keys(['parallel_dag']) retrieved from /opt/airflow/dags/parallel_dag.py
[2022-11-04 09:52:00,610] {logging_mixin.py:115} INFO - [2022-11-04 09:52:00,610] {dag.py:2371} INFO - Sync 1 DAGs
[2022-11-04 09:52:01,249] {logging_mixin.py:115} INFO - [2022-11-04 09:52:01,249] {dag.py:2919} INFO - Setting next_dagrun for parallel_dag to 2022-11-04T00:00:00+00:00, run_after=2022-11-05T00:00:00+00:00
[2022-11-04 09:52:01,264] {processor.py:161} INFO - Processing /opt/airflow/dags/parallel_dag.py took 0.912 seconds
[2022-11-04 09:52:31,765] {processor.py:153} INFO - Started process (PID=176) to work on /opt/airflow/dags/parallel_dag.py
[2022-11-04 09:52:31,780] {processor.py:641} INFO - Processing file /opt/airflow/dags/parallel_dag.py for tasks to queue
[2022-11-04 09:52:31,791] {logging_mixin.py:115} INFO - [2022-11-04 09:52:31,791] {dagbag.py:507} INFO - Filling up the DagBag from /opt/airflow/dags/parallel_dag.py
[2022-11-04 09:52:31,857] {processor.py:651} INFO - DAG(s) dict_keys(['parallel_dag']) retrieved from /opt/airflow/dags/parallel_dag.py
[2022-11-04 09:52:31,975] {logging_mixin.py:115} INFO - [2022-11-04 09:52:31,975] {dag.py:2371} INFO - Sync 1 DAGs
[2022-11-04 09:52:32,562] {logging_mixin.py:115} INFO - [2022-11-04 09:52:32,562] {dag.py:2919} INFO - Setting next_dagrun for parallel_dag to 2022-11-04T00:00:00+00:00, run_after=2022-11-05T00:00:00+00:00
[2022-11-04 09:52:32,582] {processor.py:161} INFO - Processing /opt/airflow/dags/parallel_dag.py took 0.837 seconds
[2022-11-04 09:53:03,091] {processor.py:153} INFO - Started process (PID=207) to work on /opt/airflow/dags/parallel_dag.py
[2022-11-04 09:53:03,094] {processor.py:641} INFO - Processing file /opt/airflow/dags/parallel_dag.py for tasks to queue
[2022-11-04 09:53:03,096] {logging_mixin.py:115} INFO - [2022-11-04 09:53:03,096] {dagbag.py:507} INFO - Filling up the DagBag from /opt/airflow/dags/parallel_dag.py
[2022-11-04 09:53:03,145] {processor.py:651} INFO - DAG(s) dict_keys(['parallel_dag']) retrieved from /opt/airflow/dags/parallel_dag.py
[2022-11-04 09:53:03,236] {logging_mixin.py:115} INFO - [2022-11-04 09:53:03,236] {dag.py:2371} INFO - Sync 1 DAGs
[2022-11-04 09:53:03,487] {logging_mixin.py:115} INFO - [2022-11-04 09:53:03,487] {dag.py:2919} INFO - Setting next_dagrun for parallel_dag to 2022-11-04T00:00:00+00:00, run_after=2022-11-05T00:00:00+00:00
[2022-11-04 09:53:03,496] {processor.py:161} INFO - Processing /opt/airflow/dags/parallel_dag.py took 0.418 seconds
[2022-11-04 09:53:23,152] {processor.py:153} INFO - Started process (PID=228) to work on /opt/airflow/dags/parallel_dag.py
[2022-11-04 09:53:23,154] {processor.py:641} INFO - Processing file /opt/airflow/dags/parallel_dag.py for tasks to queue
[2022-11-04 09:53:23,157] {logging_mixin.py:115} INFO - [2022-11-04 09:53:23,156] {dagbag.py:507} INFO - Filling up the DagBag from /opt/airflow/dags/parallel_dag.py
[2022-11-04 09:53:23,210] {processor.py:651} INFO - DAG(s) dict_keys(['parallel_dag']) retrieved from /opt/airflow/dags/parallel_dag.py
[2022-11-04 09:53:23,510] {logging_mixin.py:115} INFO - [2022-11-04 09:53:23,510] {dag.py:2371} INFO - Sync 1 DAGs
[2022-11-04 09:53:23,526] {logging_mixin.py:115} INFO - [2022-11-04 09:53:23,526] {dag.py:2919} INFO - Setting next_dagrun for parallel_dag to 2022-11-04T00:00:00+00:00, run_after=2022-11-05T00:00:00+00:00
[2022-11-04 09:53:23,540] {processor.py:161} INFO - Processing /opt/airflow/dags/parallel_dag.py took 0.394 seconds
[2022-11-04 09:53:34,592] {processor.py:153} INFO - Started process (PID=238) to work on /opt/airflow/dags/parallel_dag.py
[2022-11-04 09:53:34,594] {processor.py:641} INFO - Processing file /opt/airflow/dags/parallel_dag.py for tasks to queue
[2022-11-04 09:53:34,596] {logging_mixin.py:115} INFO - [2022-11-04 09:53:34,596] {dagbag.py:507} INFO - Filling up the DagBag from /opt/airflow/dags/parallel_dag.py
[2022-11-04 09:53:34,623] {processor.py:651} INFO - DAG(s) dict_keys(['parallel_dag']) retrieved from /opt/airflow/dags/parallel_dag.py
[2022-11-04 09:53:34,664] {logging_mixin.py:115} INFO - [2022-11-04 09:53:34,664] {dag.py:2371} INFO - Sync 1 DAGs
[2022-11-04 09:53:34,889] {logging_mixin.py:115} INFO - [2022-11-04 09:53:34,889] {dag.py:2919} INFO - Setting next_dagrun for parallel_dag to 2022-11-04T00:00:00+00:00, run_after=2022-11-05T00:00:00+00:00
[2022-11-04 09:53:34,909] {processor.py:161} INFO - Processing /opt/airflow/dags/parallel_dag.py took 0.322 seconds
[2022-11-04 09:53:47,041] {processor.py:153} INFO - Started process (PID=250) to work on /opt/airflow/dags/parallel_dag.py
[2022-11-04 09:53:47,044] {processor.py:641} INFO - Processing file /opt/airflow/dags/parallel_dag.py for tasks to queue
[2022-11-04 09:53:47,046] {logging_mixin.py:115} INFO - [2022-11-04 09:53:47,046] {dagbag.py:507} INFO - Filling up the DagBag from /opt/airflow/dags/parallel_dag.py
[2022-11-04 09:53:47,083] {processor.py:651} INFO - DAG(s) dict_keys(['parallel_dag']) retrieved from /opt/airflow/dags/parallel_dag.py
[2022-11-04 09:53:47,139] {logging_mixin.py:115} INFO - [2022-11-04 09:53:47,139] {dag.py:2371} INFO - Sync 1 DAGs
[2022-11-04 09:53:47,341] {logging_mixin.py:115} INFO - [2022-11-04 09:53:47,341] {dag.py:2919} INFO - Setting next_dagrun for parallel_dag to 2022-11-04T00:00:00+00:00, run_after=2022-11-05T00:00:00+00:00
[2022-11-04 09:53:47,357] {processor.py:161} INFO - Processing /opt/airflow/dags/parallel_dag.py took 0.321 seconds
[2022-11-04 09:53:58,168] {processor.py:153} INFO - Started process (PID=260) to work on /opt/airflow/dags/parallel_dag.py
[2022-11-04 09:53:58,193] {processor.py:641} INFO - Processing file /opt/airflow/dags/parallel_dag.py for tasks to queue
[2022-11-04 09:53:58,248] {logging_mixin.py:115} INFO - [2022-11-04 09:53:58,248] {dagbag.py:507} INFO - Filling up the DagBag from /opt/airflow/dags/parallel_dag.py
[2022-11-04 09:53:58,563] {processor.py:651} INFO - DAG(s) dict_keys(['parallel_dag']) retrieved from /opt/airflow/dags/parallel_dag.py
[2022-11-04 09:53:59,024] {logging_mixin.py:115} INFO - [2022-11-04 09:53:59,024] {dag.py:2371} INFO - Sync 1 DAGs
[2022-11-04 09:53:59,090] {logging_mixin.py:115} INFO - [2022-11-04 09:53:59,090] {dag.py:2919} INFO - Setting next_dagrun for parallel_dag to 2022-11-04T00:00:00+00:00, run_after=2022-11-05T00:00:00+00:00
[2022-11-04 09:53:59,167] {processor.py:161} INFO - Processing /opt/airflow/dags/parallel_dag.py took 1.067 seconds
[2022-11-04 09:54:07,801] {processor.py:153} INFO - Started process (PID=263) to work on /opt/airflow/dags/parallel_dag.py
[2022-11-04 09:54:07,803] {processor.py:641} INFO - Processing file /opt/airflow/dags/parallel_dag.py for tasks to queue
[2022-11-04 09:54:07,804] {logging_mixin.py:115} INFO - [2022-11-04 09:54:07,804] {dagbag.py:507} INFO - Filling up the DagBag from /opt/airflow/dags/parallel_dag.py
[2022-11-04 09:54:07,830] {processor.py:651} INFO - DAG(s) dict_keys(['parallel_dag']) retrieved from /opt/airflow/dags/parallel_dag.py
[2022-11-04 09:54:07,848] {logging_mixin.py:115} INFO - [2022-11-04 09:54:07,848] {dag.py:2371} INFO - Sync 1 DAGs
[2022-11-04 09:54:07,950] {logging_mixin.py:115} INFO - [2022-11-04 09:54:07,949] {dag.py:2919} INFO - Setting next_dagrun for parallel_dag to 2022-11-04T00:00:00+00:00, run_after=2022-11-05T00:00:00+00:00
[2022-11-04 09:54:07,961] {processor.py:161} INFO - Processing /opt/airflow/dags/parallel_dag.py took 0.163 seconds
[2022-11-04 09:54:38,121] {processor.py:153} INFO - Started process (PID=295) to work on /opt/airflow/dags/parallel_dag.py
[2022-11-04 09:54:38,123] {processor.py:641} INFO - Processing file /opt/airflow/dags/parallel_dag.py for tasks to queue
[2022-11-04 09:54:38,125] {logging_mixin.py:115} INFO - [2022-11-04 09:54:38,124] {dagbag.py:507} INFO - Filling up the DagBag from /opt/airflow/dags/parallel_dag.py
[2022-11-04 09:54:38,139] {processor.py:651} INFO - DAG(s) dict_keys(['parallel_dag']) retrieved from /opt/airflow/dags/parallel_dag.py
[2022-11-04 09:54:38,175] {logging_mixin.py:115} INFO - [2022-11-04 09:54:38,175] {dag.py:2371} INFO - Sync 1 DAGs
[2022-11-04 09:54:38,267] {logging_mixin.py:115} INFO - [2022-11-04 09:54:38,267] {dag.py:2919} INFO - Setting next_dagrun for parallel_dag to 2022-11-04T00:00:00+00:00, run_after=2022-11-05T00:00:00+00:00
[2022-11-04 09:54:38,273] {processor.py:161} INFO - Processing /opt/airflow/dags/parallel_dag.py took 0.155 seconds
[2022-11-04 09:54:52,484] {processor.py:153} INFO - Started process (PID=305) to work on /opt/airflow/dags/parallel_dag.py
[2022-11-04 09:54:52,489] {processor.py:641} INFO - Processing file /opt/airflow/dags/parallel_dag.py for tasks to queue
[2022-11-04 09:54:52,493] {logging_mixin.py:115} INFO - [2022-11-04 09:54:52,493] {dagbag.py:507} INFO - Filling up the DagBag from /opt/airflow/dags/parallel_dag.py
[2022-11-04 09:54:52,563] {processor.py:651} INFO - DAG(s) dict_keys(['parallel_dag']) retrieved from /opt/airflow/dags/parallel_dag.py
[2022-11-04 09:54:52,624] {logging_mixin.py:115} INFO - [2022-11-04 09:54:52,624] {dag.py:2371} INFO - Sync 1 DAGs
[2022-11-04 09:54:52,874] {logging_mixin.py:115} INFO - [2022-11-04 09:54:52,874] {dag.py:2919} INFO - Setting next_dagrun for parallel_dag to 2022-11-04T00:00:00+00:00, run_after=2022-11-05T00:00:00+00:00
[2022-11-04 09:54:52,954] {processor.py:161} INFO - Processing /opt/airflow/dags/parallel_dag.py took 0.482 seconds
[2022-11-04 09:55:23,303] {processor.py:153} INFO - Started process (PID=335) to work on /opt/airflow/dags/parallel_dag.py
[2022-11-04 09:55:23,309] {processor.py:641} INFO - Processing file /opt/airflow/dags/parallel_dag.py for tasks to queue
[2022-11-04 09:55:23,312] {logging_mixin.py:115} INFO - [2022-11-04 09:55:23,312] {dagbag.py:507} INFO - Filling up the DagBag from /opt/airflow/dags/parallel_dag.py
[2022-11-04 09:55:23,349] {processor.py:651} INFO - DAG(s) dict_keys(['parallel_dag']) retrieved from /opt/airflow/dags/parallel_dag.py
[2022-11-04 09:55:23,390] {logging_mixin.py:115} INFO - [2022-11-04 09:55:23,390] {dag.py:2371} INFO - Sync 1 DAGs
[2022-11-04 09:55:23,667] {logging_mixin.py:115} INFO - [2022-11-04 09:55:23,667] {dag.py:2919} INFO - Setting next_dagrun for parallel_dag to 2022-11-04T00:00:00+00:00, run_after=2022-11-05T00:00:00+00:00
[2022-11-04 09:55:23,690] {processor.py:161} INFO - Processing /opt/airflow/dags/parallel_dag.py took 0.398 seconds
[2022-11-04 09:55:26,806] {processor.py:153} INFO - Started process (PID=336) to work on /opt/airflow/dags/parallel_dag.py
[2022-11-04 09:55:26,808] {processor.py:641} INFO - Processing file /opt/airflow/dags/parallel_dag.py for tasks to queue
[2022-11-04 09:55:26,810] {logging_mixin.py:115} INFO - [2022-11-04 09:55:26,810] {dagbag.py:507} INFO - Filling up the DagBag from /opt/airflow/dags/parallel_dag.py
[2022-11-04 09:55:26,851] {processor.py:651} INFO - DAG(s) dict_keys(['parallel_dag']) retrieved from /opt/airflow/dags/parallel_dag.py
[2022-11-04 09:55:26,897] {logging_mixin.py:115} INFO - [2022-11-04 09:55:26,897] {dag.py:2371} INFO - Sync 1 DAGs
[2022-11-04 09:55:27,109] {logging_mixin.py:115} INFO - [2022-11-04 09:55:27,109] {dag.py:2919} INFO - Setting next_dagrun for parallel_dag to 2022-11-04T00:00:00+00:00, run_after=2022-11-05T00:00:00+00:00
[2022-11-04 09:55:27,131] {processor.py:161} INFO - Processing /opt/airflow/dags/parallel_dag.py took 0.329 seconds
[2022-11-04 09:55:28,201] {processor.py:153} INFO - Started process (PID=346) to work on /opt/airflow/dags/parallel_dag.py
[2022-11-04 09:55:28,216] {processor.py:641} INFO - Processing file /opt/airflow/dags/parallel_dag.py for tasks to queue
[2022-11-04 09:55:28,225] {logging_mixin.py:115} INFO - [2022-11-04 09:55:28,225] {dagbag.py:507} INFO - Filling up the DagBag from /opt/airflow/dags/parallel_dag.py
[2022-11-04 09:55:28,262] {processor.py:651} INFO - DAG(s) dict_keys(['parallel_dag']) retrieved from /opt/airflow/dags/parallel_dag.py
[2022-11-04 09:55:28,312] {logging_mixin.py:115} INFO - [2022-11-04 09:55:28,312] {dag.py:2371} INFO - Sync 1 DAGs
[2022-11-04 09:55:28,588] {logging_mixin.py:115} INFO - [2022-11-04 09:55:28,588] {dag.py:2919} INFO - Setting next_dagrun for parallel_dag to 2022-11-04T00:00:00+00:00, run_after=2022-11-05T00:00:00+00:00
[2022-11-04 09:55:28,602] {processor.py:161} INFO - Processing /opt/airflow/dags/parallel_dag.py took 0.408 seconds
