[2022-11-04 12:21:18,107] {taskinstance.py:1159} INFO - Dependencies all met for <TaskInstance: xcom_dag.t2 manual__2022-11-04T12:21:13.527934+00:00 [queued]>
[2022-11-04 12:21:18,155] {taskinstance.py:1159} INFO - Dependencies all met for <TaskInstance: xcom_dag.t2 manual__2022-11-04T12:21:13.527934+00:00 [queued]>
[2022-11-04 12:21:18,164] {taskinstance.py:1356} INFO - 
--------------------------------------------------------------------------------
[2022-11-04 12:21:18,184] {taskinstance.py:1357} INFO - Starting attempt 1 of 1
[2022-11-04 12:21:18,193] {taskinstance.py:1358} INFO - 
--------------------------------------------------------------------------------
[2022-11-04 12:21:18,209] {taskinstance.py:1377} INFO - Executing <Task(PythonOperator): t2> on 2022-11-04 12:21:13.527934+00:00
[2022-11-04 12:21:18,218] {standard_task_runner.py:52} INFO - Started process 2572 to run task
[2022-11-04 12:21:18,222] {standard_task_runner.py:79} INFO - Running: ['***', 'tasks', 'run', 'xcom_dag', 't2', 'manual__2022-11-04T12:21:13.527934+00:00', '--job-id', '46', '--raw', '--subdir', 'DAGS_FOLDER/xcom_dag.py', '--cfg-path', '/tmp/tmpfbux4uxg', '--error-file', '/tmp/tmpw3sce9xx']
[2022-11-04 12:21:18,229] {standard_task_runner.py:80} INFO - Job 46: Subtask t2
[2022-11-04 12:21:18,355] {task_command.py:369} INFO - Running <TaskInstance: xcom_dag.t2 manual__2022-11-04T12:21:13.527934+00:00 [running]> on host 0636e12a55b7
[2022-11-04 12:21:18,471] {taskinstance.py:1571} INFO - Exporting the following env vars:
AIRFLOW_CTX_DAG_OWNER=***
AIRFLOW_CTX_DAG_ID=xcom_dag
AIRFLOW_CTX_TASK_ID=t2
AIRFLOW_CTX_EXECUTION_DATE=2022-11-04T12:21:13.527934+00:00
AIRFLOW_CTX_TRY_NUMBER=1
AIRFLOW_CTX_DAG_RUN_ID=manual__2022-11-04T12:21:13.527934+00:00
[2022-11-04 12:21:18,507] {logging_mixin.py:115} INFO - 42
[2022-11-04 12:21:18,511] {python.py:173} INFO - Done. Returned value was: None
[2022-11-04 12:21:18,523] {taskinstance.py:1400} INFO - Marking task as SUCCESS. dag_id=xcom_dag, task_id=t2, execution_date=20221104T122113, start_date=20221104T122118, end_date=20221104T122118
[2022-11-04 12:21:18,564] {local_task_job.py:156} INFO - Task exited with return code 0
[2022-11-04 12:21:18,660] {local_task_job.py:273} INFO - 0 downstream tasks scheduled from follow-on schedule check
