[2022-11-04 12:21:15,442] {taskinstance.py:1159} INFO - Dependencies all met for <TaskInstance: xcom_dag.branch manual__2022-11-04T12:21:13.527934+00:00 [queued]>
[2022-11-04 12:21:15,457] {taskinstance.py:1159} INFO - Dependencies all met for <TaskInstance: xcom_dag.branch manual__2022-11-04T12:21:13.527934+00:00 [queued]>
[2022-11-04 12:21:15,471] {taskinstance.py:1356} INFO - 
--------------------------------------------------------------------------------
[2022-11-04 12:21:15,483] {taskinstance.py:1357} INFO - Starting attempt 1 of 1
[2022-11-04 12:21:15,495] {taskinstance.py:1358} INFO - 
--------------------------------------------------------------------------------
[2022-11-04 12:21:15,657] {taskinstance.py:1377} INFO - Executing <Task(BranchPythonOperator): branch> on 2022-11-04 12:21:13.527934+00:00
[2022-11-04 12:21:15,920] {standard_task_runner.py:52} INFO - Started process 2570 to run task
[2022-11-04 12:21:15,952] {standard_task_runner.py:79} INFO - Running: ['***', 'tasks', 'run', 'xcom_dag', 'branch', 'manual__2022-11-04T12:21:13.527934+00:00', '--job-id', '45', '--raw', '--subdir', 'DAGS_FOLDER/xcom_dag.py', '--cfg-path', '/tmp/tmpjumuz04z', '--error-file', '/tmp/tmpoz09a5ne']
[2022-11-04 12:21:15,960] {standard_task_runner.py:80} INFO - Job 45: Subtask branch
[2022-11-04 12:21:16,133] {task_command.py:369} INFO - Running <TaskInstance: xcom_dag.branch manual__2022-11-04T12:21:13.527934+00:00 [running]> on host 0636e12a55b7
[2022-11-04 12:21:16,242] {taskinstance.py:1571} INFO - Exporting the following env vars:
AIRFLOW_CTX_DAG_OWNER=***
AIRFLOW_CTX_DAG_ID=xcom_dag
AIRFLOW_CTX_TASK_ID=branch
AIRFLOW_CTX_EXECUTION_DATE=2022-11-04T12:21:13.527934+00:00
AIRFLOW_CTX_TRY_NUMBER=1
AIRFLOW_CTX_DAG_RUN_ID=manual__2022-11-04T12:21:13.527934+00:00
[2022-11-04 12:21:16,262] {python.py:173} INFO - Done. Returned value was: t2
[2022-11-04 12:21:16,271] {skipmixin.py:140} INFO - Following branch t2
[2022-11-04 12:21:16,285] {skipmixin.py:175} INFO - Skipping tasks ['t3']
[2022-11-04 12:21:16,701] {taskinstance.py:1400} INFO - Marking task as SUCCESS. dag_id=xcom_dag, task_id=branch, execution_date=20221104T122113, start_date=20221104T122115, end_date=20221104T122116
[2022-11-04 12:21:16,805] {local_task_job.py:156} INFO - Task exited with return code 0
[2022-11-04 12:21:17,074] {local_task_job.py:273} INFO - 1 downstream tasks scheduled from follow-on schedule check
