[2022-11-03 18:16:35,006] {taskinstance.py:1159} INFO - Dependencies all met for <TaskInstance: user_processing.extract_user scheduled__2022-11-02T00:00:00+00:00 [queued]>
[2022-11-03 18:16:35,015] {taskinstance.py:1159} INFO - Dependencies all met for <TaskInstance: user_processing.extract_user scheduled__2022-11-02T00:00:00+00:00 [queued]>
[2022-11-03 18:16:35,017] {taskinstance.py:1356} INFO - 
--------------------------------------------------------------------------------
[2022-11-03 18:16:35,018] {taskinstance.py:1357} INFO - Starting attempt 1 of 1
[2022-11-03 18:16:35,019] {taskinstance.py:1358} INFO - 
--------------------------------------------------------------------------------
[2022-11-03 18:16:35,030] {taskinstance.py:1377} INFO - Executing <Task(SimpleHttpOperator): extract_user> on 2022-11-02 00:00:00+00:00
[2022-11-03 18:16:35,036] {standard_task_runner.py:52} INFO - Started process 68972 to run task
[2022-11-03 18:16:35,042] {standard_task_runner.py:79} INFO - Running: ['***', 'tasks', 'run', 'user_processing', 'extract_user', 'scheduled__2022-11-02T00:00:00+00:00', '--job-id', '15', '--raw', '--subdir', 'DAGS_FOLDER/user_processing.py', '--cfg-path', '/tmp/tmpaiczi8g2', '--error-file', '/tmp/tmpz367n3ek']
[2022-11-03 18:16:35,061] {standard_task_runner.py:80} INFO - Job 15: Subtask extract_user
[2022-11-03 18:16:35,124] {task_command.py:369} INFO - Running <TaskInstance: user_processing.extract_user scheduled__2022-11-02T00:00:00+00:00 [running]> on host 601dc51f5629
[2022-11-03 18:16:35,176] {taskinstance.py:1571} INFO - Exporting the following env vars:
AIRFLOW_CTX_DAG_OWNER=***
AIRFLOW_CTX_DAG_ID=user_processing
AIRFLOW_CTX_TASK_ID=extract_user
AIRFLOW_CTX_EXECUTION_DATE=2022-11-02T00:00:00+00:00
AIRFLOW_CTX_TRY_NUMBER=1
AIRFLOW_CTX_DAG_RUN_ID=scheduled__2022-11-02T00:00:00+00:00
[2022-11-03 18:16:35,178] {http.py:102} INFO - Calling HTTP method
[2022-11-03 18:16:35,186] {base.py:68} INFO - Using connection ID 'user_api' for task execution.
[2022-11-03 18:16:35,188] {http.py:129} INFO - Sending 'GET' to url: https://randomuser.me/api/
[2022-11-03 18:16:35,690] {http.py:106} INFO - {"results":[{"gender":"female","name":{"title":"Ms","first":"Heather","last":"Matthews"},"location":{"street":{"number":7920,"name":"Green Lane"},"city":"Leicester","state":"Nottinghamshire","country":"United Kingdom","postcode":"C88 4HA","coordinates":{"latitude":"-5.4975","longitude":"130.3766"},"timezone":{"offset":"+8:00","description":"Beijing, Perth, Singapore, Hong Kong"}},"email":"heather.matthews@example.com","login":{"uuid":"69ddc37b-52d5-4a59-a438-7f98bbda8993","username":"orangeladybug992","password":"cascade","salt":"l1vPwJAr","md5":"6850bc1f1c002b213449022fb2e14266","sha1":"8c690b90f918a03a7aabe91a1c01e34e317c8077","sha256":"9cdb3f5b72f7290332f264478fcd26c0612abbcde1f464abe8f9ab5dfd5aafe0"},"dob":{"date":"1976-08-06T19:34:29.628Z","age":46},"registered":{"date":"2012-11-01T17:27:53.450Z","age":10},"phone":"017683 18773","cell":"07284 934168","id":{"name":"NINO","value":"NR 84 08 70 S"},"picture":{"large":"https://randomuser.me/api/portraits/women/67.jpg","medium":"https://randomuser.me/api/portraits/med/women/67.jpg","thumbnail":"https://randomuser.me/api/portraits/thumb/women/67.jpg"},"nat":"GB"}],"info":{"seed":"8b61282f460cdf29","results":1,"page":1,"version":"1.4"}}
[2022-11-03 18:16:35,721] {taskinstance.py:1400} INFO - Marking task as SUCCESS. dag_id=user_processing, task_id=extract_user, execution_date=20221102T000000, start_date=20221103T181635, end_date=20221103T181635
[2022-11-03 18:16:35,755] {local_task_job.py:156} INFO - Task exited with return code 0
[2022-11-03 18:16:35,827] {local_task_job.py:273} INFO - 1 downstream tasks scheduled from follow-on schedule check
