[2022-11-04 12:15:06,624] {taskinstance.py:1159} INFO - Dependencies all met for <TaskInstance: xcom_dag.t3 manual__2022-11-04T12:15:02.329997+00:00 [queued]>
[2022-11-04 12:15:06,634] {taskinstance.py:1159} INFO - Dependencies all met for <TaskInstance: xcom_dag.t3 manual__2022-11-04T12:15:02.329997+00:00 [queued]>
[2022-11-04 12:15:06,635] {taskinstance.py:1356} INFO - 
--------------------------------------------------------------------------------
[2022-11-04 12:15:06,636] {taskinstance.py:1357} INFO - Starting attempt 1 of 1
[2022-11-04 12:15:06,638] {taskinstance.py:1358} INFO - 
--------------------------------------------------------------------------------
[2022-11-04 12:15:06,649] {taskinstance.py:1377} INFO - Executing <Task(BashOperator): t3> on 2022-11-04 12:15:02.329997+00:00
[2022-11-04 12:15:06,654] {standard_task_runner.py:52} INFO - Started process 2279 to run task
[2022-11-04 12:15:06,657] {standard_task_runner.py:79} INFO - Running: ['***', 'tasks', 'run', 'xcom_dag', 't3', 'manual__2022-11-04T12:15:02.329997+00:00', '--job-id', '43', '--raw', '--subdir', 'DAGS_FOLDER/xcom_dag.py', '--cfg-path', '/tmp/tmpnp7f6je6', '--error-file', '/tmp/tmpd9pq41w5']
[2022-11-04 12:15:06,659] {standard_task_runner.py:80} INFO - Job 43: Subtask t3
[2022-11-04 12:15:06,706] {task_command.py:369} INFO - Running <TaskInstance: xcom_dag.t3 manual__2022-11-04T12:15:02.329997+00:00 [running]> on host 0636e12a55b7
[2022-11-04 12:15:06,757] {taskinstance.py:1571} INFO - Exporting the following env vars:
AIRFLOW_CTX_DAG_OWNER=***
AIRFLOW_CTX_DAG_ID=xcom_dag
AIRFLOW_CTX_TASK_ID=t3
AIRFLOW_CTX_EXECUTION_DATE=2022-11-04T12:15:02.329997+00:00
AIRFLOW_CTX_TRY_NUMBER=1
AIRFLOW_CTX_DAG_RUN_ID=manual__2022-11-04T12:15:02.329997+00:00
[2022-11-04 12:15:06,776] {subprocess.py:62} INFO - Tmp dir root location: 
 /tmp
[2022-11-04 12:15:06,782] {subprocess.py:74} INFO - Running command: ['bash', '-c', "echo ''"]
[2022-11-04 12:15:06,801] {subprocess.py:85} INFO - Output:
[2022-11-04 12:15:06,805] {subprocess.py:92} INFO - 
[2022-11-04 12:15:06,809] {subprocess.py:96} INFO - Command exited with return code 0
[2022-11-04 12:15:06,850] {taskinstance.py:1400} INFO - Marking task as SUCCESS. dag_id=xcom_dag, task_id=t3, execution_date=20221104T121502, start_date=20221104T121506, end_date=20221104T121506
[2022-11-04 12:15:06,873] {local_task_job.py:156} INFO - Task exited with return code 0
[2022-11-04 12:15:06,907] {local_task_job.py:273} INFO - 0 downstream tasks scheduled from follow-on schedule check
