[2022-11-04 12:15:05,838] {taskinstance.py:1159} INFO - Dependencies all met for <TaskInstance: xcom_dag.t2 manual__2022-11-04T12:15:02.329997+00:00 [queued]>
[2022-11-04 12:15:05,848] {taskinstance.py:1159} INFO - Dependencies all met for <TaskInstance: xcom_dag.t2 manual__2022-11-04T12:15:02.329997+00:00 [queued]>
[2022-11-04 12:15:05,849] {taskinstance.py:1356} INFO - 
--------------------------------------------------------------------------------
[2022-11-04 12:15:05,850] {taskinstance.py:1357} INFO - Starting attempt 1 of 1
[2022-11-04 12:15:05,852] {taskinstance.py:1358} INFO - 
--------------------------------------------------------------------------------
[2022-11-04 12:15:05,864] {taskinstance.py:1377} INFO - Executing <Task(PythonOperator): t2> on 2022-11-04 12:15:02.329997+00:00
[2022-11-04 12:15:05,870] {standard_task_runner.py:52} INFO - Started process 2277 to run task
[2022-11-04 12:15:05,873] {standard_task_runner.py:79} INFO - Running: ['***', 'tasks', 'run', 'xcom_dag', 't2', 'manual__2022-11-04T12:15:02.329997+00:00', '--job-id', '42', '--raw', '--subdir', 'DAGS_FOLDER/xcom_dag.py', '--cfg-path', '/tmp/tmpr9n5zkoe', '--error-file', '/tmp/tmp4u2o68_h']
[2022-11-04 12:15:05,874] {standard_task_runner.py:80} INFO - Job 42: Subtask t2
[2022-11-04 12:15:05,939] {task_command.py:369} INFO - Running <TaskInstance: xcom_dag.t2 manual__2022-11-04T12:15:02.329997+00:00 [running]> on host 0636e12a55b7
[2022-11-04 12:15:06,000] {taskinstance.py:1571} INFO - Exporting the following env vars:
AIRFLOW_CTX_DAG_OWNER=***
AIRFLOW_CTX_DAG_ID=xcom_dag
AIRFLOW_CTX_TASK_ID=t2
AIRFLOW_CTX_EXECUTION_DATE=2022-11-04T12:15:02.329997+00:00
AIRFLOW_CTX_TRY_NUMBER=1
AIRFLOW_CTX_DAG_RUN_ID=manual__2022-11-04T12:15:02.329997+00:00
[2022-11-04 12:15:06,016] {logging_mixin.py:115} INFO - 42
[2022-11-04 12:15:06,018] {python.py:173} INFO - Done. Returned value was: None
[2022-11-04 12:15:06,029] {taskinstance.py:1400} INFO - Marking task as SUCCESS. dag_id=xcom_dag, task_id=t2, execution_date=20221104T121502, start_date=20221104T121505, end_date=20221104T121506
[2022-11-04 12:15:06,048] {local_task_job.py:156} INFO - Task exited with return code 0
[2022-11-04 12:15:06,083] {local_task_job.py:273} INFO - 1 downstream tasks scheduled from follow-on schedule check
