[2022-10-31 19:14:37,917] {taskinstance.py:1159} INFO - Dependencies all met for <TaskInstance: user_processing.extract_user scheduled__2022-10-30T00:00:00+00:00 [queued]>
[2022-10-31 19:14:38,007] {taskinstance.py:1159} INFO - Dependencies all met for <TaskInstance: user_processing.extract_user scheduled__2022-10-30T00:00:00+00:00 [queued]>
[2022-10-31 19:14:38,011] {taskinstance.py:1356} INFO - 
--------------------------------------------------------------------------------
[2022-10-31 19:14:38,014] {taskinstance.py:1357} INFO - Starting attempt 1 of 1
[2022-10-31 19:14:38,015] {taskinstance.py:1358} INFO - 
--------------------------------------------------------------------------------
[2022-10-31 19:14:38,077] {taskinstance.py:1377} INFO - Executing <Task(SimpleHttpOperator): extract_user> on 2022-10-30 00:00:00+00:00
[2022-10-31 19:14:38,094] {standard_task_runner.py:52} INFO - Started process 13126 to run task
[2022-10-31 19:14:38,166] {standard_task_runner.py:79} INFO - Running: ['***', 'tasks', 'run', 'user_processing', 'extract_user', 'scheduled__2022-10-30T00:00:00+00:00', '--job-id', '12', '--raw', '--subdir', 'DAGS_FOLDER/user_processing.py', '--cfg-path', '/tmp/tmpaafs0lya', '--error-file', '/tmp/tmpw5mzfohd']
[2022-10-31 19:14:38,171] {standard_task_runner.py:80} INFO - Job 12: Subtask extract_user
[2022-10-31 19:14:38,421] {task_command.py:369} INFO - Running <TaskInstance: user_processing.extract_user scheduled__2022-10-30T00:00:00+00:00 [running]> on host 601dc51f5629
[2022-10-31 19:14:38,573] {taskinstance.py:1571} INFO - Exporting the following env vars:
AIRFLOW_CTX_DAG_OWNER=***
AIRFLOW_CTX_DAG_ID=user_processing
AIRFLOW_CTX_TASK_ID=extract_user
AIRFLOW_CTX_EXECUTION_DATE=2022-10-30T00:00:00+00:00
AIRFLOW_CTX_TRY_NUMBER=1
AIRFLOW_CTX_DAG_RUN_ID=scheduled__2022-10-30T00:00:00+00:00
[2022-10-31 19:14:38,581] {http.py:102} INFO - Calling HTTP method
[2022-10-31 19:14:38,612] {base.py:68} INFO - Using connection ID 'user_api' for task execution.
[2022-10-31 19:14:38,635] {http.py:129} INFO - Sending 'GET' to url: https://randomuser.me/api/
[2022-10-31 19:14:39,281] {http.py:106} INFO - {"results":[{"gender":"female","name":{"title":"Miss","first":"Patsy","last":"Dixon"},"location":{"street":{"number":7984,"name":"W 6th St"},"city":"Brisbane","state":"South Australia","country":"Australia","postcode":6711,"coordinates":{"latitude":"-87.0673","longitude":"137.7067"},"timezone":{"offset":"-9:00","description":"Alaska"}},"email":"patsy.dixon@example.com","login":{"uuid":"c302cd38-7b3a-4e94-95de-205241837411","username":"tinydog100","password":"surfing","salt":"RmO6Lpgt","md5":"f14fcdcf4db18c15e1d46f3920cb7e3d","sha1":"b2904ed3aab581024181c23b102f695f93777f29","sha256":"861bf8dfe4d8c6bb1d49665e0a809bc13f04c5523346a9ae0bde0da85083a838"},"dob":{"date":"1964-01-09T12:50:28.521Z","age":58},"registered":{"date":"2005-02-07T05:26:27.945Z","age":17},"phone":"00-5242-0011","cell":"0483-667-607","id":{"name":"TFN","value":"350004464"},"picture":{"large":"https://randomuser.me/api/portraits/women/27.jpg","medium":"https://randomuser.me/api/portraits/med/women/27.jpg","thumbnail":"https://randomuser.me/api/portraits/thumb/women/27.jpg"},"nat":"AU"}],"info":{"seed":"a0113d2070f6a37c","results":1,"page":1,"version":"1.4"}}
[2022-10-31 19:14:39,307] {taskinstance.py:1400} INFO - Marking task as SUCCESS. dag_id=user_processing, task_id=extract_user, execution_date=20221030T000000, start_date=20221031T191437, end_date=20221031T191439
[2022-10-31 19:14:39,358] {local_task_job.py:156} INFO - Task exited with return code 0
[2022-10-31 19:14:39,383] {local_task_job.py:273} INFO - 0 downstream tasks scheduled from follow-on schedule check
