[2022-11-04 09:44:47,151] {taskinstance.py:1159} INFO - Dependencies all met for <TaskInstance: parallel_dag.load_a scheduled__2022-11-03T00:00:00+00:00 [queued]>
[2022-11-04 09:44:47,234] {taskinstance.py:1159} INFO - Dependencies all met for <TaskInstance: parallel_dag.load_a scheduled__2022-11-03T00:00:00+00:00 [queued]>
[2022-11-04 09:44:47,250] {taskinstance.py:1356} INFO - 
--------------------------------------------------------------------------------
[2022-11-04 09:44:47,253] {taskinstance.py:1357} INFO - Starting attempt 1 of 1
[2022-11-04 09:44:47,255] {taskinstance.py:1358} INFO - 
--------------------------------------------------------------------------------
[2022-11-04 09:44:47,376] {taskinstance.py:1377} INFO - Executing <Task(BashOperator): load_a> on 2022-11-03 00:00:00+00:00
[2022-11-04 09:44:47,405] {standard_task_runner.py:52} INFO - Started process 171 to run task
[2022-11-04 09:44:47,476] {standard_task_runner.py:79} INFO - Running: ['***', 'tasks', 'run', 'parallel_dag', 'load_a', 'scheduled__2022-11-03T00:00:00+00:00', '--job-id', '28', '--raw', '--subdir', 'DAGS_FOLDER/parallel_dag.py', '--cfg-path', '/tmp/tmp8fnq73u6', '--error-file', '/tmp/tmpw91s1qi9']
[2022-11-04 09:44:47,483] {standard_task_runner.py:80} INFO - Job 28: Subtask load_a
[2022-11-04 09:44:48,487] {task_command.py:369} INFO - Running <TaskInstance: parallel_dag.load_a scheduled__2022-11-03T00:00:00+00:00 [running]> on host 0f583a6e731e
[2022-11-04 09:44:50,429] {taskinstance.py:1571} INFO - Exporting the following env vars:
AIRFLOW_CTX_DAG_OWNER=***
AIRFLOW_CTX_DAG_ID=parallel_dag
AIRFLOW_CTX_TASK_ID=load_a
AIRFLOW_CTX_EXECUTION_DATE=2022-11-03T00:00:00+00:00
AIRFLOW_CTX_TRY_NUMBER=1
AIRFLOW_CTX_DAG_RUN_ID=scheduled__2022-11-03T00:00:00+00:00
[2022-11-04 09:44:50,456] {subprocess.py:62} INFO - Tmp dir root location: 
 /tmp
[2022-11-04 09:44:50,470] {subprocess.py:74} INFO - Running command: ['bash', '-c', 'sleep 1']
[2022-11-04 09:44:50,627] {subprocess.py:85} INFO - Output:
[2022-11-04 09:44:51,638] {subprocess.py:96} INFO - Command exited with return code 0
[2022-11-04 09:44:51,688] {taskinstance.py:1400} INFO - Marking task as SUCCESS. dag_id=parallel_dag, task_id=load_a, execution_date=20221103T000000, start_date=20221104T094447, end_date=20221104T094451
[2022-11-04 09:44:51,754] {local_task_job.py:156} INFO - Task exited with return code 0
[2022-11-04 09:44:51,821] {local_task_job.py:273} INFO - 1 downstream tasks scheduled from follow-on schedule check
