[2022-11-04 09:44:47,085] {taskinstance.py:1159} INFO - Dependencies all met for <TaskInstance: parallel_dag.load_b scheduled__2022-11-03T00:00:00+00:00 [queued]>
[2022-11-04 09:44:47,109] {taskinstance.py:1159} INFO - Dependencies all met for <TaskInstance: parallel_dag.load_b scheduled__2022-11-03T00:00:00+00:00 [queued]>
[2022-11-04 09:44:47,110] {taskinstance.py:1356} INFO - 
--------------------------------------------------------------------------------
[2022-11-04 09:44:47,112] {taskinstance.py:1357} INFO - Starting attempt 1 of 1
[2022-11-04 09:44:47,114] {taskinstance.py:1358} INFO - 
--------------------------------------------------------------------------------
[2022-11-04 09:44:47,130] {taskinstance.py:1377} INFO - Executing <Task(BashOperator): load_b> on 2022-11-03 00:00:00+00:00
[2022-11-04 09:44:47,137] {standard_task_runner.py:52} INFO - Started process 169 to run task
[2022-11-04 09:44:47,156] {standard_task_runner.py:79} INFO - Running: ['***', 'tasks', 'run', 'parallel_dag', 'load_b', 'scheduled__2022-11-03T00:00:00+00:00', '--job-id', '27', '--raw', '--subdir', 'DAGS_FOLDER/parallel_dag.py', '--cfg-path', '/tmp/tmp0dda9vma', '--error-file', '/tmp/tmpxzrrztc2']
[2022-11-04 09:44:47,171] {standard_task_runner.py:80} INFO - Job 27: Subtask load_b
[2022-11-04 09:44:47,437] {task_command.py:369} INFO - Running <TaskInstance: parallel_dag.load_b scheduled__2022-11-03T00:00:00+00:00 [running]> on host 0f583a6e731e
[2022-11-04 09:44:47,977] {taskinstance.py:1571} INFO - Exporting the following env vars:
AIRFLOW_CTX_DAG_OWNER=***
AIRFLOW_CTX_DAG_ID=parallel_dag
AIRFLOW_CTX_TASK_ID=load_b
AIRFLOW_CTX_EXECUTION_DATE=2022-11-03T00:00:00+00:00
AIRFLOW_CTX_TRY_NUMBER=1
AIRFLOW_CTX_DAG_RUN_ID=scheduled__2022-11-03T00:00:00+00:00
[2022-11-04 09:44:47,996] {subprocess.py:62} INFO - Tmp dir root location: 
 /tmp
[2022-11-04 09:44:48,164] {subprocess.py:74} INFO - Running command: ['bash', '-c', 'sleep 1']
[2022-11-04 09:44:50,345] {subprocess.py:85} INFO - Output:
[2022-11-04 09:44:51,344] {subprocess.py:96} INFO - Command exited with return code 0
[2022-11-04 09:44:51,401] {taskinstance.py:1400} INFO - Marking task as SUCCESS. dag_id=parallel_dag, task_id=load_b, execution_date=20221103T000000, start_date=20221104T094447, end_date=20221104T094451
[2022-11-04 09:44:51,481] {local_task_job.py:156} INFO - Task exited with return code 0
[2022-11-04 09:44:51,551] {local_task_job.py:273} INFO - 0 downstream tasks scheduled from follow-on schedule check
