[2022-11-04 09:44:44,346] {taskinstance.py:1159} INFO - Dependencies all met for <TaskInstance: parallel_dag.extract_a scheduled__2022-11-03T00:00:00+00:00 [queued]>
[2022-11-04 09:44:44,353] {taskinstance.py:1159} INFO - Dependencies all met for <TaskInstance: parallel_dag.extract_a scheduled__2022-11-03T00:00:00+00:00 [queued]>
[2022-11-04 09:44:44,354] {taskinstance.py:1356} INFO - 
--------------------------------------------------------------------------------
[2022-11-04 09:44:44,355] {taskinstance.py:1357} INFO - Starting attempt 1 of 1
[2022-11-04 09:44:44,356] {taskinstance.py:1358} INFO - 
--------------------------------------------------------------------------------
[2022-11-04 09:44:44,384] {taskinstance.py:1377} INFO - Executing <Task(BashOperator): extract_a> on 2022-11-03 00:00:00+00:00
[2022-11-04 09:44:44,390] {standard_task_runner.py:52} INFO - Started process 161 to run task
[2022-11-04 09:44:44,393] {standard_task_runner.py:79} INFO - Running: ['***', 'tasks', 'run', 'parallel_dag', 'extract_a', 'scheduled__2022-11-03T00:00:00+00:00', '--job-id', '24', '--raw', '--subdir', 'DAGS_FOLDER/parallel_dag.py', '--cfg-path', '/tmp/tmp97qnpthk', '--error-file', '/tmp/tmp49i3lkad']
[2022-11-04 09:44:44,395] {standard_task_runner.py:80} INFO - Job 24: Subtask extract_a
[2022-11-04 09:44:44,444] {task_command.py:369} INFO - Running <TaskInstance: parallel_dag.extract_a scheduled__2022-11-03T00:00:00+00:00 [running]> on host 0f583a6e731e
[2022-11-04 09:44:44,498] {taskinstance.py:1571} INFO - Exporting the following env vars:
AIRFLOW_CTX_DAG_OWNER=***
AIRFLOW_CTX_DAG_ID=parallel_dag
AIRFLOW_CTX_TASK_ID=extract_a
AIRFLOW_CTX_EXECUTION_DATE=2022-11-03T00:00:00+00:00
AIRFLOW_CTX_TRY_NUMBER=1
AIRFLOW_CTX_DAG_RUN_ID=scheduled__2022-11-03T00:00:00+00:00
[2022-11-04 09:44:44,500] {subprocess.py:62} INFO - Tmp dir root location: 
 /tmp
[2022-11-04 09:44:44,502] {subprocess.py:74} INFO - Running command: ['bash', '-c', 'sleep 1']
[2022-11-04 09:44:44,529] {subprocess.py:85} INFO - Output:
[2022-11-04 09:44:45,562] {subprocess.py:96} INFO - Command exited with return code 0
[2022-11-04 09:44:45,615] {taskinstance.py:1400} INFO - Marking task as SUCCESS. dag_id=parallel_dag, task_id=extract_a, execution_date=20221103T000000, start_date=20221104T094444, end_date=20221104T094445
[2022-11-04 09:44:45,687] {local_task_job.py:156} INFO - Task exited with return code 0
[2022-11-04 09:44:45,754] {local_task_job.py:273} INFO - 1 downstream tasks scheduled from follow-on schedule check
