[2022-11-04 09:44:47,314] {taskinstance.py:1159} INFO - Dependencies all met for <TaskInstance: parallel_dag.extract_b manual__2022-11-04T09:44:45.642605+00:00 [queued]>
[2022-11-04 09:44:47,348] {taskinstance.py:1159} INFO - Dependencies all met for <TaskInstance: parallel_dag.extract_b manual__2022-11-04T09:44:45.642605+00:00 [queued]>
[2022-11-04 09:44:47,352] {taskinstance.py:1356} INFO - 
--------------------------------------------------------------------------------
[2022-11-04 09:44:47,365] {taskinstance.py:1357} INFO - Starting attempt 1 of 1
[2022-11-04 09:44:47,370] {taskinstance.py:1358} INFO - 
--------------------------------------------------------------------------------
[2022-11-04 09:44:47,500] {taskinstance.py:1377} INFO - Executing <Task(BashOperator): extract_b> on 2022-11-04 09:44:45.642605+00:00
[2022-11-04 09:44:47,586] {standard_task_runner.py:52} INFO - Started process 172 to run task
[2022-11-04 09:44:47,708] {standard_task_runner.py:79} INFO - Running: ['***', 'tasks', 'run', 'parallel_dag', 'extract_b', 'manual__2022-11-04T09:44:45.642605+00:00', '--job-id', '29', '--raw', '--subdir', 'DAGS_FOLDER/parallel_dag.py', '--cfg-path', '/tmp/tmp4iueof38', '--error-file', '/tmp/tmpgqhbq2ub']
[2022-11-04 09:44:47,728] {standard_task_runner.py:80} INFO - Job 29: Subtask extract_b
[2022-11-04 09:44:50,601] {task_command.py:369} INFO - Running <TaskInstance: parallel_dag.extract_b manual__2022-11-04T09:44:45.642605+00:00 [running]> on host 0f583a6e731e
[2022-11-04 09:44:50,840] {taskinstance.py:1571} INFO - Exporting the following env vars:
AIRFLOW_CTX_DAG_OWNER=***
AIRFLOW_CTX_DAG_ID=parallel_dag
AIRFLOW_CTX_TASK_ID=extract_b
AIRFLOW_CTX_EXECUTION_DATE=2022-11-04T09:44:45.642605+00:00
AIRFLOW_CTX_TRY_NUMBER=1
AIRFLOW_CTX_DAG_RUN_ID=manual__2022-11-04T09:44:45.642605+00:00
[2022-11-04 09:44:50,843] {subprocess.py:62} INFO - Tmp dir root location: 
 /tmp
[2022-11-04 09:44:50,846] {subprocess.py:74} INFO - Running command: ['bash', '-c', 'sleep 1']
[2022-11-04 09:44:50,872] {subprocess.py:85} INFO - Output:
[2022-11-04 09:44:51,879] {subprocess.py:96} INFO - Command exited with return code 0
[2022-11-04 09:44:51,984] {taskinstance.py:1400} INFO - Marking task as SUCCESS. dag_id=parallel_dag, task_id=extract_b, execution_date=20221104T094445, start_date=20221104T094447, end_date=20221104T094451
[2022-11-04 09:44:52,037] {local_task_job.py:156} INFO - Task exited with return code 0
[2022-11-04 09:44:52,084] {local_task_job.py:273} INFO - 1 downstream tasks scheduled from follow-on schedule check
