[2022-11-04 09:44:44,391] {taskinstance.py:1159} INFO - Dependencies all met for <TaskInstance: parallel_dag.extract_b scheduled__2022-11-03T00:00:00+00:00 [queued]>
[2022-11-04 09:44:44,400] {taskinstance.py:1159} INFO - Dependencies all met for <TaskInstance: parallel_dag.extract_b scheduled__2022-11-03T00:00:00+00:00 [queued]>
[2022-11-04 09:44:44,401] {taskinstance.py:1356} INFO - 
--------------------------------------------------------------------------------
[2022-11-04 09:44:44,402] {taskinstance.py:1357} INFO - Starting attempt 1 of 1
[2022-11-04 09:44:44,403] {taskinstance.py:1358} INFO - 
--------------------------------------------------------------------------------
[2022-11-04 09:44:44,414] {taskinstance.py:1377} INFO - Executing <Task(BashOperator): extract_b> on 2022-11-03 00:00:00+00:00
[2022-11-04 09:44:44,419] {standard_task_runner.py:52} INFO - Started process 162 to run task
[2022-11-04 09:44:44,423] {standard_task_runner.py:79} INFO - Running: ['***', 'tasks', 'run', 'parallel_dag', 'extract_b', 'scheduled__2022-11-03T00:00:00+00:00', '--job-id', '25', '--raw', '--subdir', 'DAGS_FOLDER/parallel_dag.py', '--cfg-path', '/tmp/tmp93jjzihr', '--error-file', '/tmp/tmpv38rkg4u']
[2022-11-04 09:44:44,424] {standard_task_runner.py:80} INFO - Job 25: Subtask extract_b
[2022-11-04 09:44:44,471] {task_command.py:369} INFO - Running <TaskInstance: parallel_dag.extract_b scheduled__2022-11-03T00:00:00+00:00 [running]> on host 0f583a6e731e
[2022-11-04 09:44:44,525] {taskinstance.py:1571} INFO - Exporting the following env vars:
AIRFLOW_CTX_DAG_OWNER=***
AIRFLOW_CTX_DAG_ID=parallel_dag
AIRFLOW_CTX_TASK_ID=extract_b
AIRFLOW_CTX_EXECUTION_DATE=2022-11-03T00:00:00+00:00
AIRFLOW_CTX_TRY_NUMBER=1
AIRFLOW_CTX_DAG_RUN_ID=scheduled__2022-11-03T00:00:00+00:00
[2022-11-04 09:44:44,527] {subprocess.py:62} INFO - Tmp dir root location: 
 /tmp
[2022-11-04 09:44:44,530] {subprocess.py:74} INFO - Running command: ['bash', '-c', 'sleep 1']
[2022-11-04 09:44:44,553] {subprocess.py:85} INFO - Output:
[2022-11-04 09:44:45,565] {subprocess.py:96} INFO - Command exited with return code 0
[2022-11-04 09:44:45,639] {taskinstance.py:1400} INFO - Marking task as SUCCESS. dag_id=parallel_dag, task_id=extract_b, execution_date=20221103T000000, start_date=20221104T094444, end_date=20221104T094445
[2022-11-04 09:44:45,686] {local_task_job.py:156} INFO - Task exited with return code 0
[2022-11-04 09:44:45,781] {local_task_job.py:273} INFO - 1 downstream tasks scheduled from follow-on schedule check
