[2022-11-04 09:44:47,088] {taskinstance.py:1159} INFO - Dependencies all met for <TaskInstance: parallel_dag.extract_a manual__2022-11-04T09:44:45.642605+00:00 [queued]>
[2022-11-04 09:44:47,109] {taskinstance.py:1159} INFO - Dependencies all met for <TaskInstance: parallel_dag.extract_a manual__2022-11-04T09:44:45.642605+00:00 [queued]>
[2022-11-04 09:44:47,112] {taskinstance.py:1356} INFO - 
--------------------------------------------------------------------------------
[2022-11-04 09:44:47,114] {taskinstance.py:1357} INFO - Starting attempt 1 of 1
[2022-11-04 09:44:47,116] {taskinstance.py:1358} INFO - 
--------------------------------------------------------------------------------
[2022-11-04 09:44:47,155] {taskinstance.py:1377} INFO - Executing <Task(BashOperator): extract_a> on 2022-11-04 09:44:45.642605+00:00
[2022-11-04 09:44:47,244] {standard_task_runner.py:52} INFO - Started process 170 to run task
[2022-11-04 09:44:47,320] {standard_task_runner.py:79} INFO - Running: ['***', 'tasks', 'run', 'parallel_dag', 'extract_a', 'manual__2022-11-04T09:44:45.642605+00:00', '--job-id', '26', '--raw', '--subdir', 'DAGS_FOLDER/parallel_dag.py', '--cfg-path', '/tmp/tmpo829gpj3', '--error-file', '/tmp/tmpm2fwta5q']
[2022-11-04 09:44:47,330] {standard_task_runner.py:80} INFO - Job 26: Subtask extract_a
[2022-11-04 09:44:47,793] {task_command.py:369} INFO - Running <TaskInstance: parallel_dag.extract_a manual__2022-11-04T09:44:45.642605+00:00 [running]> on host 0f583a6e731e
[2022-11-04 09:44:50,416] {taskinstance.py:1571} INFO - Exporting the following env vars:
AIRFLOW_CTX_DAG_OWNER=***
AIRFLOW_CTX_DAG_ID=parallel_dag
AIRFLOW_CTX_TASK_ID=extract_a
AIRFLOW_CTX_EXECUTION_DATE=2022-11-04T09:44:45.642605+00:00
AIRFLOW_CTX_TRY_NUMBER=1
AIRFLOW_CTX_DAG_RUN_ID=manual__2022-11-04T09:44:45.642605+00:00
[2022-11-04 09:44:50,457] {subprocess.py:62} INFO - Tmp dir root location: 
 /tmp
[2022-11-04 09:44:50,460] {subprocess.py:74} INFO - Running command: ['bash', '-c', 'sleep 1']
[2022-11-04 09:44:50,621] {subprocess.py:85} INFO - Output:
[2022-11-04 09:44:51,637] {subprocess.py:96} INFO - Command exited with return code 0
[2022-11-04 09:44:51,688] {taskinstance.py:1400} INFO - Marking task as SUCCESS. dag_id=parallel_dag, task_id=extract_a, execution_date=20221104T094445, start_date=20221104T094447, end_date=20221104T094451
[2022-11-04 09:44:51,752] {local_task_job.py:156} INFO - Task exited with return code 0
[2022-11-04 09:44:51,837] {local_task_job.py:273} INFO - 1 downstream tasks scheduled from follow-on schedule check
